time,id,type,x,y,z,roll,pitch,yaw,resource,size,color
250,145,e0,627.1057243,339.265114968,0,0,0,0,0,5,yellow
250,180,e0,313.322602176,104.612864768,0,0,0,0,0,5,yellow
250,165,e0,646.834713193,381.159016815,0,0,0,0,0,5,yellow
250,211,e0,481.091445249,217.224573984,0,0,0,0,0,5,yellow
250,8,psm,305.938103982,424.614077066,0,0,0,0,0,10,red
250,205,e0,548.118691203,170.141912396,0,0,0,0,0,5,yellow
250,219,e0,142.199688985,67.9975603299,0,0,0,0,0,5,yellow
250,184,e0,299.302610011,286.352660036,0,0,0,0,0,5,yellow
250,92,food,147.197514264,70.1331554676,0,0,0,0,0,5,green
250,215,e0,794.968856806,253.732756591,0,0,0,0,0,5,yellow
250,63,food,943.894693567,516.774306438,0,0,0,0,0,5,green
250,49,food,661.156126622,221.929993963,0,0,0,0,0,5,green
250,162,e0,140.677590339,192.157837659,0,0,0,0,0,5,yellow
250,174,e0,275.549948485,130.245654625,0,0,0,0,0,5,yellow
250,188,e0,723.358294314,54.3460331728,0,0,0,0,0,5,yellow
250,190,e0,941.897950433,316.312383024,0,0,0,0,0,5,yellow
250,76,food,951.496119613,344.412120528,0,0,0,0,0,5,green
250,18,psm,588.78291175,365.531552235,0,0,0,0,0,10,red
250,121,e0,882.022194844,483.854835625,0,0,0,0,0,5,yellow
250,132,e0,615.58324966,169.425643205,0,0,0,0,0,5,yellow
250,151,e0,495.737795673,356.555138903,0,0,0,0,0,5,yellow
250,108,food,48.4632305078,370.286438343,0,0,0,0,0,5,green
250,197,e0,559.014061804,172.237256797,0,0,0,0,0,5,yellow
250,127,e0,269.878647617,380.043234544,0,0,0,0,0,5,yellow
250,170,e0,420.111018905,400.466915149,0,0,0,0,0,5,yellow
250,135,e0,347.037002247,259.960727812,0,0,0,0,0,5,yellow
250,159,e0,703.585190545,225.648228384,0,0,0,0,0,5,yellow
250,85,food,218.573770278,553.5534266,0,0,0,0,0,5,green
250,66,food,268.446817126,350.523416118,0,0,0,0,0,5,green
250,107,food,367.490550352,65.3579110173,0,0,0,0,0,5,green
250,147,e0,719.807782698,351.397450886,0,0,0,0,0,5,yellow
250,158,e0,281.753580576,233.855216225,0,0,0,0,0,5,yellow
250,39,food,265.459430314,375.788746892,0,0,0,0,0,5,green
250,70,food,503.320803965,171.795684874,0,0,0,0,0,5,green
250,34,food,253.308396995,400.410789549,0,0,0,0,0,5,green
250,100,food,799.287782938,382.647281879,0,0,0,0,0,5,green
250,31,food,111.045496194,67.3125024403,0,0,0,0,0,5,green
250,17,psm,563.115335012,217.150515482,0,0,0,0,0,10,red
250,114,food,808.158693765,302.652395556,0,0,0,0,0,5,green
250,46,food,424.126100001,401.705013573,0,0,0,0,0,5,green
250,172,e0,795.830053138,262.821266461,0,0,0,0,0,5,yellow
250,97,food,969.806482094,420.968183071,0,0,0,0,0,5,green
250,126,e0,811.001059242,80.0238116194,0,0,0,0,0,5,yellow
250,55,food,404.440124889,416.154977448,0,0,0,0,0,5,green
250,83,food,262.580751821,62.9356906835,0,0,0,0,0,5,green
250,88,food,628.842424732,137.696635572,0,0,0,0,0,5,green
250,203,e0,244.648655611,295.56986006,0,0,0,0,0,5,yellow
250,10,psm,100.261658035,295.020280645,0,0,0,0,0,10,red
250,143,e0,386.927145555,441.612093942,0,0,0,0,0,5,yellow
250,198,e0,734.243502642,91.2641680207,0,0,0,0,0,5,yellow
250,3,psm,323.058229596,402.680858887,0,0,0,0,0,10,red
250,41,food,348.054421006,237.239893189,0,0,0,0,0,5,green
250,150,e0,170.137752514,508.708411473,0,0,0,0,0,5,yellow
250,0,psm,774.904572234,404.594294847,0,0,0,0,0,10,red
250,33,food,84.8085710645,280.74497733,0,0,0,0,0,5,green
250,141,e0,484.31269058,506.778783601,0,0,0,0,0,5,yellow
250,61,food,651.885311153,208.268493728,0,0,0,0,0,5,green
250,103,food,114.821116932,388.920066348,0,0,0,0,0,5,green
250,69,food,291.213173894,239.823261515,0,0,0,0,0,5,green
250,140,e0,699.646089049,228.100046527,0,0,0,0,0,5,yellow
250,146,e0,694.329604539,370.684334552,0,0,0,0,0,5,yellow
250,1,psm,508.747583408,260.412610222,0,0,0,0,0,10,red
250,153,e0,599.676742537,58.3621995705,0,0,0,0,0,5,yellow
250,194,e0,180.526392352,478.979747724,0,0,0,0,0,5,yellow
250,71,food,519.526958683,99.5928545414,0,0,0,0,0,5,green
250,168,e0,299.504967897,113.208622328,0,0,0,0,0,5,yellow
250,26,food,154.332657127,143.664940462,0,0,0,0,0,5,green
250,42,food,559.907848192,40.7321314486,0,0,0,0,0,5,green
250,67,food,339.938889968,435.456408776,0,0,0,0,0,5,green
250,38,food,101.879130242,374.184520598,0,0,0,0,0,5,green
250,129,e0,838.163543889,147.593069617,0,0,0,0,0,5,yellow
250,187,e0,334.956426713,493.880658222,0,0,0,0,0,5,yellow
250,80,food,273.277190006,443.49075003,0,0,0,0,0,5,green
250,124,e0,701.892451363,100.852138679,0,0,0,0,0,5,yellow
250,130,e0,925.523737656,107.762455796,0,0,0,0,0,5,yellow
250,138,e0,615.046394372,101.029080856,0,0,0,0,0,5,yellow
250,75,food,847.457254396,500.481498304,0,0,0,0,0,5,green
250,47,food,339.82054357,169.294330333,0,0,0,0,0,5,green
250,16,psm,569.121477703,277.624139917,0,0,0,0,0,10,red
250,45,food,620.143843268,350.037129266,0,0,0,0,0,5,green
250,171,e0,868.949716367,261.31735498,0,0,0,0,0,5,yellow
250,173,e0,904.00545909,349.196782492,0,0,0,0,0,5,yellow
250,20,food,848.895666788,513.254633672,0,0,0,0,0,5,green
250,77,food,731.898980953,72.7369946725,0,0,0,0,0,5,green
250,82,food,465.000290772,390.142500515,0,0,0,0,0,5,green
250,48,food,828.908728457,337.308767167,0,0,0,0,0,5,green
250,156,e0,558.639612103,361.144379624,0,0,0,0,0,5,yellow
250,160,e0,644.345074035,229.683725539,0,0,0,0,0,5,yellow
250,104,food,804.989704245,77.2631554041,0,0,0,0,0,5,green
250,139,e0,896.441217747,80.6070088509,0,0,0,0,0,5,yellow
250,119,food,843.683741449,435.518040127,0,0,0,0,0,5,green
250,136,e0,67.8317696649,95.4149815093,0,0,0,0,0,5,yellow
250,137,e0,547.718006568,428.435064031,0,0,0,0,0,5,yellow
250,169,e0,205.422470702,256.650374796,0,0,0,0,0,5,yellow
250,216,e0,700.078025155,535.205431283,0,0,0,0,0,5,yellow
250,122,e0,751.182958496,420.308483435,0,0,0,0,0,5,yellow
250,142,e0,551.479392568,388.694900633,0,0,0,0,0,5,yellow
250,12,psm,291.074803889,486.574065504,0,0,0,0,0,10,red
250,59,food,406.265353681,94.7058720115,0,0,0,0,0,5,green
250,182,e0,928.485726961,247.119947158,0,0,0,0,0,5,yellow
250,115,food,754.419805744,267.672945184,0,0,0,0,0,5,green
250,144,e0,458.026098399,522.639909877,0,0,0,0,0,5,yellow
250,110,food,488.434100319,489.118825258,0,0,0,0,0,5,green
250,72,food,424.955096636,97.3047846723,0,0,0,0,0,5,green
250,73,food,805.281011702,539.954583261,0,0,0,0,0,5,green
250,98,food,532.961314919,347.488207736,0,0,0,0,0,5,green
250,24,food,763.165286322,89.9045521253,0,0,0,0,0,5,green
250,193,e0,797.340640425,69.9361812463,0,0,0,0,0,5,yellow
250,212,e0,247.718874311,376.47124552,0,0,0,0,0,5,yellow
250,86,food,415.272425482,389.707859437,0,0,0,0,0,5,green
250,87,food,875.802462332,211.031286893,0,0,0,0,0,5,green
260,145,e0,626.44135862,341.140947399,0,0,0,0,0,5,yellow
260,180,e0,315.132217088,103.856540217,0,0,0,0,0,5,yellow
260,165,e0,645.403581576,379.781440396,0,0,0,0,0,5,yellow
260,211,e0,479.232306126,217.886954485,0,0,0,0,0,5,yellow
260,8,psm,306.013426505,424.762544789,0,0,0,0,0,10,red
260,205,e0,549.785916081,169.050907979,0,0,0,0,0,5,yellow
260,219,e0,140.410859784,68.8816374384,0,0,0,0,0,5,yellow
260,184,e0,297.411722376,285.738045959,0,0,0,0,0,5,yellow
260,92,food,149.1633536,69.9363408302,0,0,0,0,0,5,green
260,215,e0,795.466552786,251.808239505,0,0,0,0,0,5,yellow
260,63,food,945.472753143,515.559131949,0,0,0,0,0,5,green
260,49,food,660.48791689,220.08426887,0,0,0,0,0,5,green
260,162,e0,141.068443507,190.202051677,0,0,0,0,0,5,yellow
260,174,e0,275.433038111,132.218809686,0,0,0,0,0,5,yellow
260,188,e0,724.399963171,52.6651308799,0,0,0,0,0,5,yellow
260,190,e0,943.824335223,316.266672551,0,0,0,0,0,5,yellow
260,76,food,951.064033129,342.463173078,0,0,0,0,0,5,green
260,18,psm,588.89224826,365.657329502,0,0,0,0,0,10,red
260,121,e0,882.7056394,481.996884696,0,0,0,0,0,5,yellow
260,132,e0,613.985231535,170.59580329,0,0,0,0,0,5,yellow
260,151,e0,494.709446113,354.894402621,0,0,0,0,0,5,yellow
260,108,food,46.7848365099,369.216787014,0,0,0,0,0,5,green
260,197,e0,558.91210235,170.295483106,0,0,0,0,0,5,yellow
260,127,e0,271.489438397,378.868289544,0,0,0,0,0,5,yellow
260,170,e0,418.208385318,400.787432025,0,0,0,0,0,5,yellow
260,135,e0,348.996483024,259.817651035,0,0,0,0,0,5,yellow
260,159,e0,704.802987387,224.083406996,0,0,0,0,0,5,yellow
260,85,food,220.351012126,554.439647629,0,0,0,0,0,5,green
260,66,food,269.064633928,348.64662268,0,0,0,0,0,5,green
260,107,food,365.777742486,64.345020791,0,0,0,0,0,5,green
260,147,e0,719.735056465,349.411819404,0,0,0,0,0,5,yellow
260,158,e0,279.779922842,233.602408345,0,0,0,0,0,5,yellow
260,39,food,263.79170816,376.86765565,0,0,0,0,0,5,green
260,70,food,505.038654487,170.795768545,0,0,0,0,0,5,green
260,34,food,254.859705104,401.657942511,0,0,0,0,0,5,green
260,100,food,801.10132409,381.854602236,0,0,0,0,0,5,green
260,31,food,112.998216169,67.6675956991,0,0,0,0,0,5,green
260,17,psm,563.277548363,217.112767054,0,0,0,0,0,10,red
260,114,food,809.307764481,301.030151752,0,0,0,0,0,5,green
260,46,food,423.052117163,403.357873712,0,0,0,0,0,5,green
260,172,e0,797.746686301,262.335838988,0,0,0,0,0,5,yellow
260,97,food,971.755482512,421.389644881,0,0,0,0,0,5,green
260,126,e0,812.987166695,80.2220756669,0,0,0,0,0,5,yellow
260,55,food,403.349800228,417.815075945,0,0,0,0,0,5,green
260,83,food,264.43126387,62.2067357768,0,0,0,0,0,5,green
260,88,food,626.919391441,137.170648064,0,0,0,0,0,5,green
260,203,e0,242.679535138,295.324467417,0,0,0,0,0,5,yellow
260,10,psm,100.167748631,294.882614569,0,0,0,0,0,10,red
260,143,e0,387.028285433,443.542393468,0,0,0,0,0,5,yellow
260,198,e0,732.272896547,91.0114421636,0,0,0,0,0,5,yellow
260,3,psm,322.917456453,402.769853415,0,0,0,0,0,10,red
260,41,food,349.599635724,238.477581312,0,0,0,0,0,5,green
260,150,e0,169.881296241,510.683360799,0,0,0,0,0,5,yellow
260,0,psm,774.902247372,404.760849868,0,0,0,0,0,10,red
260,33,food,86.0086121584,282.337561531,0,0,0,0,0,5,green
260,141,e0,485.530737742,505.203004507,0,0,0,0,0,5,yellow
260,61,food,653.264352979,206.89343252,0,0,0,0,0,5,green
260,103,food,115.610643848,390.743857117,0,0,0,0,0,5,green
260,69,food,290.058044968,238.260167054,0,0,0,0,0,5,green
260,140,e0,698.875656664,229.932861943,0,0,0,0,0,5,yellow
260,146,e0,695.906466868,371.898388025,0,0,0,0,0,5,yellow
260,1,psm,508.659789159,260.27101225,0,0,0,0,0,10,red
260,153,e0,601.604949309,58.786397923,0,0,0,0,0,5,yellow
260,194,e0,181.135443928,477.105526404,0,0,0,0,0,5,yellow
260,71,food,520.658433527,101.220700648,0,0,0,0,0,5,green
260,168,e0,299.688787577,115.190870781,0,0,0,0,0,5,yellow
260,26,food,154.921896676,141.76140378,0,0,0,0,0,5,green
260,42,food,559.7443064,38.742864599,0,0,0,0,0,5,green
260,67,food,338.177292921,434.574684416,0,0,0,0,0,5,green
260,38,food,102.397946423,372.261897856,0,0,0,0,0,5,green
260,129,e0,840.010567562,146.839329922,0,0,0,0,0,5,yellow
260,187,e0,336.752544143,494.748889003,0,0,0,0,0,5,yellow
260,80,food,271.998928857,445.013975538,0,0,0,0,0,5,green
260,124,e0,700.679445997,102.405156714,0,0,0,0,0,5,yellow
260,130,e0,927.111041784,106.640841794,0,0,0,0,0,5,yellow
260,138,e0,613.068310948,100.859610985,0,0,0,0,0,5,yellow
260,75,food,845.780255726,499.429332447,0,0,0,0,0,5,green
260,47,food,337.903147904,168.751644851,0,0,0,0,0,5,green
260,16,psm,568.955739201,277.606720099,0,0,0,0,0,10,red
260,45,food,620.629784558,348.102171543,0,0,0,0,0,5,green
260,171,e0,867.652959954,259.819815536,0,0,0,0,0,5,yellow
260,173,e0,905.578011962,350.416540556,0,0,0,0,0,5,yellow
260,20,food,847.005575158,512.740736578,0,0,0,0,0,5,green
260,77,food,733.559580267,71.6542271827,0,0,0,0,0,5,green
260,82,food,466.511033588,388.851461324,0,0,0,0,0,5,green
260,48,food,827.015842089,337.920263592,0,0,0,0,0,5,green
260,156,e0,556.710095152,360.784170133,0,0,0,0,0,5,yellow
260,160,e0,642.857846171,230.999014603,0,0,0,0,0,5,yellow
260,104,food,806.248942388,75.7824165178,0,0,0,0,0,5,green
260,139,e0,894.511835879,80.1186746012,0,0,0,0,0,5,yellow
260,119,food,842.024544782,434.419750811,0,0,0,0,0,5,green
260,136,e0,66.2578268597,96.6403129324,0,0,0,0,0,5,yellow
260,137,e0,546.968186136,430.282067579,0,0,0,0,0,5,yellow
260,169,e0,207.362612731,256.241646218,0,0,0,0,0,5,yellow
260,216,e0,698.872617113,536.787246512,0,0,0,0,0,5,yellow
260,122,e0,752.907277093,421.292673009,0,0,0,0,0,5,yellow
260,142,e0,551.864985925,386.747158886,0,0,0,0,0,5,yellow
260,12,psm,291.0768377,486.407594226,0,0,0,0,0,10,red
260,59,food,405.695882532,96.6158971703,0,0,0,0,0,5,green
260,182,e0,930.43700216,247.022985121,0,0,0,0,0,5,yellow
260,115,food,753.705591621,265.821967385,0,0,0,0,0,5,green
260,144,e0,457.238359685,524.46923503,0,0,0,0,0,5,yellow
260,110,food,486.856584799,487.89964639,0,0,0,0,0,5,green
260,72,food,426.382929448,95.925739605,0,0,0,0,0,5,green
260,73,food,803.341406098,540.392065765,0,0,0,0,0,5,green
260,98,food,533.710001077,345.644612331,0,0,0,0,0,5,green
260,24,food,761.811741983,88.4488918501,0,0,0,0,0,5,green
260,193,e0,798.330522384,71.6646604344,0,0,0,0,0,5,yellow
260,212,e0,246.58594767,374.835050299,0,0,0,0,0,5,yellow
260,86,food,415.804707565,387.812018826,0,0,0,0,0,5,green
260,87,food,873.88285405,211.474615978,0,0,0,0,0,5,green
260,95,food,923.384661534,301.860902414,0,0,0,0,0,5,green
260,2,psm,481.11288249,332.929120514,0,0,0,0,0,10,red
260,40,food,472.85346629,254.664094867,0,0,0,0,0,5,green
260,206,e0,166.995134876,247.958293655,0,0,0,0,0,5,yellow
260,177,e0,367.730021122,278.705369755,0,0,0,0,0,5,yellow
270,145,e0,625.567811674,342.917487787,0,0,0,0,0,5,yellow
270,180,e0,316.378217098,102.346007092,0,0,0,0,0,5,yellow
270,165,e0,644.279679731,378.146171062,0,0,0,0,0,5,yellow
270,211,e0,477.539939869,218.927977516,0,0,0,0,0,5,yellow
270,8,psm,306.098491054,424.905809568,0,0,0,0,0,10,red
270,205,e0,551.104075155,167.566062487,0,0,0,0,0,5,yellow
270,219,e0,138.600929814,69.7255735719,0,0,0,0,0,5,yellow
270,184,e0,295.716630955,284.802255331,0,0,0,0,0,5,yellow
270,92,food,151.033510996,70.5726869447,0,0,0,0,0,5,green
270,215,e0,796.538176048,250.138883009,0,0,0,0,0,5,yellow
270,63,food,947.043331203,514.37106633,0,0,0,0,0,5,green
270,49,food,660.041141097,218.148900136,0,0,0,0,0,5,green
270,162,e0,141.789593521,188.353149576,0,0,0,0,0,5,yellow
270,174,e0,276.300238098,133.994690696,0,0,0,0,0,5,yellow
270,188,e0,725.477508704,51.0171587709,0,0,0,0,0,5,yellow
270,190,e0,945.81934351,316.343353686,0,0,0,0,0,5,yellow
270,76,food,950.247471209,340.65451179,0,0,0,0,0,5,green
270,18,psm,589.006748203,365.778409781,0,0,0,0,0,10,red
270,121,e0,882.590899563,480.007497939,0,0,0,0,0,5,yellow
270,132,e0,612.103470065,171.229252911,0,0,0,0,0,5,yellow
270,151,e0,493.774762211,353.136644444,0,0,0,0,0,5,yellow
270,108,food,44.9512282362,368.626651652,0,0,0,0,0,5,green
270,197,e0,558.953825637,168.304304927,0,0,0,0,0,5,yellow
270,127,e0,272.624362244,377.235002186,0,0,0,0,0,5,yellow
270,170,e0,416.593248906,399.643882556,0,0,0,0,0,5,yellow
270,135,e0,350.921929357,259.65102575,0,0,0,0,0,5,yellow
270,159,e0,706.20460266,222.672154511,0,0,0,0,0,5,yellow
270,85,food,222.317991557,554.469248347,0,0,0,0,0,5,green
270,66,food,269.558122442,346.723633911,0,0,0,0,0,5,green
270,107,food,363.846094185,63.8382703216,0,0,0,0,0,5,green
270,147,e0,719.058572272,347.543172088,0,0,0,0,0,5,yellow
270,158,e0,277.860364849,233.138042943,0,0,0,0,0,5,yellow
270,39,food,261.914044651,377.543609769,0,0,0,0,0,5,green
270,70,food,506.687336468,169.69619451,0,0,0,0,0,5,green
270,34,food,256.117028642,403.183664278,0,0,0,0,0,5,green
270,100,food,802.871009199,380.937169675,0,0,0,0,0,5,green
270,31,food,114.940137339,68.1016128048,0,0,0,0,0,5,green
270,17,psm,563.43698102,217.064327393,0,0,0,0,0,10,red
270,114,food,810.664629604,299.633879548,0,0,0,0,0,5,green
270,46,food,422.668714922,405.279590672,0,0,0,0,0,5,green
270,172,e0,799.484583515,261.368372038,0,0,0,0,0,5,yellow
270,97,food,973.683460189,421.789007016,0,0,0,0,0,5,green
270,126,e0,814.88280163,80.8307125711,0,0,0,0,0,5,yellow
270,55,food,402.956689587,419.764760687,0,0,0,0,0,5,green
270,83,food,266.385612373,61.8517836862,0,0,0,0,0,5,green
270,88,food,625.34576465,135.980289957,0,0,0,0,0,5,green
270,203,e0,240.712217538,295.023517652,0,0,0,0,0,5,yellow
270,10,psm,100.061810247,294.754101869,0,0,0,0,0,10,red
270,143,e0,387.221955627,445.513520657,0,0,0,0,0,5,yellow
270,198,e0,730.304603564,91.0432242289,0,0,0,0,0,5,yellow
270,3,psm,322.786826543,402.873016012,0,0,0,0,0,10,red
270,41,food,351.367874801,239.382801981,0,0,0,0,0,5,green
270,150,e0,169.721792396,512.668748488,0,0,0,0,0,5,yellow
270,0,psm,774.903992436,404.927486075,0,0,0,0,0,10,red
270,33,food,86.7867394014,284.162394638,0,0,0,0,0,5,green
270,141,e0,486.696776029,503.604059317,0,0,0,0,0,5,yellow
270,61,food,654.901422571,205.7641197,0,0,0,0,0,5,green
270,103,food,115.915497284,392.711697455,0,0,0,0,0,5,green
270,69,food,288.472332077,237.05665316,0,0,0,0,0,5,green
270,140,e0,697.79557201,231.608916688,0,0,0,0,0,5,yellow
270,146,e0,697.217570349,373.401473424,0,0,0,0,0,5,yellow
270,1,psm,508.553139292,260.143007126,0,0,0,0,0,10,red
270,153,e0,603.57877663,58.993709592,0,0,0,0,0,5,yellow
270,194,e0,182.366632224,475.546091591,0,0,0,0,0,5,yellow
270,71,food,521.849794037,102.818875694,0,0,0,0,0,5,green
270,168,e0,299.313193,117.141912911,0,0,0,0,0,5,yellow
270,26,food,155.67363982,139.909995479,0,0,0,0,0,5,green
270,42,food,560.222770299,36.8092381435,0,0,0,0,0,5,green
270,67,food,336.9737283,432.98924289,0,0,0,0,0,5,green
270,38,food,102.651132744,370.285227365,0,0,0,0,0,5,green
270,129,e0,841.819402974,146.030483751,0,0,0,0,0,5,yellow
270,187,e0,338.615984157,495.371087897,0,0,0,0,0,5,yellow
270,80,food,270.387516948,446.114274788,0,0,0,0,0,5,green
270,124,e0,699.051332141,103.545240521,0,0,0,0,0,5,yellow
270,130,e0,927.882227724,104.806506585,0,0,0,0,0,5,yellow
270,138,e0,611.119576617,100.463328986,0,0,0,0,0,5,yellow
270,75,food,844.308949171,498.095500588,0,0,0,0,0,5,green
270,47,food,335.966833581,168.301032355,0,0,0,0,0,5,green
270,16,psm,568.789270461,277.600324781,0,0,0,0,0,10,red
270,45,food,621.144758836,346.18056032,0,0,0,0,0,5,green
270,171,e0,866.359444959,258.310639541,0,0,0,0,0,5,yellow
270,173,e0,906.393821791,352.222738638,0,0,0,0,0,5,yellow
270,20,food,845.196769799,511.9126422,0,0,0,0,0,5,green
270,77,food,735.521889068,71.3919191347,0,0,0,0,0,5,green
270,82,food,467.978440224,387.502229565,0,0,0,0,0,5,green
270,48,food,825.061451244,338.250770598,0,0,0,0,0,5,green
270,156,e0,554.771700125,360.315156067,0,0,0,0,0,5,yellow
270,160,e0,640.92451178,231.276730524,0,0,0,0,0,5,yellow
270,104,food,806.495704712,73.8571660979,0,0,0,0,0,5,green
270,139,e0,892.526135802,79.9554810114,0,0,0,0,0,5,yellow
270,119,food,840.270503669,433.467396275,0,0,0,0,0,5,green
270,136,e0,65.3287306348,98.3953060788,0,0,0,0,0,5,yellow
270,137,e0,545.865019497,431.917629969,0,0,0,0,0,5,yellow
270,169,e0,209.300688801,256.268963217,0,0,0,0,0,5,yellow
270,216,e0,698.645116878,538.753408311,0,0,0,0,0,5,yellow
270,122,e0,754.888495898,421.501166653,0,0,0,0,0,5,yellow
270,142,e0,552.233935183,384.794723431,0,0,0,0,0,5,yellow
270,12,psm,291.057109388,486.242149397,0,0,0,0,0,10,red
270,59,food,405.504768964,98.6007371707,0,0,0,0,0,5,green
270,182,e0,932.291163061,246.307242807,0,0,0,0,0,5,yellow
270,115,food,752.995624039,263.962600945,0,0,0,0,0,5,green
270,144,e0,456.313912232,526.22302832,0,0,0,0,0,5,yellow
270,110,food,485.154515401,486.864925456,0,0,0,0,0,5,green
270,72,food,427.430849773,94.2490159116,0,0,0,0,0,5,green
270,73,food,801.413936261,539.940409282,0,0,0,0,0,5,green
270,98,food,534.277660202,343.740121714,0,0,0,0,0,5,green
270,24,food,760.090604811,87.4471515399,0,0,0,0,0,5,green
270,193,e0,799.49885811,73.2475658872,0,0,0,0,0,5,yellow
270,212,e0,245.210880066,373.406636654,0,0,0,0,0,5,yellow
270,86,food,415.321353311,385.885414696,0,0,0,0,0,5,green
270,87,food,871.893747862,211.547300354,0,0,0,0,0,5,green
270,95,food,925.255459321,301.385732888,0,0,0,0,0,5,green
270,2,psm,481.249724923,332.8340127,0,0,0,0,0,10,red
270,40,food,470.872746698,254.542658873,0,0,0,0,0,5,green
270,206,e0,168.7516148,247.046966575,0,0,0,0,0,5,yellow
270,177,e0,366.593761988,277.07049705,0,0,0,0,0,5,yellow
270,60,food,764.504726935,482.298803693,0,0,0,0,0,5,green
270,155,e0,197.047548337,258.959697168,0,0,0,0,0,5,yellow
270,185,e0,90.0366391631,235.196812548,0,0,0,0,0,5,yellow
270,50,food,451.534838332,180.072672104,0,0,0,0,0,5,green
270,56,food,696.148149925,49.819240769,0,0,0,0,0,5,green
270,28,food,90.5516216635,336.769642416,0,0,0,0,0,5,green
270,65,food,862.876867705,370.157602151,0,0,0,0,0,5,green
280,145,e0,624.759006679,344.733675979,0,0,0,0,0,5,yellow
280,180,e0,317.45990936,100.673712214,0,0,0,0,0,5,yellow
280,165,e0,643.094851325,376.551154524,0,0,0,0,0,5,yellow
280,211,e0,476.101200447,220.288732861,0,0,0,0,0,5,yellow
280,8,psm,306.192051014,425.043475679,0,0,0,0,0,10,red
280,205,e0,552.449357024,166.098089496,0,0,0,0,0,5,yellow
280,219,e0,136.774592225,70.3816356609,0,0,0,0,0,5,yellow
280,184,e0,293.974176375,283.848419057,0,0,0,0,0,5,yellow
280,92,food,152.527990269,71.8637092894,0,0,0,0,0,5,green
280,215,e0,798.07657098,248.909721171,0,0,0,0,0,5,yellow
280,63,food,947.784652301,512.567748822,0,0,0,0,0,5,green
280,49,food,659.82957021,216.170731019,0,0,0,0,0,5,green
280,162,e0,141.834229926,186.38704367,0,0,0,0,0,5,yellow
280,174,e0,277.144722232,135.783430946,0,0,0,0,0,5,yellow
280,188,e0,726.661935777,49.4163519357,0,0,0,0,0,5,yellow
280,190,e0,947.337674483,317.533735924,0,0,0,0,0,5,yellow
280,76,food,949.046976942,339.061354455,0,0,0,0,0,5,green
280,18,psm,589.128936285,365.891558026,0,0,0,0,0,10,red
280,121,e0,882.657063575,478.016652059,0,0,0,0,0,5,yellow
280,132,e0,610.274734417,171.932859807,0,0,0,0,0,5,yellow
280,151,e0,493.126197019,351.283453183,0,0,0,0,0,5,yellow
280,108,food,43.0090744667,368.2670962,0,0,0,0,0,5,green
280,197,e0,559.532994968,166.410684464,0,0,0,0,0,5,yellow
280,127,e0,273.7444048,375.586926266,0,0,0,0,0,5,yellow
280,170,e0,415.078414831,398.340918098,0,0,0,0,0,5,yellow
280,135,e0,352.697049782,260.511834327,0,0,0,0,0,5,yellow
280,159,e0,707.530492475,221.178821486,0,0,0,0,0,5,yellow
280,85,food,224.121030614,553.6759171,0,0,0,0,0,5,green
280,66,food,269.979567035,344.788605651,0,0,0,0,0,5,green
280,107,food,361.870767341,64.0844185944,0,0,0,0,0,5,green
280,147,e0,717.382833638,346.528692945,0,0,0,0,0,5,yellow
280,158,e0,275.975168874,232.510985793,0,0,0,0,0,5,yellow
280,39,food,260.39974099,378.736587166,0,0,0,0,0,5,green
280,70,food,507.634621037,168.008924015,0,0,0,0,0,5,green
280,34,food,257.686267194,404.348128258,0,0,0,0,0,5,green
280,100,food,804.764786853,380.332517641,0,0,0,0,0,5,green
280,31,food,116.663304289,69.1004003507,0,0,0,0,0,5,green
280,17,psm,563.596598403,217.016439861,0,0,0,0,0,10,red
280,114,food,812.59530546,299.206240481,0,0,0,0,0,5,green
280,46,food,422.803232811,407.257997133,0,0,0,0,0,5,green
280,172,e0,800.94099055,260.063033452,0,0,0,0,0,5,yellow
280,97,food,975.563717136,422.377365149,0,0,0,0,0,5,green
280,126,e0,816.82806695,80.970771021,0,0,0,0,0,5,yellow
280,55,food,403.151029374,421.72050464,0,0,0,0,0,5,green
280,83,food,268.197417199,61.018413601,0,0,0,0,0,5,green
280,88,food,624.095394284,134.425175687,0,0,0,0,0,5,green
280,203,e0,238.79004681,294.53751793,0,0,0,0,0,5,yellow
280,10,psm,99.9450569975,294.635292836,0,0,0,0,0,10,red
280,143,e0,386.442591422,447.349473554,0,0,0,0,0,5,yellow
280,198,e0,728.640855231,92.100804126,0,0,0,0,0,5,yellow
280,3,psm,322.677989024,402.999105985,0,0,0,0,0,10,red
280,41,food,353.125612279,240.301512967,0,0,0,0,0,5,green
280,150,e0,169.075053265,514.54760505,0,0,0,0,0,5,yellow
280,0,psm,774.920249383,405.093280459,0,0,0,0,0,10,red
280,33,food,87.980920506,285.747600742,0,0,0,0,0,5,green
280,141,e0,487.790367048,501.945894384,0,0,0,0,0,5,yellow
280,61,food,656.685005775,204.878501691,0,0,0,0,0,5,green
280,103,food,116.370719979,394.640892085,0,0,0,0,0,5,green
280,69,food,286.734003955,236.081213879,0,0,0,0,0,5,green
280,140,e0,696.955904459,233.408914906,0,0,0,0,0,5,yellow
280,146,e0,698.12376311,375.165315434,0,0,0,0,0,5,yellow
280,1,psm,508.434075792,260.026816864,0,0,0,0,0,10,red
280,153,e0,605.503955467,58.4852415247,0,0,0,0,0,5,yellow
280,194,e0,183.826444186,474.217175667,0,0,0,0,0,5,yellow
280,71,food,523.371164244,104.081288736,0,0,0,0,0,5,green
280,168,e0,299.171511868,119.116229035,0,0,0,0,0,5,yellow
280,26,food,156.390180215,138.062350024,0,0,0,0,0,5,green
280,42,food,560.420067797,34.8354128523,0,0,0,0,0,5,green
280,67,food,335.743900889,431.415144216,0,0,0,0,0,5,green
280,38,food,103.394255488,368.453616769,0,0,0,0,0,5,green
280,129,e0,843.778708934,146.347801468,0,0,0,0,0,5,yellow
280,187,e0,340.542399531,495.837474472,0,0,0,0,0,5,yellow
280,80,food,268.428705813,446.382654011,0,0,0,0,0,5,green
280,124,e0,697.161310297,104.04795567,0,0,0,0,0,5,yellow
280,130,e0,928.886146468,103.094882136,0,0,0,0,0,5,yellow
280,138,e0,609.190252385,99.9783758874,0,0,0,0,0,5,yellow
280,75,food,842.814749132,496.782406122,0,0,0,0,0,5,green
280,47,food,334.301694898,167.296819384,0,0,0,0,0,5,green
280,16,psm,568.624156243,277.621475736,0,0,0,0,0,10,red
280,45,food,622.128473626,344.448943248,0,0,0,0,0,5,green
280,171,e0,864.529983829,257.664765896,0,0,0,0,0,5,yellow
280,173,e0,907.604881084,353.793907242,0,0,0,0,0,5,yellow
280,20,food,843.47806417,510.896225636,0,0,0,0,0,5,green
280,77,food,737.496600475,71.6065773184,0,0,0,0,0,5,green
280,82,food,469.093745347,385.86845741,0,0,0,0,0,5,green
280,48,food,823.104142688,338.620741663,0,0,0,0,0,5,green
280,156,e0,552.931645094,359.556813682,0,0,0,0,0,5,yellow
280,160,e0,638.946402808,231.40511124,0,0,0,0,0,5,yellow
280,104,food,805.777799547,71.9966813841,0,0,0,0,0,5,green
280,139,e0,890.565589004,79.9677863005,0,0,0,0,0,5,yellow
280,119,food,838.516503816,432.526930356,0,0,0,0,0,5,green
280,136,e0,64.992450219,100.362504943,0,0,0,0,0,5,yellow
280,137,e0,544.26546247,433.092838579,0,0,0,0,0,5,yellow
280,169,e0,211.09038977,257.060488053,0,0,0,0,0,5,yellow
280,216,e0,698.102746215,540.669878996,0,0,0,0,0,5,yellow
280,122,e0,756.871324601,421.580770636,0,0,0,0,0,5,yellow
280,142,e0,552.295063362,382.83589308,0,0,0,0,0,5,yellow
280,12,psm,291.024189698,486.078881139,0,0,0,0,0,10,red
280,59,food,404.812811949,100.461336897,0,0,0,0,0,5,green
280,182,e0,934.259636803,246.03726845,0,0,0,0,0,5,yellow
280,115,food,751.783061968,262.425829737,0,0,0,0,0,5,green
280,144,e0,456.106000336,528.201431784,0,0,0,0,0,5,yellow
280,110,food,483.745500509,485.461016001,0,0,0,0,0,5,green
280,72,food,428.06968487,92.3610419557,0,0,0,0,0,5,green
280,73,food,799.561281273,539.195653831,0,0,0,0,0,5,green
280,98,food,534.533889194,341.766980121,0,0,0,0,0,5,green
280,24,food,758.499500827,86.2567543853,0,0,0,0,0,5,green
280,193,e0,800.416016107,75.0005987813,0,0,0,0,0,5,yellow
280,212,e0,244.009202254,371.817833741,0,0,0,0,0,5,yellow
280,86,food,415.135536547,383.914189925,0,0,0,0,0,5,green
280,87,food,869.956549646,211.791114828,0,0,0,0,0,5,green
280,95,food,927.191398777,301.016853023,0,0,0,0,0,5,green
280,2,psm,481.377683273,332.72740185,0,0,0,0,0,10,red
280,40,food,468.94271462,254.967020062,0,0,0,0,0,5,green
280,206,e0,170.405627538,245.943927585,0,0,0,0,0,5,yellow
280,177,e0,365.336170496,275.540186748,0,0,0,0,0,5,yellow
280,60,food,766.341780115,483.055996316,0,0,0,0,0,5,green
280,155,e0,197.202078635,260.929889321,0,0,0,0,0,5,yellow
280,185,e0,91.476114932,236.57238838,0,0,0,0,0,5,yellow
280,50,food,453.135059152,181.217124433,0,0,0,0,0,5,green
280,56,food,695.639571887,47.8945289023,0,0,0,0,0,5,green
280,28,food,92.512281303,336.452413237,0,0,0,0,0,5,green
280,65,food,861.623027552,371.689319684,0,0,0,0,0,5,green
280,195,e0,440.426066843,330.698986367,0,0,0,0,0,5,yellow
280,84,food,180.073438978,150.044650384,0,0,0,0,0,5,green
280,14,psm,186.972439063,320.903883591,0,0,0,0,0,10,red
280,62,food,65.9,69.8267949192,0,0,0,0,0,5,green
290,145,e0,623.890885325,346.529510821,0,0,0,0,0,5,yellow
290,180,e0,318.787529396,99.1836168736,0,0,0,0,0,5,yellow
290,165,e0,643.206336781,374.580531392,0,0,0,0,0,5,yellow
290,211,e0,474.735828318,221.742749267,0,0,0,0,0,5,yellow
290,8,psm,306.300040803,425.170363099,0,0,0,0,0,10,red
290,205,e0,553.818436176,164.665838406,0,0,0,0,0,5,yellow
290,219,e0,134.932241197,69.696981237,0,0,0,0,0,5,yellow
290,184,e0,292.234050334,282.8757872,0,0,0,0,0,5,yellow
290,92,food,154.335147481,72.6568329855,0,0,0,0,0,5,green
290,215,e0,799.771929436,247.862648726,0,0,0,0,0,5,yellow
290,63,food,947.97584083,510.583709217,0,0,0,0,0,5,green
290,49,food,659.348271445,214.254502965,0,0,0,0,0,5,green
290,162,e0,141.614329341,184.431935044,0,0,0,0,0,5,yellow
290,174,e0,278.740143076,136.972199473,0,0,0,0,0,5,yellow
290,188,e0,727.318547959,47.5813986534,0,0,0,0,0,5,yellow
290,190,e0,948.461680943,319.168790762,0,0,0,0,0,5,yellow
290,76,food,948.39568636,337.207316599,0,0,0,0,0,5,green
290,18,psm,589.265028516,365.987560257,0,0,0,0,0,10,red
290,121,e0,882.813653156,476.027567709,0,0,0,0,0,5,yellow
290,132,e0,608.281004312,172.044372431,0,0,0,0,0,5,yellow
290,151,e0,492.869987378,349.310791338,0,0,0,0,0,5,yellow
290,108,food,41.1061813853,367.678243269,0,0,0,0,0,5,green
290,197,e0,560.322365859,164.585907327,0,0,0,0,0,5,yellow
290,127,e0,274.808472744,373.903619669,0,0,0,0,0,5,yellow
290,170,e0,413.431459903,397.234128217,0,0,0,0,0,5,yellow
290,135,e0,353.752980116,262.180405577,0,0,0,0,0,5,yellow
290,159,e0,708.395943928,219.388509275,0,0,0,0,0,5,yellow
290,85,food,224.99759309,551.902673607,0,0,0,0,0,5,green
290,66,food,269.702293678,342.816762516,0,0,0,0,0,5,green
290,107,food,359.880502248,64.1401143994,0,0,0,0,0,5,green
290,147,e0,715.944241929,345.210244214,0,0,0,0,0,5,yellow
290,158,e0,275.103443538,230.800672699,0,0,0,0,0,5,yellow
290,39,food,259.047036154,380.187134143,0,0,0,0,0,5,green
290,70,food,507.877650694,166.029632381,0,0,0,0,0,5,green
290,34,food,259.670355877,404.174569623,0,0,0,0,0,5,green
290,100,food,806.7333324,380.431994142,0,0,0,0,0,5,green
290,31,food,118.099599799,70.4730641426,0,0,0,0,0,5,green
290,17,psm,563.758163768,216.975557535,0,0,0,0,0,10,red
290,114,food,814.485218674,298.577437559,0,0,0,0,0,5,green
290,46,food,423.839575127,408.948770257,0,0,0,0,0,5,green
290,172,e0,802.643823739,259.040027682,0,0,0,0,0,5,yellow
290,97,food,976.852195179,423.896731902,0,0,0,0,0,5,green
290,126,e0,818.771851983,80.5148319346,0,0,0,0,0,5,yellow
290,55,food,404.315442276,423.310860329,0,0,0,0,0,5,green
290,83,food,270.146098101,60.7339356319,0,0,0,0,0,5,green
290,88,food,623.463953176,132.538067487,0,0,0,0,0,5,green
290,203,e0,237.373471098,293.175539231,0,0,0,0,0,5,yellow
290,10,psm,99.825392702,294.519330254,0,0,0,0,0,10,red
290,143,e0,385.839449818,449.250920463,0,0,0,0,0,5,yellow
290,198,e0,726.876907187,93.0115196343,0,0,0,0,0,5,yellow
290,3,psm,322.580805924,403.134349677,0,0,0,0,0,10,red
290,41,food,354.253256391,241.930993949,0,0,0,0,0,5,green
290,150,e0,167.736129972,516.024289182,0,0,0,0,0,5,yellow
290,0,psm,774.942002213,405.25850995,0,0,0,0,0,10,red
290,141,e0,489.422514453,500.807071363,0,0,0,0,0,5,yellow
290,61,food,658.159020519,203.579394761,0,0,0,0,0,5,green
290,103,food,117.557457934,396.227913533,0,0,0,0,0,5,green
290,69,food,285.085314651,234.973540439,0,0,0,0,0,5,green
290,140,e0,696.245599939,235.259664388,0,0,0,0,0,5,yellow
290,146,e0,699.185207883,376.850862612,0,0,0,0,0,5,yellow
290,1,psm,508.29945351,259.928648949,0,0,0,0,0,10,red
290,153,e0,607.422052039,57.9571234803,0,0,0,0,0,5,yellow
290,194,e0,185.701133298,473.565120168,0,0,0,0,0,5,yellow
290,71,food,525.129508261,105.012220514,0,0,0,0,0,5,green
290,168,e0,299.084658206,121.107693748,0,0,0,0,0,5,yellow
290,26,food,157.242693102,136.274738914,0,0,0,0,0,5,green
290,42,food,560.180283965,32.8542814224,0,0,0,0,0,5,green
290,67,food,334.100341124,430.359081006,0,0,0,0,0,5,green
290,38,food,104.64397571,366.927638566,0,0,0,0,0,5,green
290,129,e0,845.741087599,146.662088837,0,0,0,0,0,5,yellow
290,187,e0,342.476691459,496.228765297,0,0,0,0,0,5,yellow
290,80,food,266.451035596,446.375006961,0,0,0,0,0,5,green
290,124,e0,695.667868134,103.003928998,0,0,0,0,0,5,yellow
290,130,e0,929.973285043,101.427283208,0,0,0,0,0,5,yellow
290,138,e0,607.330503712,99.2830920315,0,0,0,0,0,5,yellow
290,75,food,842.012891562,494.971786053,0,0,0,0,0,5,green
290,47,food,333.313976481,165.565087387,0,0,0,0,0,5,green
290,16,psm,568.464009469,277.667397361,0,0,0,0,0,10,red
290,45,food,623.086315416,342.699332106,0,0,0,0,0,5,green
290,171,e0,862.538346392,257.793542001,0,0,0,0,0,5,yellow
290,173,e0,908.909275397,355.305119253,0,0,0,0,0,5,yellow
290,20,food,841.812771257,509.814957832,0,0,0,0,0,5,green
290,77,food,739.318316803,72.394944848,0,0,0,0,0,5,green
290,82,food,470.0573538,384.149829347,0,0,0,0,0,5,green
290,48,food,821.389021988,339.631148713,0,0,0,0,0,5,green
290,156,e0,551.067419838,358.867277506,0,0,0,0,0,5,yellow
290,160,e0,637.014043973,231.14497084,0,0,0,0,0,5,yellow
290,104,food,805.042277245,70.1568870185,0,0,0,0,0,5,green
290,139,e0,888.576678886,80.1102996146,0,0,0,0,0,5,yellow
290,119,food,836.685404473,431.760783241,0,0,0,0,0,5,green
290,136,e0,64.4517674366,102.269843666,0,0,0,0,0,5,yellow
290,137,e0,542.481266728,433.947475181,0,0,0,0,0,5,yellow
290,169,e0,212.610237004,258.353928543,0,0,0,0,0,5,yellow
290,216,e0,698.109652823,542.664644588,0,0,0,0,0,5,yellow
290,122,e0,758.847966436,421.581351428,0,0,0,0,0,5,yellow
290,142,e0,551.509901162,381.004380642,0,0,0,0,0,5,yellow
290,12,psm,290.975476091,485.919545506,0,0,0,0,0,10,red
290,59,food,404.233971896,102.366118833,0,0,0,0,0,5,green
290,182,e0,936.202070288,246.450954701,0,0,0,0,0,5,yellow
290,115,food,749.872329878,261.874364572,0,0,0,0,0,5,green
290,144,e0,455.901560592,530.180597537,0,0,0,0,0,5,yellow
290,110,food,483.460015141,483.499717682,0,0,0,0,0,5,green
290,72,food,428.989145364,90.5948103518,0,0,0,0,0,5,green
290,73,food,797.584234897,539.015281864,0,0,0,0,0,5,green
290,98,food,535.217812588,339.908239702,0,0,0,0,0,5,green
290,24,food,756.788226556,85.2367083133,0,0,0,0,0,5,green
290,193,e0,800.814437846,76.9428958277,0,0,0,0,0,5,yellow
290,212,e0,242.630950667,370.380480419,0,0,0,0,0,5,yellow
290,86,food,415.351534363,381.955580121,0,0,0,0,0,5,green
290,87,food,868.073673906,211.135344862,0,0,0,0,0,5,green
290,95,food,929.094244042,300.424198266,0,0,0,0,0,5,green
290,2,psm,481.500517011,332.614845527,0,0,0,0,0,10,red
290,40,food,467.005578298,255.417860519,0,0,0,0,0,5,green
290,206,e0,171.838579038,244.579978477,0,0,0,0,0,5,yellow
290,177,e0,364.57366143,273.715947376,0,0,0,0,0,5,yellow
290,60,food,768.112307936,483.927321246,0,0,0,0,0,5,green
290,155,e0,197.687900247,262.849397456,0,0,0,0,0,5,yellow
290,185,e0,92.8968511644,237.95386819,0,0,0,0,0,5,yellow
290,50,food,454.475164111,182.635739044,0,0,0,0,0,5,green
290,56,food,695.236521583,45.9519166732,0,0,0,0,0,5,green
290,28,food,94.4623668905,336.034442249,0,0,0,0,0,5,green
290,65,food,860.030019178,372.889607306,0,0,0,0,0,5,green
290,195,e0,439.758690471,332.573431549,0,0,0,0,0,5,yellow
290,84,food,179.076950892,151.720993507,0,0,0,0,0,5,green
290,14,psm,186.910079781,320.749541551,0,0,0,0,0,10,red
290,62,food,65.6084251625,67.9104086875,0,0,0,0,0,5,green
290,120,e0,323.772452061,106.668465938,0,0,0,0,0,5,yellow
290,11,psm,360.042515873,449.090487108,0,0,0,0,0,10,red
300,145,e0,622.349499789,347.763174661,0,0,0,0,0,5,yellow
300,180,e0,319.780021727,97.4783939006,0,0,0,0,0,5,yellow
300,165,e0,642.955541262,372.619498518,0,0,0,0,0,5,yellow
300,211,e0,473.412081068,223.228409002,0,0,0,0,0,5,yellow
300,8,psm,306.412137442,425.293556109,0,0,0,0,0,10,red
300,205,e0,555.538313792,163.684292105,0,0,0,0,0,5,yellow
300,219,e0,133.27904146,68.5819261818,0,0,0,0,0,5,yellow
300,184,e0,290.618240287,281.714904464,0,0,0,0,0,5,yellow
300,92,food,155.964450643,73.7811520753,0,0,0,0,0,5,green
300,215,e0,801.415273598,246.741612972,0,0,0,0,0,5,yellow
300,63,food,948.735580744,508.759038578,0,0,0,0,0,5,green
300,49,food,658.974348509,212.294650963,0,0,0,0,0,5,green
300,162,e0,141.631738167,182.441153635,0,0,0,0,0,5,yellow
300,174,e0,280.265305691,138.233311832,0,0,0,0,0,5,yellow
300,188,e0,728.164023245,45.7765804157,0,0,0,0,0,5,yellow
300,190,e0,949.571448493,320.80801915,0,0,0,0,0,5,yellow
300,76,food,947.71264362,335.342202692,0,0,0,0,0,5,green
300,18,psm,589.411568509,366.066794692,0,0,0,0,0,10,red
300,121,e0,882.688602753,474.037650082,0,0,0,0,0,5,yellow
300,132,e0,606.647209196,170.962127431,0,0,0,0,0,5,yellow
300,151,e0,493.06061164,347.331275435,0,0,0,0,0,5,yellow
300,108,food,39.4085403234,366.685996309,0,0,0,0,0,5,green
300,197,e0,560.916233245,162.691096164,0,0,0,0,0,5,yellow
300,127,e0,275.549492641,372.072473663,0,0,0,0,0,5,yellow
300,170,e0,411.578581001,396.496749621,0,0,0,0,0,5,yellow
300,135,e0,354.050967022,264.150562571,0,0,0,0,0,5,yellow
300,159,e0,709.542630219,217.757047734,0,0,0,0,0,5,yellow
300,85,food,226.112307669,550.249974794,0,0,0,0,0,5,green
300,66,food,269.591095906,340.826302274,0,0,0,0,0,5,green
300,107,food,357.90553656,64.2401525896,0,0,0,0,0,5,green
300,147,e0,715.799177632,343.240304428,0,0,0,0,0,5,yellow
300,158,e0,274.909605542,228.829551563,0,0,0,0,0,5,yellow
300,39,food,257.543336327,381.484368126,0,0,0,0,0,5,green
300,70,food,508.264646296,164.075977658,0,0,0,0,0,5,green
300,34,food,261.650306558,403.963028038,0,0,0,0,0,5,green
300,100,food,808.722394173,380.529203469,0,0,0,0,0,5,green
300,31,food,119.448218129,71.9398814223,0,0,0,0,0,5,green
300,17,psm,563.918475352,216.930496069,0,0,0,0,0,10,red
300,114,food,816.46326943,298.428296223,0,0,0,0,0,5,green
300,46,food,425.023166142,410.554205728,0,0,0,0,0,5,green
300,172,e0,804.495224299,258.343867333,0,0,0,0,0,5,yellow
300,97,food,978.012074603,425.511330475,0,0,0,0,0,5,green
300,126,e0,820.6378499,79.8134032961,0,0,0,0,0,5,yellow
300,55,food,405.818489184,424.612478539,0,0,0,0,0,5,green
300,83,food,272.122075099,60.9835317549,0,0,0,0,0,5,green
300,88,food,623.114565051,130.576078784,0,0,0,0,0,5,green
300,203,e0,236.236616479,291.553198655,0,0,0,0,0,5,yellow
300,10,psm,99.7039344147,294.405272888,0,0,0,0,0,10,red
300,143,e0,385.592799578,451.230413617,0,0,0,0,0,5,yellow
300,198,e0,725.441360054,94.3648340553,0,0,0,0,0,5,yellow
300,3,psm,322.494483431,403.276885255,0,0,0,0,0,10,red
300,41,food,355.291254829,243.624572363,0,0,0,0,0,5,green
300,150,e0,165.980558548,516.945967371,0,0,0,0,0,5,yellow
300,0,psm,774.977767112,405.421183845,0,0,0,0,0,10,red
300,141,e0,491.242509706,499.992999274,0,0,0,0,0,5,yellow
300,61,food,658.655903516,201.715527869,0,0,0,0,0,5,green
300,103,food,118.885256774,397.718175717,0,0,0,0,0,5,green
300,69,food,283.952933347,233.331875751,0,0,0,0,0,5,green
300,140,e0,695.574993109,237.121847193,0,0,0,0,0,5,yellow
300,146,e0,700.190575107,378.571205236,0,0,0,0,0,5,yellow
300,1,psm,508.160693627,259.836456478,0,0,0,0,0,10,red
300,153,e0,608.77188482,56.4988802217,0,0,0,0,0,5,yellow
300,194,e0,187.544294945,472.813011801,0,0,0,0,0,5,yellow
300,71,food,526.692370931,106.228643527,0,0,0,0,0,5,green
300,168,e0,299.236839364,123.088663336,0,0,0,0,0,5,yellow
300,26,food,158.50356657,134.745277122,0,0,0,0,0,5,green
300,42,food,559.868357292,30.8855326567,0,0,0,0,0,5,green
300,67,food,332.164461953,429.989380936,0,0,0,0,0,5,green
300,38,food,105.674589318,365.219128894,0,0,0,0,0,5,green
300,129,e0,847.694576388,147.05599503,0,0,0,0,0,5,yellow
300,187,e0,344.260312642,495.362558028,0,0,0,0,0,5,yellow
300,80,food,264.482050887,446.161499463,0,0,0,0,0,5,green
300,124,e0,694.902927146,101.165549158,0,0,0,0,0,5,yellow
300,130,e0,931.030114586,99.7622232261,0,0,0,0,0,5,yellow
300,138,e0,605.927556772,97.875117276,0,0,0,0,0,5,yellow
300,75,food,840.627562988,493.558149899,0,0,0,0,0,5,green
300,47,food,332.662078424,163.682516592,0,0,0,0,0,5,green
300,16,psm,568.314385416,277.73973018,0,0,0,0,0,10,red
300,45,food,624.461337528,341.281713676,0,0,0,0,0,5,green
300,171,e0,860.581984963,257.465605479,0,0,0,0,0,5,yellow
300,173,e0,910.238363495,356.770496269,0,0,0,0,0,5,yellow
300,20,food,840.097441781,508.824363552,0,0,0,0,0,5,green
300,77,food,740.773480523,73.7374208861,0,0,0,0,0,5,green
300,82,food,471.07853166,382.450139702,0,0,0,0,0,5,green
300,48,food,819.419166845,339.915106601,0,0,0,0,0,5,green
300,156,e0,549.583535215,357.531074594,0,0,0,0,0,5,yellow
300,160,e0,635.059565275,230.754403128,0,0,0,0,0,5,yellow
300,104,food,804.809258889,68.1730243629,0,0,0,0,0,5,green
300,139,e0,886.613541237,79.792444113,0,0,0,0,0,5,yellow
300,119,food,834.820815973,431.07483937,0,0,0,0,0,5,green
300,136,e0,63.7892025093,104.141097945,0,0,0,0,0,5,yellow
300,137,e0,540.49874338,433.721508073,0,0,0,0,0,5,yellow
300,169,e0,214.319514276,259.341693126,0,0,0,0,0,5,yellow
300,216,e0,697.533104347,544.563209785,0,0,0,0,0,5,yellow
300,122,e0,760.828400357,421.379892645,0,0,0,0,0,5,yellow
300,142,e0,550.771698854,379.167084943,0,0,0,0,0,5,yellow
300,12,psm,290.917388172,485.763351829,0,0,0,0,0,10,red
300,59,food,403.749408561,104.278267886,0,0,0,0,0,5,green
300,182,e0,938.153825063,246.039674625,0,0,0,0,0,5,yellow
300,115,food,748.099181973,260.967004465,0,0,0,0,0,5,green
300,144,e0,455.25714423,532.062214299,0,0,0,0,0,5,yellow
300,110,food,483.294023521,481.522883661,0,0,0,0,0,5,green
300,72,food,430.008518555,88.8851855641,0,0,0,0,0,5,green
300,73,food,795.611485525,539.212303882,0,0,0,0,0,5,green
300,98,food,535.912406909,338.040399961,0,0,0,0,0,5,green
300,24,food,755.1009769,84.2528144257,0,0,0,0,0,5,green
300,193,e0,801.191520408,78.9010493571,0,0,0,0,0,5,yellow
300,212,e0,240.72440553,369.878021525,0,0,0,0,0,5,yellow
300,86,food,415.977882643,380.0729639,0,0,0,0,0,5,green
300,87,food,866.122849555,210.752695148,0,0,0,0,0,5,green
300,95,food,931.044041841,300.002689611,0,0,0,0,0,5,green
300,2,psm,481.602741945,332.484000992,0,0,0,0,0,10,red
300,40,food,465.016576474,255.390406571,0,0,0,0,0,5,green
300,206,e0,173.588224537,243.714570889,0,0,0,0,0,5,yellow
300,177,e0,363.830875256,271.876131348,0,0,0,0,0,5,yellow
300,60,food,769.867344159,484.84518031,0,0,0,0,0,5,green
300,155,e0,198.33330961,264.714536074,0,0,0,0,0,5,yellow
300,185,e0,93.6860427938,239.786339189,0,0,0,0,0,5,yellow
300,50,food,454.849340649,184.580861788,0,0,0,0,0,5,green
300,56,food,695.599709976,43.9919312333,0,0,0,0,0,5,green
300,28,food,96.3956381546,335.577610025,0,0,0,0,0,5,green
300,65,food,858.628506787,374.30572441,0,0,0,0,0,5,green
300,195,e0,439.814248545,334.562005594,0,0,0,0,0,5,yellow
300,84,food,178.871584791,153.708558041,0,0,0,0,0,5,green
300,14,psm,186.826781209,320.605265966,0,0,0,0,0,10,red
300,62,food,65.3307700054,65.934507229,0,0,0,0,0,5,green
300,120,e0,321.960785533,107.501693062,0,0,0,0,0,5,yellow
300,11,psm,360.119414009,449.238208972,0,0,0,0,0,10,red
300,22,food,857.863058418,344.314807073,0,0,0,0,0,5,green
300,78,food,515.691691851,274.446089191,0,0,0,0,0,5,green
300,209,e0,784.618461919,430.702705729,0,0,0,0,0,5,yellow
0,0,0,0,0,0,0,0,0,0,0,0
