time,id,type,x,y,z,roll,pitch,yaw,resource,size,color
430,145,e0,625.521629613,372.189365707,0,0,0,0,0,5,yellow
430,180,e0,337.643668337,93.745554829,0,0,0,0,0,5,yellow
430,165,e0,627.624727674,363.420399161,0,0,0,0,0,5,yellow
430,211,e0,456.851869882,239.751954992,0,0,0,0,0,5,yellow
430,8,psm,308.363858631,426.039308199,0,0,0,0,0,10,red
430,205,e0,570.078255468,146.150203262,0,0,0,0,0,5,yellow
430,219,e0,131.373017682,47.1501746244,0,0,0,0,0,5,yellow
430,184,e0,293.348007008,258.59650976,0,0,0,0,0,5,yellow
430,92,food,179.348172763,78.2795150927,0,0,0,0,0,5,green
430,215,e0,821.168565892,254.361938192,0,0,0,0,0,5,yellow
430,63,food,966.314790734,499.366273222,0,0,0,0,0,5,green
430,49,food,641.978143603,196.718610357,0,0,0,0,0,5,green
430,162,e0,130.194047983,177.167860539,0,0,0,0,0,5,yellow
430,174,e0,294.804396305,147.102654679,0,0,0,0,0,5,yellow
430,188,e0,737.585772126,23.2404647881,0,0,0,0,0,5,yellow
430,190,e0,961.400570724,337.559310831,0,0,0,0,0,5,yellow
430,76,food,924.54445242,339.115267279,0,0,0,0,0,5,green
430,18,psm,591.426414834,365.90337523,0,0,0,0,0,10,red
430,121,e0,901.878291925,465.835744684,0,0,0,0,0,5,yellow
430,132,e0,585.984181445,158.402880393,0,0,0,0,0,5,yellow
430,108,food,38.5061753982,346.350418008,0,0,0,0,0,5,green
430,197,e0,552.842206638,140.409484373,0,0,0,0,0,5,yellow
430,127,e0,276.832955446,347.244143131,0,0,0,0,0,5,yellow
430,170,e0,388.484250212,400.37732681,0,0,0,0,0,5,yellow
430,135,e0,356.407282427,289.309392685,0,0,0,0,0,5,yellow
430,159,e0,724.904566017,204.641319703,0,0,0,0,0,5,yellow
430,85,food,237.022379877,527.971320593,0,0,0,0,0,5,green
430,66,food,280.437728788,319.367205619,0,0,0,0,0,5,green
430,107,food,334.58817259,66.8543708662,0,0,0,0,0,5,green
430,147,e0,700.767258973,325.559497253,0,0,0,0,0,5,yellow
430,158,e0,296.892444922,226.569222101,0,0,0,0,0,5,yellow
430,39,food,269.981357627,395.020813659,0,0,0,0,0,5,green
430,70,food,514.05036154,141.030924442,0,0,0,0,0,5,green
430,34,food,284.764524384,395.510060798,0,0,0,0,0,5,green
430,100,food,834.108838222,380.859561497,0,0,0,0,0,5,green
430,31,food,143.084727499,70.700757619,0,0,0,0,0,5,green
430,17,psm,565.009339342,215.201325871,0,0,0,0,0,10,red
430,114,food,836.771473237,305.14175879,0,0,0,0,0,5,green
430,46,food,442.620576237,427.336078452,0,0,0,0,0,5,green
430,172,e0,821.701537671,239.823960307,0,0,0,0,0,5,yellow
430,97,food,963.872671757,431.663373062,0,0,0,0,0,5,green
430,126,e0,842.818518619,68.7385176609,0,0,0,0,0,5,yellow
430,55,food,425.025341979,441.170534291,0,0,0,0,0,5,green
430,83,food,293.756928363,73.620169967,0,0,0,0,0,5,green
430,88,food,608.423251349,113.480580203,0,0,0,0,0,5,green
430,203,e0,233.479775864,266.540627537,0,0,0,0,0,5,yellow
430,10,psm,97.6691510951,294.453904157,0,0,0,0,0,10,red
430,143,e0,369.661938197,469.959309306,0,0,0,0,0,5,yellow
430,198,e0,718.396523221,118.430061227,0,0,0,0,0,5,yellow
430,3,psm,322.319949631,405.394099336,0,0,0,0,0,10,red
430,41,food,354.999062897,255.317764611,0,0,0,0,0,5,green
430,150,e0,154.415061134,499.402373327,0,0,0,0,0,5,yellow
430,0,psm,776.63380713,406.501645917,0,0,0,0,0,10,red
430,141,e0,514.816794416,496.543054491,0,0,0,0,0,5,yellow
430,61,food,662.916952846,181.31829772,0,0,0,0,0,5,green
430,103,food,124.953229989,421.947335873,0,0,0,0,0,5,green
430,69,food,271.33864777,214.993379493,0,0,0,0,0,5,green
430,140,e0,672.468644089,242.333605405,0,0,0,0,0,5,yellow
430,146,e0,724.173054257,383.292247608,0,0,0,0,0,5,yellow
430,1,psm,506.217503217,260.296640632,0,0,0,0,0,10,red
430,153,e0,612.016316765,33.1259404499,0,0,0,0,0,5,yellow
430,194,e0,208.534379913,459.175413589,0,0,0,0,0,5,yellow
430,71,food,546.730039647,105.251502215,0,0,0,0,0,5,green
430,168,e0,315.023308774,138.9389272,0,0,0,0,0,5,yellow
430,26,food,180.044768319,128.59717675,0,0,0,0,0,5,green
430,42,food,554.981700357,6.2128433437,0,0,0,0,0,5,green
430,67,food,316.191323636,446.417738932,0,0,0,0,0,5,green
430,38,food,115.358367762,343.530710239,0,0,0,0,0,5,green
430,129,e0,869.162208045,136.868789577,0,0,0,0,0,5,yellow
430,187,e0,365.635885714,505.290740334,0,0,0,0,0,5,yellow
430,80,food,248.724670957,426.884211269,0,0,0,0,0,5,green
430,124,e0,678.315953626,83.8870109691,0,0,0,0,0,5,yellow
430,130,e0,943.474693991,78.5159569937,0,0,0,0,0,5,yellow
430,138,e0,586.679875449,84.2101217209,0,0,0,0,0,5,yellow
430,75,food,823.164657374,481.444988874,0,0,0,0,0,5,green
430,47,food,331.172596236,138.534560143,0,0,0,0,0,5,green
430,16,psm,567.59504803,279.625248499,0,0,0,0,0,10,red
430,45,food,646.488877807,334.201023558,0,0,0,0,0,5,green
430,171,e0,842.694455318,244.51932342,0,0,0,0,0,5,yellow
430,173,e0,920.61718954,369.719866316,0,0,0,0,0,5,yellow
430,20,food,819.443511145,509.048314585,0,0,0,0,0,5,green
430,77,food,762.763625514,78.6515198332,0,0,0,0,0,5,green
430,82,food,484.717106353,366.707372888,0,0,0,0,0,5,green
430,48,food,813.861779449,359.003500062,0,0,0,0,0,5,green
430,156,e0,527.440983246,355.568440114,0,0,0,0,0,5,yellow
430,160,e0,612.577323119,220.54617732,0,0,0,0,0,5,yellow
430,104,food,782.645439608,61.8807127993,0,0,0,0,0,5,green
430,139,e0,863.521433022,69.2149114111,0,0,0,0,0,5,yellow
430,119,food,814.109330274,441.571223785,0,0,0,0,0,5,green
430,136,e0,67.4493725115,129.188547041,0,0,0,0,0,5,yellow
430,137,e0,529.030884819,420.958257614,0,0,0,0,0,5,yellow
430,169,e0,236.40063503,259.744040375,0,0,0,0,0,5,yellow
430,216,e0,694.227110021,569.554191106,0,0,0,0,0,5,yellow
430,122,e0,785.50745861,422.158065873,0,0,0,0,0,5,yellow
430,142,e0,540.886637247,356.891003692,0,0,0,0,0,5,yellow
430,12,psm,289.25702042,484.653401841,0,0,0,0,0,10,red
430,59,food,403.287900457,125.659746193,0,0,0,0,0,5,green
430,182,e0,961.799395903,252.930330287,0,0,0,0,0,5,yellow
430,115,food,728.343606811,250.552440007,0,0,0,0,0,5,green
430,144,e0,445.450550598,555.533202394,0,0,0,0,0,5,yellow
430,110,food,478.906572161,457.32373287,0,0,0,0,0,5,green
430,72,food,446.790668187,72.6306176677,0,0,0,0,0,5,green
430,73,food,780.706963655,523.010605066,0,0,0,0,0,5,green
430,98,food,542.001918968,315.20649889,0,0,0,0,0,5,green
430,24,food,733.069224167,92.1133391214,0,0,0,0,0,5,green
430,193,e0,796.607565892,103.082659891,0,0,0,0,0,5,yellow
430,212,e0,215.648905965,373.456044842,0,0,0,0,0,5,yellow
430,86,food,416.415855617,356.13832243,0,0,0,0,0,5,green
430,87,food,841.086584789,207.538685478,0,0,0,0,0,5,green
430,95,food,940.382779984,278.949823786,0,0,0,0,0,5,green
430,2,psm,482.138857717,330.439420679,0,0,0,0,0,10,red
430,40,food,442.694771602,255.501002106,0,0,0,0,0,5,green
430,206,e0,180.926143517,223.412415409,0,0,0,0,0,5,yellow
430,177,e0,347.32177445,256.116594403,0,0,0,0,0,5,yellow
430,60,food,778.453365475,502.485106204,0,0,0,0,0,5,green
430,155,e0,222.625140272,266.570631205,0,0,0,0,0,5,yellow
430,185,e0,109.864396101,255.069447937,0,0,0,0,0,5,yellow
430,50,food,445.330947244,204.764735458,0,0,0,0,0,5,green
430,56,food,711.259465774,28.7159542584,0,0,0,0,0,5,green
430,28,food,98.4238538573,314.45743004,0,0,0,0,0,5,green
430,65,food,838.034663362,386.890853832,0,0,0,0,0,5,green
430,195,e0,430.771254564,350.661724441,0,0,0,0,0,5,yellow
430,84,food,162.500094145,172.412358919,0,0,0,0,0,5,green
430,14,psm,185.020674563,319.71086723,0,0,0,0,0,10,red
430,62,food,42.9900951019,58.4256737667,0,0,0,0,0,5,green
430,120,e0,296.918800736,108.194922355,0,0,0,0,0,5,yellow
430,11,psm,361.906313717,450.294540638,0,0,0,0,0,10,red
430,22,food,860.337238364,323.818316808,0,0,0,0,0,5,green
430,78,food,505.497356866,297.22004349,0,0,0,0,0,5,green
430,209,e0,774.990819219,453.739136044,0,0,0,0,0,5,yellow
430,15,psm,753.075609138,314.359000126,0,0,0,0,0,10,red
430,196,e0,232.195441598,216.498780404,0,0,0,0,0,5,yellow
430,29,food,650.483346535,42.5795861135,0,0,0,0,0,5,green
430,128,e0,74.8380897862,217.960984092,0,0,0,0,0,5,yellow
430,6,psm,477.139115137,141.682025452,0,0,0,0,0,10,red
430,106,food,167.775442216,533.452580282,0,0,0,0,0,5,green
430,175,e0,600.505307656,136.350814713,0,0,0,0,0,5,yellow
430,200,e0,526.462645548,496.821941703,0,0,0,0,0,5,yellow
430,161,e0,467.433837876,413.94906612,0,0,0,0,0,5,yellow
430,94,food,361.726746974,141.269697978,0,0,0,0,0,5,green
430,117,food,506.625890972,502.692183572,0,0,0,0,0,5,green
430,9,psm,676.059879898,257.460106483,0,0,0,0,0,10,red
430,217,e0,692.624348499,390.954548444,0,0,0,0,0,5,yellow
430,105,food,505.177244041,474.596832653,0,0,0,0,0,5,green
430,201,e0,144.7479325,431.993151653,0,0,0,0,0,5,yellow
430,181,e0,652.116238324,108.982117224,0,0,0,0,0,5,yellow
430,111,food,615.371995715,233.596746756,0,0,0,0,0,5,green
430,113,food,783.876435988,513.851541731,0,0,0,0,0,5,green
430,5,psm,348.717182121,390.761218287,0,0,0,0,0,10,red
430,27,food,782.214194397,114.869866564,0,0,0,0,0,5,green
430,64,food,723.516885611,387.678425924,0,0,0,0,0,5,green
430,25,food,617.58948699,485.36880786,0,0,0,0,0,5,green
430,218,e0,314.079616371,220.311419248,0,0,0,0,0,5,yellow
430,208,e0,571.623757672,406.974666067,0,0,0,0,0,5,yellow
430,186,e0,217.254644902,140.249387263,0,0,0,0,0,5,yellow
430,167,e0,682.759697769,424.334983412,0,0,0,0,0,5,yellow
430,134,e0,774.961809457,218.198475061,0,0,0,0,0,5,yellow
430,192,e0,437.348187376,90.4851189121,0,0,0,0,0,5,yellow
430,96,food,571.134693677,380.095405831,0,0,0,0,0,5,green
430,148,e0,680.797183072,277.961329665,0,0,0,0,0,5,yellow
430,109,food,542.392061656,230.617055645,0,0,0,0,0,5,green
430,207,e0,120.048011914,424.945063004,0,0,0,0,0,5,yellow
430,90,food,78.0374911784,130.861751891,0,0,0,0,0,5,green
430,157,e0,619.333514636,245.20022725,0,0,0,0,0,5,yellow
430,183,e0,356.866678987,95.0216674098,0,0,0,0,0,5,yellow
430,91,food,806.465210002,337.153929798,0,0,0,0,0,5,green
430,52,food,490.334421164,207.761031736,0,0,0,0,0,5,green
430,102,food,897.150179542,205.57557966,0,0,0,0,0,5,green
430,189,e0,469.851939022,413.488904475,0,0,0,0,0,5,yellow
430,204,e0,620.648190209,194.422053437,0,0,0,0,0,5,yellow
430,89,food,358.359862433,528.582332963,0,0,0,0,0,5,green
430,118,food,568.043441766,160.535869867,0,0,0,0,0,5,green
430,214,e0,283.099126087,348.248123861,0,0,0,0,0,5,yellow
430,202,e0,682.730165326,382.768290253,0,0,0,0,0,5,yellow
430,210,e0,618.397583828,501.792648506,0,0,0,0,0,5,yellow
430,36,food,228.96865466,227.008788692,0,0,0,0,0,5,green
430,19,psm,706.11603417,450.934351025,0,0,0,0,0,10,red
430,93,food,253.56932023,69.7268437642,0,0,0,0,0,5,green
430,213,e0,907.409179883,291.036813018,0,0,0,0,0,5,yellow
430,21,food,685.443257503,187.10710979,0,0,0,0,0,5,green
430,99,food,761.285172649,243.643593105,0,0,0,0,0,5,green
430,58,food,302.408910552,540.438498205,0,0,0,0,0,5,green
440,145,e0,627.279280634,373.119925196,0,0,0,0,0,5,yellow
440,180,e0,338.673902943,95.439689939,0,0,0,0,0,5,yellow
440,165,e0,625.899051012,364.424743174,0,0,0,0,0,5,yellow
440,211,e0,454.864071383,239.689759059,0,0,0,0,0,5,yellow
440,8,psm,308.527877238,426.009796572,0,0,0,0,0,10,red
440,205,e0,570.383081668,144.206035957,0,0,0,0,0,5,yellow
440,219,e0,131.03891691,45.1967029593,0,0,0,0,0,5,yellow
440,184,e0,294.850148303,257.281493717,0,0,0,0,0,5,yellow
440,92,food,180.908367814,77.0840720614,0,0,0,0,0,5,green
440,215,e0,822.176600664,256.080431752,0,0,0,0,0,5,yellow
440,63,food,967.730973668,500.762864309,0,0,0,0,0,5,green
440,49,food,639.994000272,196.54175602,0,0,0,0,0,5,green
440,162,e0,129.864781583,179.135556101,0,0,0,0,0,5,yellow
440,174,e0,296.225315615,145.716425757,0,0,0,0,0,5,yellow
440,188,e0,738.86128129,21.7317758528,0,0,0,0,0,5,yellow
440,190,e0,963.353349502,337.204539627,0,0,0,0,0,5,yellow
440,76,food,924.127223083,340.983562722,0,0,0,0,0,5,green
440,18,psm,591.55063133,365.792312894,0,0,0,0,0,10,red
440,121,e0,902.460736302,467.730023364,0,0,0,0,0,5,yellow
440,132,e0,584.637355136,156.938375046,0,0,0,0,0,5,yellow
440,108,food,40.4838359251,346.478478623,0,0,0,0,0,5,green
440,197,e0,551.387474827,139.052711966,0,0,0,0,0,5,yellow
440,127,e0,275.765491912,345.58686579,0,0,0,0,0,5,yellow
440,170,e0,386.545622699,400.832081719,0,0,0,0,0,5,yellow
440,135,e0,357.664348018,290.856471123,0,0,0,0,0,5,yellow
440,159,e0,726.860443662,204.246946974,0,0,0,0,0,5,yellow
440,85,food,237.122881755,525.989330447,0,0,0,0,0,5,green
440,66,food,280.077371673,317.421392577,0,0,0,0,0,5,green
440,107,food,333.738682606,65.0864371925,0,0,0,0,0,5,green
440,147,e0,699.027243372,326.478588858,0,0,0,0,0,5,yellow
440,158,e0,298.7292772,225.823208027,0,0,0,0,0,5,yellow
440,39,food,271.656254987,393.988503354,0,0,0,0,0,5,green
440,70,food,515.034672453,139.29803493,0,0,0,0,0,5,green
440,34,food,286.480409132,396.496233404,0,0,0,0,0,5,green
440,100,food,835.875476278,381.78324303,0,0,0,0,0,5,green
440,31,food,145.028014893,70.3051424035,0,0,0,0,0,5,green
440,17,psm,564.99454215,215.035523478,0,0,0,0,0,10,red
440,114,food,836.997204894,307.097336706,0,0,0,0,0,5,green
440,46,food,444.195115701,428.553253833,0,0,0,0,0,5,green
440,172,e0,823.053512156,238.36392946,0,0,0,0,0,5,yellow
440,97,food,963.414168021,429.723958076,0,0,0,0,0,5,green
440,126,e0,844.021178573,67.1543663895,0,0,0,0,0,5,yellow
440,55,food,426.286382281,442.711419846,0,0,0,0,0,5,green
440,83,food,294.499088058,75.4665304676,0,0,0,0,0,5,green
440,88,food,606.670010226,114.424736247,0,0,0,0,0,5,green
440,203,e0,232.418991295,264.869472542,0,0,0,0,0,5,yellow
440,10,psm,97.5314766517,294.547819312,0,0,0,0,0,10,red
440,143,e0,367.973487013,471.001750921,0,0,0,0,0,5,yellow
440,198,e0,717.529547989,120.21642485,0,0,0,0,0,5,yellow
440,3,psm,322.37337839,405.551948291,0,0,0,0,0,10,red
440,41,food,354.159304271,253.50874031,0,0,0,0,0,5,green
440,150,e0,154.310832828,497.415444348,0,0,0,0,0,5,yellow
440,0,psm,776.800214992,406.49525237,0,0,0,0,0,10,red
440,141,e0,516.335737081,495.255009652,0,0,0,0,0,5,yellow
440,61,food,660.928630582,181.130337476,0,0,0,0,0,5,green
440,103,food,124.638127801,423.914689936,0,0,0,0,0,5,green
440,69,food,269.347524426,215.11860148,0,0,0,0,0,5,green
440,140,e0,670.501551862,242.018412491,0,0,0,0,0,5,yellow
440,146,e0,726.025033281,384.017984774,0,0,0,0,0,5,yellow
440,1,psm,506.116988269,260.429545145,0,0,0,0,0,10,red
440,153,e0,613.073846955,31.4470048427,0,0,0,0,0,5,yellow
440,194,e0,210.369026095,458.404338976,0,0,0,0,0,5,yellow
440,71,food,547.814308082,103.581559901,0,0,0,0,0,5,green
440,168,e0,317.004956731,139.182242974,0,0,0,0,0,5,yellow
440,26,food,180.918945947,130.37522771,0,0,0,0,0,5,green
440,42,food,554.042130926,4.46043216191,0,0,0,0,0,5,green
440,67,food,315.005002682,447.983922859,0,0,0,0,0,5,green
440,38,food,114.36024583,341.801933596,0,0,0,0,0,5,green
440,129,e0,870.165210721,135.145431922,0,0,0,0,0,5,yellow
440,187,e0,367.095299785,506.651575932,0,0,0,0,0,5,yellow
440,80,food,247.871170246,425.096573852,0,0,0,0,0,5,green
440,124,e0,676.947182432,82.4731855158,0,0,0,0,0,5,yellow
440,130,e0,944.703340389,76.9753670869,0,0,0,0,0,5,yellow
440,138,e0,584.69300416,84.1337163173,0,0,0,0,0,5,yellow
440,47,food,329.85636298,137.047438694,0,0,0,0,0,5,green
440,16,psm,567.632253599,279.787696575,0,0,0,0,0,10,red
440,45,food,648.226159459,335.152442445,0,0,0,0,0,5,green
440,171,e0,842.693098481,242.556399646,0,0,0,0,0,5,yellow
440,173,e0,918.750536309,370.358621946,0,0,0,0,0,5,yellow
440,20,food,818.175741999,510.586325808,0,0,0,0,0,5,green
440,77,food,763.228280929,76.71861536,0,0,0,0,0,5,green
440,82,food,484.481468155,364.733163,0,0,0,0,0,5,green
440,48,food,815.199704699,360.463160671,0,0,0,0,0,5,green
440,156,e0,527.594362701,357.519837183,0,0,0,0,0,5,yellow
440,160,e0,611.018206143,219.31050002,0,0,0,0,0,5,yellow
440,104,food,780.690551859,62.1415091954,0,0,0,0,0,5,green
440,139,e0,861.698497587,68.4071380703,0,0,0,0,0,5,yellow
440,119,food,812.133620077,441.771325789,0,0,0,0,0,5,green
440,136,e0,68.2519992827,130.997918902,0,0,0,0,0,5,yellow
440,137,e0,528.564759535,419.034239446,0,0,0,0,0,5,yellow
440,169,e0,238.238991103,260.520612014,0,0,0,0,0,5,yellow
440,216,e0,695.551841508,571.046275813,0,0,0,0,0,5,yellow
440,122,e0,787.412455226,421.568404437,0,0,0,0,0,5,yellow
440,142,e0,540.737070756,354.900634452,0,0,0,0,0,5,yellow
440,12,psm,289.093498019,484.68400364,0,0,0,0,0,10,red
440,59,food,401.482389862,126.361647559,0,0,0,0,0,5,green
440,182,e0,963.597208101,253.783996552,0,0,0,0,0,5,yellow
440,115,food,726.400875833,250.962109533,0,0,0,0,0,5,green
440,144,e0,444.468803806,557.268103181,0,0,0,0,0,5,yellow
440,110,food,477.885643138,455.611141565,0,0,0,0,0,5,green
440,72,food,448.47607224,71.5611307056,0,0,0,0,0,5,green
440,73,food,779.661831922,521.332408241,0,0,0,0,0,5,green
440,98,food,543.968937852,315.480124271,0,0,0,0,0,5,green
440,24,food,733.022588977,94.0881476565,0,0,0,0,0,5,green
440,193,e0,795.435832232,104.689541223,0,0,0,0,0,5,yellow
440,212,e0,214.33941604,374.887208261,0,0,0,0,0,5,yellow
440,86,food,418.187497867,355.220036803,0,0,0,0,0,5,green
440,87,food,839.111205612,207.660069822,0,0,0,0,0,5,green
440,95,food,939.727124394,277.066973527,0,0,0,0,0,5,green
440,2,psm,482.097984417,330.277889683,0,0,0,0,0,10,red
440,40,food,440.784984017,256.059519425,0,0,0,0,0,5,green
440,206,e0,179.9464431,221.680757828,0,0,0,0,0,5,yellow
440,177,e0,345.365054609,255.743441433,0,0,0,0,0,5,yellow
440,60,food,776.466530203,502.655533471,0,0,0,0,0,5,green
440,155,e0,224.526471366,267.155546422,0,0,0,0,0,5,yellow
440,185,e0,111.597657218,254.084809694,0,0,0,0,0,5,yellow
440,50,food,444.466676493,206.542860961,0,0,0,0,0,5,green
440,56,food,712.995141705,29.6059194481,0,0,0,0,0,5,green
440,28,food,97.7351754334,312.585690902,0,0,0,0,0,5,green
440,65,food,837.695319381,388.855815545,0,0,0,0,0,5,green
440,195,e0,429.31707847,349.30084097,0,0,0,0,0,5,yellow
440,84,food,160.738500915,173.329430925,0,0,0,0,0,5,green
440,14,psm,184.860566922,319.756474301,0,0,0,0,0,10,red
440,62,food,40.9961826856,58.4256599498,0,0,0,0,0,5,green
440,120,e0,294.941823784,108.19818564,0,0,0,0,0,5,yellow
440,11,psm,362.07286871,450.291632967,0,0,0,0,0,10,red
440,22,food,858.87862689,322.46298752,0,0,0,0,0,5,green
440,78,food,503.578200316,297.745253485,0,0,0,0,0,5,green
440,209,e0,774.215689225,455.566071479,0,0,0,0,0,5,yellow
440,15,psm,753.069504605,314.192523771,0,0,0,0,0,10,red
440,196,e0,234.172407157,216.720375164,0,0,0,0,0,5,yellow
440,29,food,649.982983297,40.6585267049,0,0,0,0,0,5,green
440,128,e0,75.7950162774,216.213300033,0,0,0,0,0,5,yellow
440,6,psm,477.181674925,141.843109813,0,0,0,0,0,10,red
440,106,food,168.2215394,531.521663051,0,0,0,0,0,5,green
440,175,e0,598.781080149,135.367443709,0,0,0,0,0,5,yellow
440,200,e0,528.005075818,498.084164455,0,0,0,0,0,5,yellow
440,161,e0,466.212638658,415.523422223,0,0,0,0,0,5,yellow
440,94,food,363.633009965,141.856153212,0,0,0,0,0,5,green
440,117,food,508.446311365,503.48745155,0,0,0,0,0,5,green
440,9,psm,675.983232861,257.312236727,0,0,0,0,0,10,red
440,217,e0,692.969951008,392.867838604,0,0,0,0,0,5,yellow
440,105,food,506.686668876,475.886018279,0,0,0,0,0,5,green
440,201,e0,145.332307204,433.892047461,0,0,0,0,0,5,yellow
440,181,e0,653.414658623,107.467243667,0,0,0,0,0,5,yellow
440,111,food,613.903981168,234.92788095,0,0,0,0,0,5,green
440,113,food,785.803819583,514.364333803,0,0,0,0,0,5,green
440,5,psm,348.710496638,390.594787608,0,0,0,0,0,10,red
440,27,food,783.769563893,116.107130406,0,0,0,0,0,5,green
440,64,food,724.13158863,385.796331852,0,0,0,0,0,5,green
440,25,food,618.517791188,487.137084858,0,0,0,0,0,5,green
440,218,e0,312.521614912,219.085462897,0,0,0,0,0,5,yellow
440,208,e0,573.187103315,408.195756084,0,0,0,0,0,5,yellow
440,186,e0,215.515182289,139.285329355,0,0,0,0,0,5,yellow
440,167,e0,682.964211073,426.314687946,0,0,0,0,0,5,yellow
440,134,e0,774.280219628,220.052876614,0,0,0,0,0,5,yellow
440,192,e0,435.400218494,90.7926668717,0,0,0,0,0,5,yellow
440,96,food,570.623942959,378.17546133,0,0,0,0,0,5,green
440,148,e0,678.940478076,277.267095612,0,0,0,0,0,5,yellow
440,109,food,542.042859819,232.577780191,0,0,0,0,0,5,green
440,207,e0,121.117574793,423.272303494,0,0,0,0,0,5,yellow
440,90,food,77.291222087,132.708648693,0,0,0,0,0,5,green
440,157,e0,618.784987875,243.320859327,0,0,0,0,0,5,yellow
440,183,e0,357.044111576,93.0336158196,0,0,0,0,0,5,yellow
440,91,food,805.201512834,335.615157823,0,0,0,0,0,5,green
440,52,food,488.517473022,208.5735858,0,0,0,0,0,5,green
440,102,food,897.122448813,207.568100796,0,0,0,0,0,5,green
440,189,e0,471.6468171,414.3411219,0,0,0,0,0,5,yellow
440,204,e0,622.626224783,194.20716418,0,0,0,0,0,5,yellow
440,89,food,359.054410447,526.725284519,0,0,0,0,0,5,green
440,118,food,569.489215097,161.912668958,0,0,0,0,0,5,green
440,214,e0,283.006743464,346.273282037,0,0,0,0,0,5,yellow
440,202,e0,682.646511778,384.759042499,0,0,0,0,0,5,yellow
440,210,e0,620.390918562,501.747377423,0,0,0,0,0,5,yellow
440,36,food,228.979030551,225.016425956,0,0,0,0,0,5,green
440,19,psm,706.248839049,450.834272932,0,0,0,0,0,10,red
440,93,food,255.300472382,68.8488553349,0,0,0,0,0,5,green
440,213,e0,906.081039504,292.527503727,0,0,0,0,0,5,yellow
440,21,food,686.683577902,185.565509492,0,0,0,0,0,5,green
440,99,food,759.461001407,242.891418188,0,0,0,0,0,5,green
440,58,food,302.802084851,542.333795693,0,0,0,0,0,5,green
440,101,food,507.811154403,177.813046106,0,0,0,0,0,5,green
440,7,psm,830.88677156,487.027632286,0,0,0,0,0,10,red
440,164,e0,60.0424499667,313.585910975,0,0,0,0,0,5,yellow
440,57,food,137.660660492,108.509339321,0,0,0,0,0,5,green
440,166,e0,87.579307156,361.147985564,0,0,0,0,0,5,yellow
440,176,e0,684.979094307,306.198904379,0,0,0,0,0,5,yellow
450,145,e0,629.117124184,373.805043098,0,0,0,0,0,5,yellow
450,180,e0,339.632686637,97.1628865323,0,0,0,0,0,5,yellow
450,165,e0,624.043192154,365.159540511,0,0,0,0,0,5,yellow
450,211,e0,452.882290069,239.89106851,0,0,0,0,0,5,yellow
450,8,psm,308.688762169,425.966688594,0,0,0,0,0,10,red
450,205,e0,569.62749772,142.363986156,0,0,0,0,0,5,yellow
450,219,e0,131.627263654,43.2955633871,0,0,0,0,0,5,yellow
450,184,e0,295.682502185,255.518592599,0,0,0,0,0,5,yellow
450,92,food,182.816648862,76.504214266,0,0,0,0,0,5,green
450,215,e0,823.310329678,257.711589517,0,0,0,0,0,5,yellow
450,63,food,968.928111901,502.357292133,0,0,0,0,0,5,green
450,49,food,638.0035531,196.61833949,0,0,0,0,0,5,green
450,162,e0,129.564397935,181.098242465,0,0,0,0,0,5,yellow
450,174,e0,296.573433494,143.794099315,0,0,0,0,0,5,yellow
450,188,e0,740.322067546,20.3790984717,0,0,0,0,0,5,yellow
450,190,e0,965.00259385,336.209422586,0,0,0,0,0,5,yellow
450,76,food,925.582257161,342.29583007,0,0,0,0,0,5,green
450,18,psm,591.669560057,365.675847926,0,0,0,0,0,10,red
450,121,e0,902.898540723,469.657923547,0,0,0,0,0,5,yellow
450,132,e0,583.185446098,155.579329073,0,0,0,0,0,5,yellow
450,108,food,42.4693875698,346.596410793,0,0,0,0,0,5,green
450,197,e0,550.171602434,137.474032993,0,0,0,0,0,5,yellow
450,127,e0,275.059452186,343.718500807,0,0,0,0,0,5,yellow
450,170,e0,384.69543771,401.572000267,0,0,0,0,0,5,yellow
450,135,e0,359.057448379,292.253607322,0,0,0,0,0,5,yellow
450,159,e0,728.803288441,204.593340592,0,0,0,0,0,5,yellow
450,85,food,237.447338155,524.028771043,0,0,0,0,0,5,green
450,66,food,279.422259474,315.549940811,0,0,0,0,0,5,green
450,107,food,333.535244069,63.1150227174,0,0,0,0,0,5,green
450,147,e0,697.32732078,327.479841974,0,0,0,0,0,5,yellow
450,158,e0,300.672417495,225.417868421,0,0,0,0,0,5,yellow
450,39,food,273.575115175,393.584328513,0,0,0,0,0,5,green
450,70,food,516.250569682,137.731380271,0,0,0,0,0,5,green
450,34,food,287.808209188,397.955914855,0,0,0,0,0,5,green
450,100,food,837.704692925,382.5747426,0,0,0,0,0,5,green
450,31,food,147.007591,70.1561841134,0,0,0,0,0,5,green
450,17,psm,564.953983791,214.874052564,0,0,0,0,0,10,red
450,114,food,837.648881098,308.956640488,0,0,0,0,0,5,green
450,46,food,445.377385699,430.151434087,0,0,0,0,0,5,green
450,172,e0,823.933833066,236.606310001,0,0,0,0,0,5,yellow
450,97,food,963.11988015,427.754354589,0,0,0,0,0,5,green
450,126,e0,844.942098913,65.4085813324,0,0,0,0,0,5,yellow
450,55,food,427.882903243,443.798596203,0,0,0,0,0,5,green
450,83,food,295.200846321,77.3335737552,0,0,0,0,0,5,green
450,88,food,604.777132076,115.061734424,0,0,0,0,0,5,green
450,203,e0,231.399529749,263.159115642,0,0,0,0,0,5,yellow
450,10,psm,97.3996383991,294.649715498,0,0,0,0,0,10,red
450,143,e0,366.190854483,471.867655971,0,0,0,0,0,5,yellow
450,198,e0,716.025276751,121.509968496,0,0,0,0,0,5,yellow
450,3,psm,322.452265043,405.69845774,0,0,0,0,0,10,red
450,41,food,352.516226918,252.438396814,0,0,0,0,0,5,green
450,150,e0,153.320953688,495.722546726,0,0,0,0,0,5,yellow
450,0,psm,776.964934357,406.470635613,0,0,0,0,0,10,red
450,141,e0,518.052969436,494.251537314,0,0,0,0,0,5,yellow
450,61,food,658.95426742,180.915957603,0,0,0,0,0,5,green
450,103,food,124.450811843,425.895989055,0,0,0,0,0,5,green
450,69,food,267.403243145,215.528524081,0,0,0,0,0,5,green
450,140,e0,668.671435757,241.398094305,0,0,0,0,0,5,yellow
450,146,e0,727.989048381,384.315127738,0,0,0,0,0,5,yellow
450,1,psm,506.039923676,260.576957285,0,0,0,0,0,10,red
450,153,e0,613.414641129,29.4962567089,0,0,0,0,0,5,yellow
450,194,e0,211.934090081,457.172829831,0,0,0,0,0,5,yellow
450,71,food,548.785545648,101.851381556,0,0,0,0,0,5,green
450,168,e0,318.93053509,139.683601992,0,0,0,0,0,5,yellow
450,26,food,182.113759044,131.922826712,0,0,0,0,0,5,green
450,42,food,553.798815559,2.52717695823,0,0,0,0,0,5,green
450,67,food,313.306661753,449.028800657,0,0,0,0,0,5,green
450,38,food,114.268907892,339.838110613,0,0,0,0,0,5,green
450,129,e0,871.420392114,133.59530904,0,0,0,0,0,5,yellow
450,187,e0,368.611393363,507.928190144,0,0,0,0,0,5,yellow
450,80,food,246.328469551,423.847837028,0,0,0,0,0,5,green
450,124,e0,675.041194928,81.8795844976,0,0,0,0,0,5,yellow
450,130,e0,946.009083041,75.4730587151,0,0,0,0,0,5,yellow
450,138,e0,582.803295876,83.7600111861,0,0,0,0,0,5,yellow
450,47,food,328.059634144,136.234440829,0,0,0,0,0,5,green
450,16,psm,567.681235808,279.946915587,0,0,0,0,0,10,red
450,45,food,650.167950866,335.600786082,0,0,0,0,0,5,green
450,171,e0,843.209596445,240.628527976,0,0,0,0,0,5,yellow
450,173,e0,917.049016562,371.384714108,0,0,0,0,0,5,yellow
450,20,food,816.905093531,512.116695432,0,0,0,0,0,5,green
450,77,food,763.307565374,74.7355674548,0,0,0,0,0,5,green
450,82,food,483.52771972,362.984362101,0,0,0,0,0,5,green
450,48,food,816.835803801,361.608791643,0,0,0,0,0,5,green
450,156,e0,528.023395966,359.379079935,0,0,0,0,0,5,yellow
450,160,e0,609.667339633,217.846736887,0,0,0,0,0,5,yellow
450,104,food,778.71358254,62.2556375936,0,0,0,0,0,5,green
450,139,e0,860.349980287,66.9654063348,0,0,0,0,0,5,yellow
450,119,food,810.151770597,441.958656875,0,0,0,0,0,5,green
450,136,e0,68.6868689734,132.942824808,0,0,0,0,0,5,yellow
450,137,e0,528.065378547,417.103261508,0,0,0,0,0,5,yellow
450,169,e0,240.078014323,261.249178531,0,0,0,0,0,5,yellow
450,216,e0,696.977606683,572.437709165,0,0,0,0,0,5,yellow
450,122,e0,789.020112993,420.417077902,0,0,0,0,0,5,yellow
450,142,e0,540.056392101,353.030317688,0,0,0,0,0,5,yellow
450,12,psm,288.939085024,484.746390539,0,0,0,0,0,10,red
450,59,food,400.094940844,127.793460058,0,0,0,0,0,5,green
450,182,e0,965.555221815,253.773113337,0,0,0,0,0,5,yellow
450,115,food,724.928034884,252.279686171,0,0,0,0,0,5,green
450,144,e0,443.968973797,559.176717662,0,0,0,0,0,5,yellow
450,110,food,477.840603212,453.622356462,0,0,0,0,0,5,green
450,72,food,450.316759368,70.8062265613,0,0,0,0,0,5,green
450,73,food,778.28624458,519.892769481,0,0,0,0,0,5,green
450,98,food,545.865982042,314.892698991,0,0,0,0,0,5,green
450,24,food,732.462941476,95.9896946827,0,0,0,0,0,5,green
450,193,e0,793.894034054,105.929867118,0,0,0,0,0,5,yellow
450,212,e0,213.271477164,376.569992553,0,0,0,0,0,5,yellow
450,86,food,419.936267376,354.309915906,0,0,0,0,0,5,green
450,87,food,837.130221566,207.794940865,0,0,0,0,0,5,green
450,95,food,939.51333876,275.106110432,0,0,0,0,0,5,green
450,2,psm,482.036461274,330.123294587,0,0,0,0,0,10,red
450,40,food,438.953372322,256.83712839,0,0,0,0,0,5,green
450,206,e0,178.617092507,220.199176513,0,0,0,0,0,5,yellow
450,177,e0,343.550529914,254.912671878,0,0,0,0,0,5,yellow
450,60,food,774.526681615,502.225326882,0,0,0,0,0,5,green
450,155,e0,226.266890867,268.132222544,0,0,0,0,0,5,yellow
450,185,e0,113.123816261,252.827093361,0,0,0,0,0,5,yellow
450,50,food,444.255365036,208.520449801,0,0,0,0,0,5,green
450,56,food,714.856781254,30.3205711253,0,0,0,0,0,5,green
450,28,food,97.7355490351,310.600991393,0,0,0,0,0,5,green
450,65,food,838.082253632,390.792079957,0,0,0,0,0,5,green
450,195,e0,427.564951997,348.357568238,0,0,0,0,0,5,yellow
450,84,food,158.855757893,173.054719603,0,0,0,0,0,5,green
450,14,psm,184.705370122,319.816982146,0,0,0,0,0,10,red
450,62,food,39.0224400359,58.2041862537,0,0,0,0,0,5,green
450,120,e0,292.960740555,108.149881692,0,0,0,0,0,5,yellow
450,11,psm,362.238138856,450.270461171,0,0,0,0,0,10,red
450,22,food,857.617584221,320.927539347,0,0,0,0,0,5,green
450,78,food,501.651792545,298.130518825,0,0,0,0,0,5,green
450,209,e0,773.387566052,457.361547331,0,0,0,0,0,5,yellow
450,15,psm,753.069795656,314.025971316,0,0,0,0,0,10,red
450,196,e0,236.114620056,217.183122423,0,0,0,0,0,5,yellow
450,29,food,648.723350045,39.2172992094,0,0,0,0,0,5,green
450,128,e0,77.0247609246,214.645116315,0,0,0,0,0,5,yellow
450,6,psm,477.240005378,141.999120685,0,0,0,0,0,10,red
450,106,food,168.200907192,529.535577507,0,0,0,0,0,5,green
450,175,e0,597.307848398,134.081321846,0,0,0,0,0,5,yellow
450,200,e0,529.834370257,498.848981986,0,0,0,0,0,5,yellow
450,161,e0,465.041967054,417.117451718,0,0,0,0,0,5,yellow
450,94,food,365.543240844,142.414670698,0,0,0,0,0,5,green
450,117,food,510.311735654,504.177575412,0,0,0,0,0,5,green
450,9,psm,675.896403717,257.169987809,0,0,0,0,0,10,red
450,217,e0,692.712925831,394.846515121,0,0,0,0,0,5,yellow
450,105,food,508.209471637,477.168323303,0,0,0,0,0,5,green
450,201,e0,145.942299203,435.791907817,0,0,0,0,0,5,yellow
450,181,e0,654.161323171,105.62819662,0,0,0,0,0,5,yellow
450,111,food,612.149392462,235.872724865,0,0,0,0,0,5,green
450,113,food,787.565819065,515.226387526,0,0,0,0,0,5,green
450,5,psm,348.704971903,390.428245296,0,0,0,0,0,10,red
450,27,food,785.337065531,117.336262736,0,0,0,0,0,5,green
450,64,food,724.790968126,383.913250776,0,0,0,0,0,5,green
450,25,food,619.686925014,488.733974573,0,0,0,0,0,5,green
450,218,e0,310.909571474,217.918668122,0,0,0,0,0,5,yellow
450,208,e0,574.850380643,409.296685272,0,0,0,0,0,5,yellow
450,186,e0,213.663893605,138.630502179,0,0,0,0,0,5,yellow
450,167,e0,683.686065435,428.175907478,0,0,0,0,0,5,yellow
450,134,e0,774.470521712,222.02191431,0,0,0,0,0,5,yellow
450,192,e0,433.772724731,91.931854578,0,0,0,0,0,5,yellow
450,96,food,570.526429359,376.182823138,0,0,0,0,0,5,green
450,148,e0,677.333772479,276.082562145,0,0,0,0,0,5,yellow
450,109,food,541.897807614,234.556620261,0,0,0,0,0,5,green
450,207,e0,121.911417133,421.467304134,0,0,0,0,0,5,yellow
450,90,food,76.4042276303,134.487398898,0,0,0,0,0,5,green
450,157,e0,619.374467404,241.416631876,0,0,0,0,0,5,yellow
450,183,e0,357.545091743,91.1227722477,0,0,0,0,0,5,yellow
450,91,food,803.660589318,334.353787759,0,0,0,0,0,5,green
450,52,food,487.027637398,209.882710867,0,0,0,0,0,5,green
450,102,food,896.852689302,209.538484477,0,0,0,0,0,5,green
450,189,e0,473.059259214,415.692764816,0,0,0,0,0,5,yellow
450,204,e0,624.557091086,193.715115043,0,0,0,0,0,5,yellow
450,89,food,359.656757,524.826267291,0,0,0,0,0,5,green
450,118,food,570.951893936,163.257098152,0,0,0,0,0,5,green
450,214,e0,281.743549017,344.758640233,0,0,0,0,0,5,yellow
450,202,e0,681.991521514,386.608190199,0,0,0,0,0,5,yellow
450,210,e0,622.383224751,501.869191632,0,0,0,0,0,5,yellow
450,36,food,229.269390189,223.054555046,0,0,0,0,0,5,green
450,19,psm,706.369715444,450.719565516,0,0,0,0,0,10,red
450,93,food,256.549504735,67.2952398062,0,0,0,0,0,5,green
450,213,e0,904.676371973,293.937026505,0,0,0,0,0,5,yellow
450,21,food,687.726630227,183.87721347,0,0,0,0,0,5,green
450,99,food,757.617853552,242.15434946,0,0,0,0,0,5,green
450,58,food,302.237524812,544.239572715,0,0,0,0,0,5,green
450,101,food,508.63392304,179.620089235,0,0,0,0,0,5,green
450,7,psm,830.734008881,487.093738245,0,0,0,0,0,10,red
450,164,e0,61.5706311726,314.822856599,0,0,0,0,0,5,yellow
450,57,food,136.58636937,106.836851419,0,0,0,0,0,5,green
450,166,e0,89.2652278615,362.179801468,0,0,0,0,0,5,yellow
450,176,e0,684.280029062,308.028078063,0,0,0,0,0,5,yellow
450,163,e0,608.023705294,62.1968830067,0,0,0,0,0,5,yellow
460,145,e0,631.02430688,374.359057525,0,0,0,0,0,5,yellow
460,180,e0,340.587482827,98.9140101489,0,0,0,0,0,5,yellow
460,165,e0,622.096173966,365.559056375,0,0,0,0,0,5,yellow
460,211,e0,450.916802318,239.642515725,0,0,0,0,0,5,yellow
460,8,psm,308.844718898,425.9080684,0,0,0,0,0,10,red
460,205,e0,569.267732589,140.404353662,0,0,0,0,0,5,yellow
460,219,e0,131.662040994,41.303354031,0,0,0,0,0,5,yellow
460,184,e0,296.334851572,253.63469813,0,0,0,0,0,5,yellow
460,92,food,184.78445068,76.2241351423,0,0,0,0,0,5,green
460,215,e0,824.49180141,259.313981597,0,0,0,0,0,5,yellow
460,63,food,970.333675849,503.749873214,0,0,0,0,0,5,green
460,49,food,636.015464247,196.729475634,0,0,0,0,0,5,green
460,162,e0,129.790245558,183.081761919,0,0,0,0,0,5,yellow
460,174,e0,297.05558539,141.860486612,0,0,0,0,0,5,yellow
460,188,e0,741.270563629,18.6849889163,0,0,0,0,0,5,yellow
460,190,e0,966.767806009,335.309656476,0,0,0,0,0,5,yellow
460,76,food,926.96140777,343.729000961,0,0,0,0,0,5,green
460,18,psm,591.771902098,365.544383775,0,0,0,0,0,10,red
460,121,e0,903.507429148,471.530861968,0,0,0,0,0,5,yellow
460,132,e0,581.539776872,154.465219622,0,0,0,0,0,5,yellow
460,108,food,44.3789593999,347.094071907,0,0,0,0,0,5,green
460,197,e0,549.259948189,135.734384733,0,0,0,0,0,5,yellow
460,127,e0,273.743046549,342.293687217,0,0,0,0,0,5,yellow
460,170,e0,383.322068997,403.019351636,0,0,0,0,0,5,yellow
460,135,e0,359.84081958,294.081125936,0,0,0,0,0,5,yellow
460,159,e0,730.553500306,205.516525499,0,0,0,0,0,5,yellow
460,85,food,238.286374914,522.221354987,0,0,0,0,0,5,green
460,66,food,279.194472918,313.578072546,0,0,0,0,0,5,green
460,107,food,333.899468997,61.1776533451,0,0,0,0,0,5,green
460,147,e0,696.074403055,329.021676598,0,0,0,0,0,5,yellow
460,158,e0,302.560458787,224.786131922,0,0,0,0,0,5,yellow
460,39,food,275.502536968,393.103434002,0,0,0,0,0,5,green
460,70,food,517.792897724,136.473332861,0,0,0,0,0,5,green
460,34,food,288.600679531,399.787160527,0,0,0,0,0,5,green
460,100,food,839.183704408,383.896527001,0,0,0,0,0,5,green
460,31,food,148.99332543,70.1497158,0,0,0,0,0,5,green
460,17,psm,564.888146246,214.721178704,0,0,0,0,0,10,red
460,114,food,838.597037219,310.710057604,0,0,0,0,0,5,green
460,46,food,446.848036808,431.470645171,0,0,0,0,0,5,green
460,172,e0,823.937265142,234.610844521,0,0,0,0,0,5,yellow
460,97,food,962.715374781,425.815127741,0,0,0,0,0,5,green
460,126,e0,846.580313157,64.2951647275,0,0,0,0,0,5,yellow
460,55,food,429.479510717,444.941930034,0,0,0,0,0,5,green
460,83,food,296.771496211,78.4978349857,0,0,0,0,0,5,green
460,88,food,603.253499644,116.298828904,0,0,0,0,0,5,green
460,203,e0,230.425502128,261.42313284,0,0,0,0,0,5,yellow
460,10,psm,97.2712359476,294.75593923,0,0,0,0,0,10,red
460,143,e0,364.552212135,473.006576703,0,0,0,0,0,5,yellow
460,198,e0,714.577805365,122.831465433,0,0,0,0,0,5,yellow
460,3,psm,322.55842503,405.826781192,0,0,0,0,0,10,red
460,41,food,350.713423244,251.597591688,0,0,0,0,0,5,green
460,150,e0,151.678258424,494.654789952,0,0,0,0,0,5,yellow
460,0,psm,777.126033356,406.428071627,0,0,0,0,0,10,red
460,141,e0,519.994548225,493.835312569,0,0,0,0,0,5,yellow
460,61,food,656.993479079,180.65128393,0,0,0,0,0,5,green
460,103,food,124.460546015,427.876108417,0,0,0,0,0,5,green
460,69,food,265.572505883,216.271842535,0,0,0,0,0,5,green
460,140,e0,667.180542276,240.083841937,0,0,0,0,0,5,yellow
460,146,e0,729.976435275,384.270090999,0,0,0,0,0,5,yellow
460,1,psm,505.98027935,260.732336068,0,0,0,0,0,10,red
460,153,e0,614.125732688,27.6341308918,0,0,0,0,0,5,yellow
460,194,e0,213.669155266,456.198759244,0,0,0,0,0,5,yellow
460,71,food,549.325206024,99.9315109376,0,0,0,0,0,5,green
460,168,e0,320.879244297,139.414978796,0,0,0,0,0,5,yellow
460,26,food,183.755768586,133.051271312,0,0,0,0,0,5,green
460,42,food,554.146640353,0.573731660134,0,0,0,0,0,5,green
460,67,food,312.124684871,450.614919477,0,0,0,0,0,5,green
460,38,food,114.296852991,337.84522726,0,0,0,0,0,5,green
460,129,e0,872.648593909,132.049633869,0,0,0,0,0,5,yellow
460,187,e0,370.193328805,509.137422173,0,0,0,0,0,5,yellow
460,80,food,244.976612309,422.388197932,0,0,0,0,0,5,green
460,124,e0,673.108931623,81.4121123481,0,0,0,0,0,5,yellow
460,130,e0,947.534847193,74.2212444259,0,0,0,0,0,5,yellow
460,138,e0,581.398735066,82.3455253347,0,0,0,0,0,5,yellow
460,47,food,326.275761439,135.51604656,0,0,0,0,0,5,green
460,16,psm,567.735493861,280.104492416,0,0,0,0,0,10,red
460,45,food,652.121251848,335.754646503,0,0,0,0,0,5,green
460,171,e0,844.641347754,239.305404767,0,0,0,0,0,5,yellow
460,173,e0,915.85140813,372.968009894,0,0,0,0,0,5,yellow
460,20,food,815.064050984,512.844978839,0,0,0,0,0,5,green
460,77,food,764.088414866,72.9127070936,0,0,0,0,0,5,green
460,82,food,482.245959006,361.457088175,0,0,0,0,0,5,green
460,48,food,818.416391381,362.817185847,0,0,0,0,0,5,green
460,156,e0,527.261206239,361.218852478,0,0,0,0,0,5,yellow
460,160,e0,608.171131205,216.527587529,0,0,0,0,0,5,yellow
460,104,food,776.777303917,61.8339489337,0,0,0,0,0,5,green
460,139,e0,858.449821472,66.3735372536,0,0,0,0,0,5,yellow
460,119,food,808.217760972,441.516347844,0,0,0,0,0,5,green
460,136,e0,69.0048158345,134.906253673,0,0,0,0,0,5,yellow
460,137,e0,527.55541692,415.173197242,0,0,0,0,0,5,yellow
460,169,e0,241.46765996,262.653060773,0,0,0,0,0,5,yellow
460,216,e0,698.123638098,574.056360411,0,0,0,0,0,5,yellow
460,122,e0,790.94723622,419.926286248,0,0,0,0,0,5,yellow
460,142,e0,538.942247431,351.392501695,0,0,0,0,0,5,yellow
460,12,psm,288.795817632,484.831120725,0,0,0,0,0,10,red
460,59,food,398.550280383,129.048694641,0,0,0,0,0,5,green
460,182,e0,967.437173452,253.165417294,0,0,0,0,0,5,yellow
460,115,food,723.287475951,253.399211404,0,0,0,0,0,5,green
460,144,e0,442.635348867,560.641432003,0,0,0,0,0,5,yellow
460,110,food,477.488381873,451.666994356,0,0,0,0,0,5,green
460,72,food,452.214955646,70.2040942807,0,0,0,0,0,5,green
460,73,food,776.520840942,518.96593413,0,0,0,0,0,5,green
460,98,food,547.758403524,314.315153602,0,0,0,0,0,5,green
460,24,food,731.47508983,97.7147146814,0,0,0,0,0,5,green
460,193,e0,792.118659749,106.826640029,0,0,0,0,0,5,yellow
460,212,e0,212.835821168,378.519021617,0,0,0,0,0,5,yellow
460,86,food,421.060276178,352.687944183,0,0,0,0,0,5,green
460,87,food,835.138912913,207.802079708,0,0,0,0,0,5,green
460,95,food,940.317325301,273.291654931,0,0,0,0,0,5,green
460,2,psm,481.954498001,329.97842679,0,0,0,0,0,10,red
460,40,food,437.092235513,257.52855629,0,0,0,0,0,5,green
460,206,e0,176.86790575,219.31977345,0,0,0,0,0,5,yellow
460,177,e0,341.884551519,253.859430543,0,0,0,0,0,5,yellow
460,60,food,772.536533281,502.218235653,0,0,0,0,0,5,green
460,155,e0,227.856166227,269.333982805,0,0,0,0,0,5,yellow
460,185,e0,114.487295514,251.389569332,0,0,0,0,0,5,yellow
460,50,food,444.11292517,210.503337197,0,0,0,0,0,5,green
460,56,food,716.572611483,31.2828956501,0,0,0,0,0,5,green
460,65,food,837.517584007,392.698454951,0,0,0,0,0,5,green
460,195,e0,425.999870239,347.121487709,0,0,0,0,0,5,yellow
460,84,food,157.367985423,171.742781831,0,0,0,0,0,5,green
460,14,psm,184.562956937,319.903232442,0,0,0,0,0,10,red
460,62,food,37.0701461728,57.942374417,0,0,0,0,0,5,green
460,120,e0,291.094774751,107.698249534,0,0,0,0,0,5,yellow
460,11,psm,362.40209447,450.240665381,0,0,0,0,0,10,red
460,22,food,856.876287777,319.095793769,0,0,0,0,0,5,green
460,78,food,499.698876824,297.736822271,0,0,0,0,0,5,green
460,209,e0,772.680620796,459.223215465,0,0,0,0,0,5,yellow
460,15,psm,753.048335109,313.860734065,0,0,0,0,0,10,red
460,196,e0,238.049982181,217.662161359,0,0,0,0,0,5,yellow
460,29,food,646.748740072,38.9572919632,0,0,0,0,0,5,green
460,128,e0,78.3106437069,213.166290242,0,0,0,0,0,5,yellow
460,6,psm,477.311175609,142.149681361,0,0,0,0,0,10,red
460,106,food,167.781115658,527.595346957,0,0,0,0,0,5,green
460,175,e0,595.684782991,132.92777301,0,0,0,0,0,5,yellow
460,200,e0,531.705731258,499.429024397,0,0,0,0,0,5,yellow
460,161,e0,463.590936316,418.489596552,0,0,0,0,0,5,yellow
460,94,food,367.4742006,142.903196066,0,0,0,0,0,5,green
460,117,food,512.292977518,504.177632713,0,0,0,0,0,5,green
460,9,psm,675.795039471,257.037888516,0,0,0,0,0,10,red
460,217,e0,692.581464437,396.827170394,0,0,0,0,0,5,yellow
460,105,food,509.989997844,478.025212554,0,0,0,0,0,5,green
460,201,e0,146.218597626,437.756897088,0,0,0,0,0,5,yellow
460,181,e0,654.73659556,103.722804636,0,0,0,0,0,5,yellow
460,111,food,610.56970661,237.089273647,0,0,0,0,0,5,green
460,113,food,788.934530816,516.663022259,0,0,0,0,0,5,green
460,5,psm,348.695383352,390.261936282,0,0,0,0,0,10,red
460,27,food,786.573468676,118.885258998,0,0,0,0,0,5,green
460,64,food,725.714064884,382.147613155,0,0,0,0,0,5,green
460,25,food,621.250961391,489.96453407,0,0,0,0,0,5,green
460,218,e0,309.330958225,216.721041698,0,0,0,0,0,5,yellow
460,208,e0,576.18528186,410.768583702,0,0,0,0,0,5,yellow
460,186,e0,211.734807959,138.124280125,0,0,0,0,0,5,yellow
460,167,e0,684.433352202,430.025538303,0,0,0,0,0,5,yellow
460,134,e0,774.086585102,223.940240504,0,0,0,0,0,5,yellow
460,192,e0,432.049253845,92.9389849924,0,0,0,0,0,5,yellow
460,96,food,570.349561597,374.201494924,0,0,0,0,0,5,green
460,148,e0,675.737622378,274.901336079,0,0,0,0,0,5,yellow
460,109,food,541.957289949,236.502579542,0,0,0,0,0,5,green
460,207,e0,121.6396039,419.514033727,0,0,0,0,0,5,yellow
460,90,food,75.6329734986,136.312970028,0,0,0,0,0,5,green
460,157,e0,619.949504666,239.512125217,0,0,0,0,0,5,yellow
460,183,e0,357.849609413,89.1564733936,0,0,0,0,0,5,yellow
460,91,food,802.30275642,332.897638762,0,0,0,0,0,5,green
460,52,food,485.31645961,210.729364821,0,0,0,0,0,5,green
460,102,food,896.510113547,211.501422883,0,0,0,0,0,5,green
460,189,e0,473.97176804,417.460909494,0,0,0,0,0,5,yellow
460,204,e0,626.504249276,193.918913566,0,0,0,0,0,5,yellow
460,89,food,360.248433914,522.926808786,0,0,0,0,0,5,green
460,118,food,572.00059157,164.887117815,0,0,0,0,0,5,green
460,214,e0,280.720054371,343.067756476,0,0,0,0,0,5,yellow
460,202,e0,680.933810423,388.269378284,0,0,0,0,0,5,yellow
460,210,e0,624.356725964,501.75895062,0,0,0,0,0,5,yellow
460,36,food,229.815264994,221.149561794,0,0,0,0,0,5,green
460,19,psm,706.484637323,450.598885639,0,0,0,0,0,10,red
460,93,food,257.881474897,65.8204974159,0,0,0,0,0,5,green
460,213,e0,902.837588611,294.572855413,0,0,0,0,0,5,yellow
460,21,food,688.677533277,182.133382308,0,0,0,0,0,5,green
460,99,food,755.93476285,241.106875634,0,0,0,0,0,5,green
460,58,food,301.551548259,546.095459725,0,0,0,0,0,5,green
460,101,food,509.504056063,181.411798191,0,0,0,0,0,5,green
460,7,psm,830.671709906,486.959650251,0,0,0,0,0,10,red
460,164,e0,62.5508329813,316.555416785,0,0,0,0,0,5,yellow
460,57,food,135.342357882,105.289249227,0,0,0,0,0,5,green
460,166,e0,90.6717722944,363.568434238,0,0,0,0,0,5,yellow
460,176,e0,683.385690165,309.814103515,0,0,0,0,0,5,yellow
460,163,e0,606.088971639,62.6325285035,0,0,0,0,0,5,yellow
460,4,psm,827.949820553,494.141265616,0,0,0,0,0,10,red
460,81,food,106.684645898,480.451458346,0,0,0,0,0,5,green
460,152,e0,277.203472053,190.026843985,0,0,0,0,0,5,yellow
460,112,food,610.477523082,445.639467975,0,0,0,0,0,5,green
460,23,food,455.199878165,380.006979899,0,0,0,0,0,5,green
470,145,e0,632.933480317,374.910230209,0,0,0,0,0,5,yellow
470,180,e0,341.772541617,100.498516668,0,0,0,0,0,5,yellow
470,165,e0,620.117207795,365.528385942,0,0,0,0,0,5,yellow
470,211,e0,449.133906722,238.757556528,0,0,0,0,0,5,yellow
470,8,psm,308.99547852,425.837126636,0,0,0,0,0,10,red
470,205,e0,569.201870858,138.418061795,0,0,0,0,0,5,yellow
470,219,e0,131.712891014,39.3346525751,0,0,0,0,0,5,yellow
470,184,e0,296.580431014,251.700095363,0,0,0,0,0,5,yellow
470,92,food,186.699229939,76.7694201061,0,0,0,0,0,5,green
470,215,e0,825.73366127,260.875090589,0,0,0,0,0,5,yellow
470,63,food,971.535069342,505.236974944,0,0,0,0,0,5,green
470,49,food,634.042781393,196.957205744,0,0,0,0,0,5,green
470,162,e0,129.71381154,185.072642997,0,0,0,0,0,5,yellow
470,174,e0,297.210405251,139.889160766,0,0,0,0,0,5,yellow
470,188,e0,740.855492824,16.8291715557,0,0,0,0,0,5,yellow
470,190,e0,968.632441158,334.60128245,0,0,0,0,0,5,yellow
470,76,food,928.458345458,345.048795529,0,0,0,0,0,5,green
470,18,psm,591.855630596,365.400526317,0,0,0,0,0,10,red
470,121,e0,903.715161067,473.507937969,0,0,0,0,0,5,yellow
470,132,e0,580.216715678,152.97522793,0,0,0,0,0,5,yellow
470,108,food,46.3290385411,346.977369862,0,0,0,0,0,5,green
470,197,e0,549.697405452,133.807930795,0,0,0,0,0,5,yellow
470,127,e0,271.885763589,341.632845295,0,0,0,0,0,5,yellow
470,170,e0,382.526768802,404.830526874,0,0,0,0,0,5,yellow
470,135,e0,359.922463639,296.056158245,0,0,0,0,0,5,yellow
470,159,e0,732.421658811,206.200190686,0,0,0,0,0,5,yellow
470,85,food,239.384240521,520.588455076,0,0,0,0,0,5,green
470,66,food,279.660520664,311.636777954,0,0,0,0,0,5,green
470,107,food,333.075907626,59.3621160135,0,0,0,0,0,5,green
470,147,e0,695.128881156,330.777764399,0,0,0,0,0,5,yellow
470,158,e0,304.306758434,223.838108501,0,0,0,0,0,5,yellow
470,39,food,277.489262393,392.926149388,0,0,0,0,0,5,green
470,70,food,519.365814233,135.278847714,0,0,0,0,0,5,green
470,34,food,289.179303308,401.690615259,0,0,0,0,0,5,green
470,100,food,839.997512736,385.706310552,0,0,0,0,0,5,green
470,31,food,150.972038462,70.3715443316,0,0,0,0,0,5,green
470,17,psm,564.800688071,214.579571167,0,0,0,0,0,10,red
470,114,food,839.335558933,312.547828681,0,0,0,0,0,5,green
470,46,food,448.657468543,432.299115824,0,0,0,0,0,5,green
470,172,e0,823.283463447,232.733202255,0,0,0,0,0,5,yellow
470,97,food,962.195775654,423.889316315,0,0,0,0,0,5,green
470,126,e0,847.760559189,62.7000933514,0,0,0,0,0,5,yellow
470,55,food,431.085922373,446.056075147,0,0,0,0,0,5,green
470,83,food,298.586666604,79.3251444121,0,0,0,0,0,5,green
470,88,food,602.060653554,117.899310674,0,0,0,0,0,5,green
470,203,e0,229.041976128,259.990272652,0,0,0,0,0,5,yellow
470,10,psm,97.1544963583,294.874733225,0,0,0,0,0,10,red
470,143,e0,363.124215545,474.400076403,0,0,0,0,0,5,yellow
470,198,e0,713.018475003,124.067654258,0,0,0,0,0,5,yellow
470,3,psm,322.672706856,405.948054461,0,0,0,0,0,10,red
470,41,food,348.885565614,250.881197975,0,0,0,0,0,5,green
470,150,e0,149.686654635,494.585199121,0,0,0,0,0,5,yellow
470,0,psm,777.281085067,406.367306201,0,0,0,0,0,10,red
470,141,e0,521.839282844,493.086365178,0,0,0,0,0,5,yellow
470,61,food,655.116865299,180.005136247,0,0,0,0,0,5,green
470,103,food,125.234108403,429.707299314,0,0,0,0,0,5,green
470,69,food,263.884782514,217.326596916,0,0,0,0,0,5,green
470,140,e0,666.354353029,238.28735766,0,0,0,0,0,5,yellow
470,146,e0,731.952628545,383.999326418,0,0,0,0,0,5,yellow
470,1,psm,505.941111899,260.894240071,0,0,0,0,0,10,red
470,153,e0,614.323658141,25.650797773,0,0,0,0,0,5,yellow
470,194,e0,215.541656831,455.51350879,0,0,0,0,0,5,yellow
470,71,food,550.468505257,98.2987548897,0,0,0,0,0,5,green
470,168,e0,322.596693088,138.395227955,0,0,0,0,0,5,yellow
470,26,food,185.320572317,134.282438692,0,0,0,0,0,5,green
470,42,food,554.382852039,0,0,0,0,0,0,5,green
470,67,food,311.320049318,452.431281749,0,0,0,0,0,5,green
470,38,food,115.19568732,336.081930514,0,0,0,0,0,5,green
470,129,e0,874.45447216,131.222884547,0,0,0,0,0,5,yellow
470,187,e0,371.431438353,510.705166559,0,0,0,0,0,5,yellow
470,80,food,243.81639023,420.786842178,0,0,0,0,0,5,green
470,124,e0,671.186880831,80.9408928165,0,0,0,0,0,5,yellow
470,130,e0,948.472800236,72.4860772872,0,0,0,0,0,5,yellow
470,138,e0,580.249298001,80.7160281787,0,0,0,0,0,5,yellow
470,47,food,324.688723346,134.341660918,0,0,0,0,0,5,green
470,16,psm,567.790846894,280.261676107,0,0,0,0,0,10,red
470,45,food,653.89362515,334.859050661,0,0,0,0,0,5,green
470,171,e0,846.468177486,238.518628285,0,0,0,0,0,5,yellow
470,173,e0,914.864592579,374.698086837,0,0,0,0,0,5,yellow
470,20,food,813.554766698,514.073559836,0,0,0,0,0,5,green
470,77,food,764.312395795,70.9818873778,0,0,0,0,0,5,green
470,82,food,480.740421123,360.176356342,0,0,0,0,0,5,green
470,48,food,819.615455729,364.403020702,0,0,0,0,0,5,green
470,156,e0,526.808394652,363.164701942,0,0,0,0,0,5,yellow
470,160,e0,606.602642122,215.315861166,0,0,0,0,0,5,yellow
470,104,food,774.998673752,60.9545820089,0,0,0,0,0,5,green
470,139,e0,856.490149141,66.0977159369,0,0,0,0,0,5,yellow
470,119,food,806.345663417,440.838871005,0,0,0,0,0,5,green
470,136,e0,69.274384532,136.843359289,0,0,0,0,0,5,yellow
470,137,e0,526.665433905,413.395726039,0,0,0,0,0,5,yellow
470,169,e0,242.127000205,264.516153182,0,0,0,0,0,5,yellow
470,216,e0,699.060419526,575.818165161,0,0,0,0,0,5,yellow
470,122,e0,792.897994774,419.987713187,0,0,0,0,0,5,yellow
470,142,e0,537.83414409,349.750063227,0,0,0,0,0,5,yellow
470,12,psm,288.662917385,484.931632902,0,0,0,0,0,10,red
470,59,food,397.201187802,130.515732567,0,0,0,0,0,5,green
470,182,e0,969.196234277,252.237836822,0,0,0,0,0,5,yellow
470,115,food,721.450199578,254.118913487,0,0,0,0,0,5,green
470,144,e0,440.907485685,561.614333436,0,0,0,0,0,5,yellow
470,110,food,476.750975736,449.814123791,0,0,0,0,0,5,green
470,72,food,454.197540076,70.0098115914,0,0,0,0,0,5,green
470,73,food,774.776050147,518.02322473,0,0,0,0,0,5,green
470,98,food,549.506633279,313.381604474,0,0,0,0,0,5,green
470,24,food,730.173200608,99.2227876285,0,0,0,0,0,5,green
470,193,e0,790.260875628,107.525286467,0,0,0,0,0,5,yellow
470,212,e0,212.201768282,380.369004261,0,0,0,0,0,5,yellow
470,86,food,421.572101475,350.763820614,0,0,0,0,0,5,green
470,87,food,833.168916155,207.599072893,0,0,0,0,0,5,green
470,95,food,941.327398438,271.576974682,0,0,0,0,0,5,green
470,2,psm,481.858431213,329.842243443,0,0,0,0,0,10,red
470,40,food,435.447413896,258.654837162,0,0,0,0,0,5,green
470,177,e0,340.028792102,253.176869353,0,0,0,0,0,5,yellow
470,60,food,770.566234255,502.315294912,0,0,0,0,0,5,green
470,155,e0,229.170235049,270.835011792,0,0,0,0,0,5,yellow
470,185,e0,115.685570129,249.817546899,0,0,0,0,0,5,yellow
470,50,food,443.734084871,212.438320821,0,0,0,0,0,5,green
470,56,food,717.95803627,32.7124346943,0,0,0,0,0,5,green
470,65,food,837.168300842,394.658302542,0,0,0,0,0,5,green
470,195,e0,424.761967961,345.559719519,0,0,0,0,0,5,yellow
470,84,food,155.846144134,170.461124296,0,0,0,0,0,5,green
470,14,psm,184.425328281,319.997115644,0,0,0,0,0,10,red
470,62,food,35.244829739,58.6698343656,0,0,0,0,0,5,green
470,120,e0,290.067350673,105.9942601,0,0,0,0,0,5,yellow
470,11,psm,362.561570927,450.192820286,0,0,0,0,0,10,red
470,22,food,856.952430484,317.110309062,0,0,0,0,0,5,green
470,78,food,497.719316877,297.559848516,0,0,0,0,0,5,green
470,209,e0,771.698090559,460.959763811,0,0,0,0,0,5,yellow
470,15,psm,753.004122728,313.700223869,0,0,0,0,0,10,red
470,196,e0,240.03967949,217.533527312,0,0,0,0,0,5,yellow
470,29,food,644.802328311,39.392395979,0,0,0,0,0,5,green
470,128,e0,79.2841016812,211.424397903,0,0,0,0,0,5,yellow
470,6,psm,477.402309849,142.288953017,0,0,0,0,0,10,red
470,106,food,167.314138571,525.664697287,0,0,0,0,0,5,green
470,175,e0,594.159588502,131.656645518,0,0,0,0,0,5,yellow
470,200,e0,533.626783158,499.728534096,0,0,0,0,0,5,yellow
470,161,e0,462.06969912,419.779725876,0,0,0,0,0,5,yellow
470,94,food,369.380342061,143.43901775,0,0,0,0,0,5,green
470,117,food,514.283456669,504.271562414,0,0,0,0,0,5,green
470,9,psm,675.686802252,256.911159014,0,0,0,0,0,10,red
470,217,e0,693.092280303,398.747477217,0,0,0,0,0,5,yellow
470,105,food,511.967926431,478.285579102,0,0,0,0,0,5,green
470,201,e0,145.800573065,439.681591002,0,0,0,0,0,5,yellow
470,181,e0,655.156832893,101.777698367,0,0,0,0,0,5,yellow
470,111,food,609.066274034,238.396512254,0,0,0,0,0,5,green
470,113,food,790.352056175,518.06101577,0,0,0,0,0,5,green
470,5,psm,348.662738689,390.098565458,0,0,0,0,0,10,red
470,27,food,787.866447706,120.404539761,0,0,0,0,0,5,green
470,64,food,726.910627206,380.577440856,0,0,0,0,0,5,green
470,25,food,622.642346283,491.390180331,0,0,0,0,0,5,green
470,218,e0,307.875759774,215.382934581,0,0,0,0,0,5,yellow
470,208,e0,578.016779717,411.534585373,0,0,0,0,0,5,yellow
470,186,e0,209.862074588,137.453513088,0,0,0,0,0,5,yellow
470,167,e0,685.579934957,431.656850232,0,0,0,0,0,5,yellow
470,134,e0,773.476777104,225.829798459,0,0,0,0,0,5,yellow
470,192,e0,430.240674342,93.7439998386,0,0,0,0,0,5,yellow
470,96,food,569.855662333,372.279196532,0,0,0,0,0,5,green
470,148,e0,673.972570463,273.993764315,0,0,0,0,0,5,yellow
470,109,food,541.538182094,238.43954329,0,0,0,0,0,5,green
470,207,e0,120.612630597,417.812600574,0,0,0,0,0,5,yellow
470,90,food,75.7921499416,138.282929988,0,0,0,0,0,5,green
470,157,e0,620.753694471,237.688557726,0,0,0,0,0,5,yellow
470,183,e0,358.154957651,87.1842810013,0,0,0,0,0,5,yellow
470,91,food,800.792234121,331.598419658,0,0,0,0,0,5,green
470,52,food,483.36030765,210.349142551,0,0,0,0,0,5,green
470,102,food,895.79451791,213.346905945,0,0,0,0,0,5,green
470,189,e0,475.092702525,419.098500622,0,0,0,0,0,5,yellow
470,204,e0,628.048489061,195.151560347,0,0,0,0,0,5,yellow
470,89,food,360.812483056,521.010292496,0,0,0,0,0,5,green
470,118,food,572.125882565,166.87872541,0,0,0,0,0,5,green
470,214,e0,279.414757012,341.612298779,0,0,0,0,0,5,yellow
470,202,e0,679.695512975,389.82610177,0,0,0,0,0,5,yellow
470,210,e0,626.331062142,501.752578803,0,0,0,0,0,5,yellow
470,36,food,230.661604679,219.351743417,0,0,0,0,0,5,green
470,19,psm,706.581950087,450.463958793,0,0,0,0,0,10,red
470,93,food,258.875281422,64.1143877429,0,0,0,0,0,5,green
470,213,e0,901.082260182,295.458909764,0,0,0,0,0,5,yellow
470,21,food,689.902274278,180.576741865,0,0,0,0,0,5,green
470,99,food,754.02176776,240.54763173,0,0,0,0,0,5,green
470,58,food,300.617671606,547.852273427,0,0,0,0,0,5,green
470,101,food,511.075526928,182.617055319,0,0,0,0,0,5,green
470,7,psm,830.610098652,486.804828088,0,0,0,0,0,10,red
470,164,e0,63.6257005086,318.236093574,0,0,0,0,0,5,yellow
470,57,food,133.53259766,104.577211323,0,0,0,0,0,5,green
470,166,e0,92.4463770609,364.468523239,0,0,0,0,0,5,yellow
470,176,e0,682.637612231,311.617957387,0,0,0,0,0,5,yellow
470,163,e0,604.172234198,63.175078314,0,0,0,0,0,5,yellow
470,4,psm,827.899437966,494.300090988,0,0,0,0,0,10,red
470,81,food,106.30308202,478.507079059,0,0,0,0,0,5,green
470,152,e0,278.163932304,188.29412375,0,0,0,0,0,5,yellow
470,112,food,611.451752154,447.368941105,0,0,0,0,0,5,green
470,23,food,457.087270402,380.608596808,0,0,0,0,0,5,green
470,154,e0,356.356626287,316.938225255,0,0,0,0,0,5,yellow
470,191,e0,136.366349055,434.091473155,0,0,0,0,0,5,yellow
470,13,psm,163.950091351,227.997093126,0,0,0,0,0,10,red
470,178,e0,911.554181952,527.77232562,0,0,0,0,0,5,yellow
470,116,food,761.362523115,87.1690473047,0,0,0,0,0,5,green
470,32,food,161.061803399,154.809788697,0,0,0,0,0,5,green
480,145,e0,634.640882763,375.86363954,0,0,0,0,0,5,yellow
480,180,e0,343.400404377,101.6062852,0,0,0,0,0,5,yellow
480,165,e0,618.218869328,366.066442761,0,0,0,0,0,5,yellow
480,211,e0,448.233719982,237.030824448,0,0,0,0,0,5,yellow
480,8,psm,309.140699454,425.755632961,0,0,0,0,0,10,red
480,205,e0,569.288726403,136.427332086,0,0,0,0,0,5,yellow
480,219,e0,132.218299966,37.4084991808,0,0,0,0,0,5,yellow
480,184,e0,296.065012584,249.776838822,0,0,0,0,0,5,yellow
480,92,food,188.678031334,76.5966216856,0,0,0,0,0,5,green
480,215,e0,827.317099035,262.063521387,0,0,0,0,0,5,yellow
480,63,food,972.401449117,507.02919787,0,0,0,0,0,5,green
480,49,food,632.127916827,196.987617404,0,0,0,0,0,5,green
480,162,e0,130.149654074,187.022503662,0,0,0,0,0,5,yellow
480,174,e0,297.856849355,138.001176407,0,0,0,0,0,5,yellow
480,188,e0,739.748317494,15.1753483405,0,0,0,0,0,5,yellow
480,190,e0,970.555283673,334.685243198,0,0,0,0,0,5,yellow
480,76,food,930.16701064,346.038641799,0,0,0,0,0,5,green
480,18,psm,591.919383363,365.246613176,0,0,0,0,0,10,red
480,121,e0,903.601005088,475.490726195,0,0,0,0,0,5,yellow
480,132,e0,578.846986728,151.548076117,0,0,0,0,0,5,yellow
480,108,food,48.1461325119,346.19480693,0,0,0,0,0,5,green
480,197,e0,550.378784041,131.971486768,0,0,0,0,0,5,yellow
480,127,e0,270.252169033,340.526194204,0,0,0,0,0,5,yellow
480,170,e0,381.990878005,406.738596765,0,0,0,0,0,5,yellow
480,135,e0,359.40291153,297.981982922,0,0,0,0,0,5,yellow
480,159,e0,734.112883499,207.153167207,0,0,0,0,0,5,yellow
480,85,food,240.179931421,518.855845348,0,0,0,0,0,5,green
480,66,food,280.826767726,310.037158119,0,0,0,0,0,5,green
480,107,food,332.568025346,57.4391033008,0,0,0,0,0,5,green
480,147,e0,694.171747548,332.525955496,0,0,0,0,0,5,yellow
480,158,e0,305.574147442,222.339468619,0,0,0,0,0,5,yellow
480,39,food,279.470398264,392.679416196,0,0,0,0,0,5,green
480,70,food,521.061202464,134.264227533,0,0,0,0,0,5,green
480,34,food,288.982210677,403.667678635,0,0,0,0,0,5,green
480,100,food,840.813717135,387.469667408,0,0,0,0,0,5,green
480,31,food,152.95881771,70.3054395075,0,0,0,0,0,5,green
480,17,psm,564.695183105,214.450668303,0,0,0,0,0,10,red
480,114,food,840.971779626,313.641401742,0,0,0,0,0,5,green
480,46,food,450.619461387,432.347212059,0,0,0,0,0,5,green
480,172,e0,823.194010943,230.749726836,0,0,0,0,0,5,yellow
480,97,food,961.728685667,421.958514953,0,0,0,0,0,5,green
480,126,e0,848.752248155,61.0023416499,0,0,0,0,0,5,yellow
480,55,food,433.059103525,445.84514499,0,0,0,0,0,5,green
480,83,food,300.231320421,80.4386989372,0,0,0,0,0,5,green
480,88,food,600.796704932,119.443787857,0,0,0,0,0,5,green
480,203,e0,227.187834058,259.267375686,0,0,0,0,0,5,yellow
480,10,psm,97.0557461187,295.008678445,0,0,0,0,0,10,red
480,143,e0,361.878657526,475.920489134,0,0,0,0,0,5,yellow
480,198,e0,711.560793344,125.398623242,0,0,0,0,0,5,yellow
480,3,psm,322.797806883,406.057957315,0,0,0,0,0,10,red
480,41,food,347.178247391,249.919383452,0,0,0,0,0,5,green
480,150,e0,148.143015311,493.424037901,0,0,0,0,0,5,yellow
480,0,psm,777.431380428,406.295296761,0,0,0,0,0,10,red
480,141,e0,523.571611031,492.125956602,0,0,0,0,0,5,yellow
480,61,food,653.131968523,179.918454704,0,0,0,0,0,5,green
480,103,food,125.063825411,431.653999274,0,0,0,0,0,5,green
480,69,food,262.24426983,218.390801471,0,0,0,0,0,5,green
480,140,e0,665.673303794,236.427594448,0,0,0,0,0,5,yellow
480,146,e0,733.901584398,383.684702921,0,0,0,0,0,5,yellow
480,1,psm,505.920241931,261.059437338,0,0,0,0,0,10,red
480,153,e0,614.628404325,23.6841002736,0,0,0,0,0,5,yellow
480,194,e0,217.220512047,454.460860077,0,0,0,0,0,5,yellow
480,71,food,551.435909072,96.5732221796,0,0,0,0,0,5,green
480,168,e0,324.10561503,137.088243035,0,0,0,0,0,5,yellow
480,26,food,186.356170992,135.979487746,0,0,0,0,0,5,green
480,42,food,554.72453519,0,0,0,0,0,0,5,green
480,67,food,309.844514583,453.726907939,0,0,0,0,0,5,green
480,38,food,115.267288018,334.10690964,0,0,0,0,0,5,green
480,129,e0,876.293627645,130.483732443,0,0,0,0,0,5,yellow
480,187,e0,372.352045796,512.473885286,0,0,0,0,0,5,yellow
480,80,food,242.397477762,419.422928982,0,0,0,0,0,5,green
480,124,e0,669.587669767,79.761859176,0,0,0,0,0,5,yellow
480,130,e0,948.265254756,70.5140380388,0,0,0,0,0,5,yellow
480,138,e0,578.508827501,79.8202403421,0,0,0,0,0,5,yellow
480,47,food,323.319499829,132.903695601,0,0,0,0,0,5,green
480,16,psm,567.855661238,280.415111074,0,0,0,0,0,10,red
480,45,food,655.652008681,333.940017434,0,0,0,0,0,5,green
480,171,e0,848.030121116,237.290007394,0,0,0,0,0,5,yellow
480,173,e0,913.250573743,375.815819761,0,0,0,0,0,5,yellow
480,20,food,812.982778863,515.979298928,0,0,0,0,0,5,green
480,77,food,762.954221991,69.5356074622,0,0,0,0,0,5,green
480,82,food,479.548207868,358.60052977,0,0,0,0,0,5,green
480,48,food,820.822551048,365.954542557,0,0,0,0,0,5,green
480,156,e0,527.013372847,365.148149323,0,0,0,0,0,5,yellow
480,160,e0,604.915626352,214.285083336,0,0,0,0,0,5,yellow
480,104,food,773.275046779,59.9556222004,0,0,0,0,0,5,green
480,139,e0,854.550766532,65.6822767386,0,0,0,0,0,5,yellow
480,119,food,804.799010741,439.59961512,0,0,0,0,0,5,green
480,136,e0,69.0455566943,138.821332749,0,0,0,0,0,5,yellow
480,137,e0,525.464619416,411.802203741,0,0,0,0,0,5,yellow
480,169,e0,242.558859687,266.464277984,0,0,0,0,0,5,yellow
480,216,e0,700.112177145,577.501320881,0,0,0,0,0,5,yellow
480,122,e0,794.436119446,421.246763261,0,0,0,0,0,5,yellow
480,142,e0,537.215629583,347.856897813,0,0,0,0,0,5,yellow
480,12,psm,288.537474113,485.041063547,0,0,0,0,0,10,red
480,59,food,395.650011473,131.739575934,0,0,0,0,0,5,green
480,182,e0,970.813403027,251.075825274,0,0,0,0,0,5,yellow
480,115,food,719.679542368,255.024881908,0,0,0,0,0,5,green
480,144,e0,439.196334073,562.626592876,0,0,0,0,0,5,yellow
480,110,food,475.516481699,448.256166384,0,0,0,0,0,5,green
480,72,food,456.168665878,69.7117346796,0,0,0,0,0,5,green
480,73,food,773.89879882,516.247264639,0,0,0,0,0,5,green
480,98,food,551.102172019,312.204724982,0,0,0,0,0,5,green
480,24,food,729.547253932,101.115772574,0,0,0,0,0,5,green
480,193,e0,788.270694354,107.459292028,0,0,0,0,0,5,yellow
480,212,e0,210.447567121,381.22029251,0,0,0,0,0,5,yellow
480,86,food,422.926293281,349.328297943,0,0,0,0,0,5,green
480,87,food,831.231957959,208.032573367,0,0,0,0,0,5,green
480,95,food,942.820416042,270.260824091,0,0,0,0,0,5,green
480,2,psm,481.751983027,329.714026017,0,0,0,0,0,10,red
480,40,food,433.896661645,259.906102466,0,0,0,0,0,5,green
480,177,e0,338.59733608,251.78966419,0,0,0,0,0,5,yellow
480,60,food,768.639620415,501.849179197,0,0,0,0,0,5,green
480,155,e0,230.620119223,272.146787823,0,0,0,0,0,5,yellow
480,185,e0,117.003509343,248.333078737,0,0,0,0,0,5,yellow
480,50,food,443.215617348,214.358900333,0,0,0,0,0,5,green
480,56,food,719.70520929,33.6769273752,0,0,0,0,0,5,green
480,65,food,836.38348789,396.48048537,0,0,0,0,0,5,green
480,195,e0,424.089715541,343.681905988,0,0,0,0,0,5,yellow
480,84,food,153.990751942,169.737912367,0,0,0,0,0,5,green
480,14,psm,184.300733659,320.107735272,0,0,0,0,0,10,red
480,62,food,33.2836135503,59.0403974034,0,0,0,0,0,5,green
480,120,e0,289.056181688,104.277686078,0,0,0,0,0,5,yellow
480,11,psm,362.712530409,450.122427212,0,0,0,0,0,10,red
480,22,food,857.398440818,315.180858372,0,0,0,0,0,5,green
480,78,food,495.752834537,297.389885167,0,0,0,0,0,5,green
480,209,e0,770.363287495,462.44220487,0,0,0,0,0,5,yellow
480,15,psm,752.947686535,313.543466826,0,0,0,0,0,10,red
480,196,e0,241.969955299,218.032713602,0,0,0,0,0,5,yellow
480,29,food,642.937383005,40.100804925,0,0,0,0,0,5,green
480,128,e0,80.5393293532,209.874390028,0,0,0,0,0,5,yellow
480,6,psm,477.505808464,142.419536096,0,0,0,0,0,10,red
480,106,food,167.50068191,523.686846133,0,0,0,0,0,5,green
480,175,e0,592.582532027,130.433371577,0,0,0,0,0,5,yellow
480,200,e0,535.405266204,500.607115161,0,0,0,0,0,5,yellow
480,161,e0,460.51891091,421.026948014,0,0,0,0,0,5,yellow
480,94,food,371.325817205,143.888174797,0,0,0,0,0,5,green
480,117,food,516.256241446,504.427581386,0,0,0,0,0,5,green
480,9,psm,675.568661273,256.793841751,0,0,0,0,0,10,red
480,217,e0,693.736100271,400.617894844,0,0,0,0,0,5,yellow
480,105,food,513.909309242,478.740833829,0,0,0,0,0,5,green
480,201,e0,144.883823534,441.450328329,0,0,0,0,0,5,yellow
480,181,e0,656.121001005,100.059534785,0,0,0,0,0,5,yellow
480,111,food,607.251876615,239.215837029,0,0,0,0,0,5,green
480,113,food,792.147410329,518.804347065,0,0,0,0,0,5,green
480,5,psm,348.62383498,389.936519848,0,0,0,0,0,10,red
480,27,food,789.457674527,121.577251822,0,0,0,0,0,5,green
480,64,food,728.708847383,379.769231349,0,0,0,0,0,5,green
480,25,food,623.493810163,493.175956695,0,0,0,0,0,5,green
480,218,e0,306.441641877,213.993145572,0,0,0,0,0,5,yellow
480,208,e0,579.662571217,412.605720815,0,0,0,0,0,5,yellow
480,186,e0,208.131812606,136.493975518,0,0,0,0,0,5,yellow
480,167,e0,687.216575481,432.790096454,0,0,0,0,0,5,yellow
480,134,e0,772.29590481,227.437323653,0,0,0,0,0,5,yellow
480,192,e0,428.587000073,94.8428455454,0,0,0,0,0,5,yellow
480,96,food,568.467238249,370.866856534,0,0,0,0,0,5,green
480,148,e0,672.176207073,273.141245655,0,0,0,0,0,5,yellow
480,109,food,540.441706409,240.071320211,0,0,0,0,0,5,green
480,207,e0,119.618609286,416.083879615,0,0,0,0,0,5,yellow
480,90,food,75.8468885959,140.261890861,0,0,0,0,0,5,green
480,157,e0,621.418278862,235.833255415,0,0,0,0,0,5,yellow
480,183,e0,358.384562776,85.1997849301,0,0,0,0,0,5,yellow
480,91,food,799.260563351,330.355894467,0,0,0,0,0,5,green
480,52,food,481.383560725,210.092376772,0,0,0,0,0,5,green
480,102,food,894.724120789,215.027257909,0,0,0,0,0,5,green
480,189,e0,476.335313183,420.649159432,0,0,0,0,0,5,yellow
480,204,e0,629.931752021,195.713596116,0,0,0,0,0,5,yellow
480,89,food,361.447373106,519.136040679,0,0,0,0,0,5,green
480,118,food,571.816652775,168.832295666,0,0,0,0,0,5,green
480,214,e0,277.718974569,340.560919413,0,0,0,0,0,5,yellow
480,202,e0,678.212854256,391.156085704,0,0,0,0,0,5,yellow
480,210,e0,627.875858492,500.514584901,0,0,0,0,0,5,yellow
480,36,food,232.113323194,217.993653329,0,0,0,0,0,5,green
480,19,psm,706.665211289,450.319749527,0,0,0,0,0,10,red
480,93,food,259.228064524,62.1540769333,0,0,0,0,0,5,green
480,213,e0,900.153733847,297.203143404,0,0,0,0,0,5,yellow
480,21,food,691.046236283,178.979603611,0,0,0,0,0,5,green
480,99,food,752.039502359,240.630680971,0,0,0,0,0,5,green
480,58,food,299.905130012,549.709060953,0,0,0,0,0,5,green
480,101,food,512.120737261,184.309201433,0,0,0,0,0,5,green
480,7,psm,830.533504779,486.657067939,0,0,0,0,0,10,red
480,164,e0,65.142191251,319.467163789,0,0,0,0,0,5,yellow
480,57,food,131.692457176,103.829305752,0,0,0,0,0,5,green
480,166,e0,94.3177863765,365.153406556,0,0,0,0,0,5,yellow
480,176,e0,683.131430752,313.523485054,0,0,0,0,0,5,yellow
480,163,e0,602.557767848,64.2710752342,0,0,0,0,0,5,yellow
480,4,psm,827.85408768,494.460359353,0,0,0,0,0,10,red
480,81,food,105.235765886,476.85408724,0,0,0,0,0,5,green
480,152,e0,279.036422379,186.504747938,0,0,0,0,0,5,yellow
480,112,food,612.33137062,449.156460212,0,0,0,0,0,5,green
480,23,food,458.3942234,382.100779929,0,0,0,0,0,5,green
480,154,e0,356.722131678,318.88890927,0,0,0,0,0,5,yellow
480,191,e0,134.67383389,435.050434887,0,0,0,0,0,5,yellow
480,13,psm,163.783457682,227.99971081,0,0,0,0,0,10,red
480,178,e0,913.21888263,526.691579567,0,0,0,0,0,5,yellow
480,116,food,763.245541459,87.7494334444,0,0,0,0,0,5,green
480,32,food,161.369500651,152.866157184,0,0,0,0,0,5,green
480,133,e0,574.050116742,127.08685239,0,0,0,0,0,5,yellow
480,44,food,366.311717919,194.976935046,0,0,0,0,0,5,green
480,43,food,91.0069798993,190.599878165,0,0,0,0,0,5,green
0,0,0,0,0,0,0,0,0,0,0,0
