time,id,type,x,y,z,roll,pitch,yaw,resource,size,color
370,145,e0,622.455954577,360.903149409,0,0,0,0,0,5,yellow
370,180,e0,328.181946569,87.7217202435,0,0,0,0,0,5,yellow
370,165,e0,638.531446907,359.971575135,0,0,0,0,0,5,yellow
370,211,e0,465.806574808,234.341447422,0,0,0,0,0,5,yellow
370,8,psm,307.385051487,425.916567311,0,0,0,0,0,10,red
370,205,e0,564.586298783,155.495963598,0,0,0,0,0,5,yellow
370,219,e0,128.564630584,57.9627976104,0,0,0,0,0,5,yellow
370,184,e0,288.019733604,268.283394117,0,0,0,0,0,5,yellow
370,92,food,168.298090729,78.261188493,0,0,0,0,0,5,green
370,215,e0,814.286108387,244.898127764,0,0,0,0,0,5,yellow
370,63,food,955.088311066,497.341684078,0,0,0,0,0,5,green
370,49,food,652.885321033,200.948283343,0,0,0,0,0,5,green
370,162,e0,137.307489465,170.184058247,0,0,0,0,0,5,yellow
370,174,e0,285.146260615,150.531052847,0,0,0,0,0,5,yellow
370,188,e0,735.273815979,34.8457933744,0,0,0,0,0,5,yellow
370,190,e0,951.687355005,334.20328891,0,0,0,0,0,5,yellow
370,76,food,934.566643109,333.391868513,0,0,0,0,0,5,green
370,18,psm,590.538330493,366.327762247,0,0,0,0,0,10,red
370,121,e0,891.01792709,463.987132141,0,0,0,0,0,5,yellow
370,132,e0,593.898733947,166.160402412,0,0,0,0,0,5,yellow
370,108,food,31.6110169562,355.491471022,0,0,0,0,0,5,green
370,197,e0,559.218814367,150.13901538,0,0,0,0,0,5,yellow
370,127,e0,277.80784283,358.55198882,0,0,0,0,0,5,yellow
370,170,e0,399.848973114,397.321498327,0,0,0,0,0,5,yellow
370,135,e0,353.330168131,277.978027799,0,0,0,0,0,5,yellow
370,159,e0,713.175348905,205.86947162,0,0,0,0,0,5,yellow
370,85,food,231.812627295,537.937342952,0,0,0,0,0,5,green
370,66,food,276.903697174,329.346868878,0,0,0,0,0,5,green
370,107,food,345.44482758,68.8722805735,0,0,0,0,0,5,green
370,147,e0,707.756347073,332.687911525,0,0,0,0,0,5,yellow
370,158,e0,285.19424402,226.335872845,0,0,0,0,0,5,yellow
370,39,food,258.713727834,392.871390986,0,0,0,0,0,5,green
370,70,food,514.675430524,152.298381633,0,0,0,0,0,5,green
370,34,food,273.561015603,397.219263743,0,0,0,0,0,5,green
370,100,food,822.312821257,380.573472846,0,0,0,0,0,5,green
370,31,food,131.942317268,74.0140497813,0,0,0,0,0,5,green
370,17,psm,564.773911474,216.167876741,0,0,0,0,0,10,red
370,114,food,829.89546768,295.729555936,0,0,0,0,0,5,green
370,46,food,435.208543984,418.278063099,0,0,0,0,0,5,green
370,172,e0,812.788359831,247.556608501,0,0,0,0,0,5,yellow
370,97,food,972.407345624,435.69444683,0,0,0,0,0,5,green
370,126,e0,833.694046278,76.2803838851,0,0,0,0,0,5,yellow
370,55,food,416.266537029,433.270052049,0,0,0,0,0,5,green
370,83,food,284.655575436,66.549009542,0,0,0,0,0,5,green
370,88,food,618.722625563,117.985501238,0,0,0,0,0,5,green
370,203,e0,233.471385177,278.040044012,0,0,0,0,0,5,yellow
370,10,psm,98.6054182979,294.138966454,0,0,0,0,0,10,red
370,143,e0,377.50751196,461.146952801,0,0,0,0,0,5,yellow
370,198,e0,720.576825411,107.021913228,0,0,0,0,0,5,yellow
370,3,psm,322.234562923,404.403552399,0,0,0,0,0,10,red
370,41,food,363.305467509,253.526591687,0,0,0,0,0,5,green
370,150,e0,157.04747508,511.000854691,0,0,0,0,0,5,yellow
370,0,psm,775.665746911,406.312307071,0,0,0,0,0,10,red
370,141,e0,503.516159935,497.687008324,0,0,0,0,0,5,yellow
370,61,food,664.804475601,191.363500454,0,0,0,0,0,5,green
370,103,food,123.649224937,410.349106814,0,0,0,0,0,5,green
370,69,food,281.697578349,220.05085085,0,0,0,0,0,5,green
370,140,e0,684.284726987,243.372689994,0,0,0,0,0,5,yellow
370,146,e0,713.443106919,379.963168846,0,0,0,0,0,5,yellow
370,1,psm,507.02959031,259.729387708,0,0,0,0,0,10,red
370,153,e0,611.37409947,44.3733605244,0,0,0,0,0,5,yellow
370,194,e0,199.989129656,466.988518561,0,0,0,0,0,5,yellow
370,71,food,538.450369598,112.782337829,0,0,0,0,0,5,green
370,168,e0,305.178410577,135.282553674,0,0,0,0,0,5,yellow
370,26,food,168.931836517,125.882737663,0,0,0,0,0,5,green
370,42,food,555.587433155,17.8746339003,0,0,0,0,0,5,green
370,67,food,322.186742054,436.349961055,0,0,0,0,0,5,green
370,38,food,113.912295307,354.726321142,0,0,0,0,0,5,green
370,129,e0,859.42010032,141.233843569,0,0,0,0,0,5,yellow
370,187,e0,357.299268013,498.645348525,0,0,0,0,0,5,yellow
370,80,food,254.900174663,436.791099821,0,0,0,0,0,5,green
370,124,e0,688.6855089,89.2193698869,0,0,0,0,0,5,yellow
370,130,e0,934.839510216,86.5707814027,0,0,0,0,0,5,yellow
370,138,e0,596.763649451,88.4079265183,0,0,0,0,0,5,yellow
370,75,food,833.359258263,481.979266261,0,0,0,0,0,5,green
370,47,food,332.913776309,150.138016676,0,0,0,0,0,5,green
370,16,psm,567.606952045,278.635871582,0,0,0,0,0,10,red
370,45,food,635.194348363,333.161058444,0,0,0,0,0,5,green
370,171,e0,847.289354169,255.091345704,0,0,0,0,0,5,yellow
370,173,e0,922.212960254,359.00775088,0,0,0,0,0,5,yellow
370,20,food,828.419600153,503.157406992,0,0,0,0,0,5,green
370,77,food,752.392465204,80.8825063296,0,0,0,0,0,5,green
370,82,food,483.894984749,377.512034586,0,0,0,0,0,5,green
370,48,food,809.069234152,348.262952068,0,0,0,0,0,5,green
370,156,e0,536.666038174,355.13469367,0,0,0,0,0,5,yellow
370,160,e0,623.610206216,223.592232648,0,0,0,0,0,5,yellow
370,104,food,794.408835775,60.1091714775,0,0,0,0,0,5,green
370,139,e0,874.629795181,73.4685101542,0,0,0,0,0,5,yellow
370,119,food,821.711466966,433.497866033,0,0,0,0,0,5,green
370,136,e0,65.5364088166,117.739438567,0,0,0,0,0,5,yellow
370,137,e0,527.669695982,432.254589975,0,0,0,0,0,5,yellow
370,169,e0,226.174898265,255.160732784,0,0,0,0,0,5,yellow
370,216,e0,695.266506144,558.108590155,0,0,0,0,0,5,yellow
370,122,e0,773.984816398,422.728324109,0,0,0,0,0,5,yellow
370,142,e0,541.922781853,368.739991608,0,0,0,0,0,5,yellow
370,12,psm,290.214584783,484.859666062,0,0,0,0,0,10,red
370,59,food,408.534351717,116.759481046,0,0,0,0,0,5,green
370,182,e0,951.920011281,246.463349705,0,0,0,0,0,5,yellow
370,115,food,740.154372693,250.528755645,0,0,0,0,0,5,green
370,144,e0,449.923199033,544.738294836,0,0,0,0,0,5,yellow
370,110,food,481.24368785,468.119744027,0,0,0,0,0,5,green
370,72,food,436.020244492,77.444058625,0,0,0,0,0,5,green
370,73,food,782.825148406,534.412772014,0,0,0,0,0,5,green
370,98,food,535.639433668,324.275934389,0,0,0,0,0,5,green
370,24,food,741.347395022,85.1518811602,0,0,0,0,0,5,green
370,193,e0,802.209226468,92.6866703068,0,0,0,0,0,5,yellow
370,212,e0,227.432268274,373.265274131,0,0,0,0,0,5,yellow
370,86,food,415.285913176,366.553743032,0,0,0,0,0,5,green
370,87,food,852.78197581,207.391459299,0,0,0,0,0,5,green
370,95,food,939.741879973,289.82098909,0,0,0,0,0,5,green
370,2,psm,482.077938361,331.430036527,0,0,0,0,0,10,red
370,40,food,452.281817349,250.214197672,0,0,0,0,0,5,green
370,206,e0,183.08343039,234.452838486,0,0,0,0,0,5,yellow
370,177,e0,358.431281137,259.847731086,0,0,0,0,0,5,yellow
370,60,food,781.149006457,492.598964202,0,0,0,0,0,5,green
370,155,e0,210.990204782,267.792749329,0,0,0,0,0,5,yellow
370,185,e0,99.8850558134,251.890972943,0,0,0,0,0,5,yellow
370,50,food,454.309480915,197.620291496,0,0,0,0,0,5,green
370,56,food,701.222776939,31.8503549698,0,0,0,0,0,5,green
370,28,food,102.877147938,325.371898697,0,0,0,0,0,5,green
370,65,food,847.2962089,380.748092042,0,0,0,0,0,5,green
370,195,e0,440.837583253,347.774629401,0,0,0,0,0,5,yellow
370,84,food,170.517917198,163.627275278,0,0,0,0,0,5,green
370,14,psm,185.994110959,319.820006091,0,0,0,0,0,10,red
370,62,food,54.4971512683,59.3325489188,0,0,0,0,0,5,green
370,120,e0,308.590468886,106.851656325,0,0,0,0,0,5,yellow
370,11,psm,360.947719756,450.030217193,0,0,0,0,0,10,red
370,22,food,865.744277434,334.243446347,0,0,0,0,0,5,green
370,78,food,511.284241285,287.520113972,0,0,0,0,0,5,green
370,209,e0,780.079523903,443.09406566,0,0,0,0,0,5,yellow
370,15,psm,752.867723719,315.315936069,0,0,0,0,0,10,red
370,196,e0,224.865204473,209.040928854,0,0,0,0,0,5,yellow
370,29,food,653.813181021,53.8187044548,0,0,0,0,0,5,green
370,128,e0,65.3816735961,225.061387793,0,0,0,0,0,5,yellow
370,6,psm,477.232977585,140.719997046,0,0,0,0,0,10,red
370,106,food,174.304937529,542.99528912,0,0,0,0,0,5,green
370,175,e0,611.93587212,134.392868729,0,0,0,0,0,5,yellow
370,200,e0,519.107105686,487.74033349,0,0,0,0,0,5,yellow
370,161,e0,476.256578967,406.095157494,0,0,0,0,0,5,yellow
370,94,food,352.947494974,135.814180768,0,0,0,0,0,5,green
370,117,food,495.1865887,499.543093314,0,0,0,0,0,5,green
370,9,psm,676.181557575,258.432843307,0,0,0,0,0,10,red
370,217,e0,699.855728443,384.569486327,0,0,0,0,0,5,yellow
370,105,food,493.935160218,475.90963069,0,0,0,0,0,5,green
370,201,e0,151.077606419,422.885070368,0,0,0,0,0,5,yellow
370,181,e0,642.093798967,115.095043,0,0,0,0,0,5,yellow
370,111,food,621.482829287,224.054625536,0,0,0,0,0,5,green
370,113,food,774.877715021,506.476802191,0,0,0,0,0,5,green
370,5,psm,348.326019009,391.667408673,0,0,0,0,0,10,red
370,27,food,785.033306652,104.123724401,0,0,0,0,0,5,green
370,64,food,723.084983135,398.38252399,0,0,0,0,0,5,green
370,25,food,617.172423736,473.777863599,0,0,0,0,0,5,green
370,218,e0,323.285090763,227.651250523,0,0,0,0,0,5,yellow
370,208,e0,563.258200248,398.53719637,0,0,0,0,0,5,yellow
370,186,e0,218.773446132,150.670362077,0,0,0,0,0,5,yellow
380,145,e0,622.632473483,362.881593852,0,0,0,0,0,5,yellow
380,180,e0,330.176923144,87.7391216409,0,0,0,0,0,5,yellow
380,165,e0,636.574725016,359.771502797,0,0,0,0,0,5,yellow
380,211,e0,465.339646556,236.258461508,0,0,0,0,0,5,yellow
380,8,psm,307.540804447,425.975732515,0,0,0,0,0,10,red
380,205,e0,566.530209608,155.201032009,0,0,0,0,0,5,yellow
380,219,e0,129.52303,56.2266871607,0,0,0,0,0,5,yellow
380,184,e0,288.044083066,266.291212358,0,0,0,0,0,5,yellow
380,92,food,170.238788552,78.5336201732,0,0,0,0,0,5,green
380,215,e0,815.821355628,246.172693372,0,0,0,0,0,5,yellow
380,63,food,956.972731931,496.725515807,0,0,0,0,0,5,green
380,49,food,650.927435325,200.823484833,0,0,0,0,0,5,green
380,162,e0,135.364058394,169.792960975,0,0,0,0,0,5,yellow
380,174,e0,286.979319015,151.305665883,0,0,0,0,0,5,yellow
380,188,e0,735.765881918,32.9150570148,0,0,0,0,0,5,yellow
380,190,e0,952.326790253,336.09266048,0,0,0,0,0,5,yellow
380,76,food,932.600324328,333.72088892,0,0,0,0,0,5,green
380,18,psm,590.702956706,366.305507363,0,0,0,0,0,10,red
380,121,e0,892.790344975,463.096435748,0,0,0,0,0,5,yellow
380,132,e0,592.007817215,165.615191994,0,0,0,0,0,5,yellow
380,108,food,31.9798983709,353.539272046,0,0,0,0,0,5,green
380,197,e0,558.253706147,148.398255177,0,0,0,0,0,5,yellow
380,127,e0,278.377029543,356.642832293,0,0,0,0,0,5,yellow
380,170,e0,398.076371581,398.151243673,0,0,0,0,0,5,yellow
380,135,e0,353.843757384,279.823228623,0,0,0,0,0,5,yellow
380,159,e0,715.167413089,205.76859805,0,0,0,0,0,5,yellow
380,85,food,231.931012379,535.962676671,0,0,0,0,0,5,green
380,66,food,278.557339817,328.269934019,0,0,0,0,0,5,green
380,107,food,343.464474343,69.0770115151,0,0,0,0,0,5,green
380,147,e0,707.133955729,330.79488938,0,0,0,0,0,5,yellow
380,158,e0,287.079037941,226.992241523,0,0,0,0,0,5,yellow
380,39,food,260.625239425,393.441203304,0,0,0,0,0,5,green
380,70,food,514.54033652,150.319660244,0,0,0,0,0,5,green
380,34,food,275.321771848,396.282968889,0,0,0,0,0,5,green
380,100,food,824.223388775,380.166731156,0,0,0,0,0,5,green
380,31,food,133.913867143,74.0963067661,0,0,0,0,0,5,green
380,17,psm,564.833622846,216.012322559,0,0,0,0,0,10,red
380,114,food,831.53093718,296.837070684,0,0,0,0,0,5,green
380,46,food,436.776253875,419.485228767,0,0,0,0,0,5,green
380,172,e0,814.320339521,246.298402674,0,0,0,0,0,5,yellow
380,97,food,970.435551586,435.996290437,0,0,0,0,0,5,green
380,126,e0,835.488215352,75.4360124505,0,0,0,0,0,5,yellow
380,55,food,417.719063102,434.633996801,0,0,0,0,0,5,green
380,83,food,286.508649376,67.2751215783,0,0,0,0,0,5,green
380,88,food,617.294735134,116.601686302,0,0,0,0,0,5,green
380,203,e0,233.717410072,276.064886137,0,0,0,0,0,5,yellow
380,10,psm,98.4397480247,294.156671221,0,0,0,0,0,10,red
380,143,e0,376.122142508,462.567486456,0,0,0,0,0,5,yellow
380,198,e0,720.396074036,109.007935307,0,0,0,0,0,5,yellow
380,3,psm,322.22671253,404.570018576,0,0,0,0,0,10,red
380,41,food,362.817206323,255.455741827,0,0,0,0,0,5,green
380,150,e0,156.790803964,509.024765405,0,0,0,0,0,5,yellow
380,0,psm,775.815407001,406.3856248,0,0,0,0,0,10,red
380,141,e0,505.382727856,498.36644012,0,0,0,0,0,5,yellow
380,61,food,666.016012685,189.842443559,0,0,0,0,0,5,green
380,103,food,124.26450279,412.184394,0,0,0,0,0,5,green
380,69,food,280.441939505,218.500316644,0,0,0,0,0,5,green
380,140,e0,682.351926789,242.911807234,0,0,0,0,0,5,yellow
380,146,e0,715.187383905,380.917873377,0,0,0,0,0,5,yellow
380,1,psm,506.875700657,259.793130889,0,0,0,0,0,10,red
380,153,e0,611.471075684,42.4375632713,0,0,0,0,0,5,yellow
380,194,e0,201.66090257,465.94905099,0,0,0,0,0,5,yellow
380,71,food,540.381601682,112.363776165,0,0,0,0,0,5,green
380,168,e0,306.40940728,136.846863524,0,0,0,0,0,5,yellow
380,26,food,170.910024476,125.650410686,0,0,0,0,0,5,green
380,42,food,555.372115199,15.8926128433,0,0,0,0,0,5,green
380,67,food,321.72502913,438.28704789,0,0,0,0,0,5,green
380,38,food,114.702023479,352.909504386,0,0,0,0,0,5,green
380,129,e0,861.405362121,141.251259969,0,0,0,0,0,5,yellow
380,187,e0,359.044281642,499.608602932,0,0,0,0,0,5,yellow
380,80,food,253.732387867,435.184239258,0,0,0,0,0,5,green
380,124,e0,687.130886663,88.0302264063,0,0,0,0,0,5,yellow
380,130,e0,936.115366855,85.0392754919,0,0,0,0,0,5,yellow
380,138,e0,595.673403334,86.7353865233,0,0,0,0,0,5,yellow
380,75,food,831.799454896,480.760011561,0,0,0,0,0,5,green
380,47,food,332.882888463,148.150186604,0,0,0,0,0,5,green
380,16,psm,567.573164903,278.799025511,0,0,0,0,0,10,red
380,45,food,637.091737728,332.610032215,0,0,0,0,0,5,green
380,171,e0,845.689469179,253.89871662,0,0,0,0,0,5,yellow
380,173,e0,922.669447509,360.9396039,0,0,0,0,0,5,yellow
380,20,food,826.456107256,502.804135003,0,0,0,0,0,5,green
380,77,food,754.246995214,81.5408529569,0,0,0,0,0,5,green
380,82,food,485.246758691,376.06308697,0,0,0,0,0,5,green
380,48,food,809.91066757,350.058277844,0,0,0,0,0,5,green
380,156,e0,534.957580856,354.143515375,0,0,0,0,0,5,yellow
380,160,e0,621.62396494,223.575070379,0,0,0,0,0,5,yellow
380,104,food,792.496828836,60.6503680695,0,0,0,0,0,5,green
380,139,e0,872.677132219,73.1280808847,0,0,0,0,0,5,yellow
380,119,food,819.816806903,434.08461426,0,0,0,0,0,5,green
380,136,e0,65.1880747457,119.694271483,0,0,0,0,0,5,yellow
380,137,e0,526.710121203,430.531969162,0,0,0,0,0,5,yellow
380,169,e0,228.150875195,254.925124191,0,0,0,0,0,5,yellow
380,216,e0,694.787399221,560.044374302,0,0,0,0,0,5,yellow
380,122,e0,775.848609218,423.365746415,0,0,0,0,0,5,yellow
380,142,e0,541.526786098,366.793184862,0,0,0,0,0,5,yellow
380,12,psm,290.071029218,484.775105166,0,0,0,0,0,10,red
380,59,food,408.732331235,118.718988114,0,0,0,0,0,5,green
380,182,e0,953.753838826,247.227056148,0,0,0,0,0,5,yellow
380,115,food,738.221047775,250.149987055,0,0,0,0,0,5,green
380,144,e0,449.735429638,546.724253113,0,0,0,0,0,5,yellow
380,110,food,482.249817924,466.405539301,0,0,0,0,0,5,green
380,72,food,437.941560572,76.9758732052,0,0,0,0,0,5,green
380,73,food,782.034512191,532.601614968,0,0,0,0,0,5,green
380,98,food,535.965064129,322.309106428,0,0,0,0,0,5,green
380,24,food,739.413748798,85.6300583601,0,0,0,0,0,5,green
380,193,e0,801.458919672,94.5251940627,0,0,0,0,0,5,yellow
380,212,e0,225.506266675,373.595790009,0,0,0,0,0,5,yellow
380,86,food,414.792252213,364.631879343,0,0,0,0,0,5,green
380,87,food,850.79613375,207.356473183,0,0,0,0,0,5,green
380,95,food,941.12074275,288.377923102,0,0,0,0,0,5,green
380,2,psm,482.107446462,331.266037917,0,0,0,0,0,10,red
380,40,food,450.305306601,249.989158076,0,0,0,0,0,5,green
380,206,e0,182.583416867,232.550860831,0,0,0,0,0,5,yellow
380,177,e0,356.534063634,259.242276845,0,0,0,0,0,5,yellow
380,60,food,782.059146258,494.369508181,0,0,0,0,0,5,green
380,155,e0,212.917993097,267.2871057,0,0,0,0,0,5,yellow
380,185,e0,101.072981797,253.466959554,0,0,0,0,0,5,yellow
380,50,food,453.542653454,199.444236853,0,0,0,0,0,5,green
380,56,food,701.864032026,30.0260470235,0,0,0,0,0,5,green
380,28,food,102.641558674,323.420762145,0,0,0,0,0,5,green
380,65,food,845.522673904,381.65957267,0,0,0,0,0,5,green
380,195,e0,439.64522617,349.362561018,0,0,0,0,0,5,yellow
380,84,food,168.936765266,164.844911548,0,0,0,0,0,5,green
380,14,psm,185.840823493,319.754623428,0,0,0,0,0,10,red
380,62,food,52.7806913328,58.3293108477,0,0,0,0,0,5,green
380,120,e0,306.729150646,107.52523488,0,0,0,0,0,5,yellow
380,11,psm,361.099800948,450.098246793,0,0,0,0,0,10,red
380,22,food,865.260330111,332.330464647,0,0,0,0,0,5,green
380,78,food,511.127923105,289.507326377,0,0,0,0,0,5,green
380,209,e0,779.202466986,444.884425958,0,0,0,0,0,5,yellow
380,15,psm,752.950726976,315.171586692,0,0,0,0,0,10,red
380,196,e0,224.472874916,210.98093462,0,0,0,0,0,5,yellow
380,29,food,652.845238144,52.0794114377,0,0,0,0,0,5,green
380,128,e0,66.8436728125,223.781772945,0,0,0,0,0,5,yellow
380,6,psm,477.157635514,140.86850606,0,0,0,0,0,10,red
380,106,food,172.833374165,541.646904494,0,0,0,0,0,5,green
380,175,e0,610.058259789,135.020959176,0,0,0,0,0,5,yellow
380,200,e0,520.753500936,488.854782749,0,0,0,0,0,5,yellow
380,161,e0,474.658149244,407.265067962,0,0,0,0,0,5,yellow
380,94,food,353.74924145,137.632380293,0,0,0,0,0,5,green
380,117,food,497.145071308,499.888381426,0,0,0,0,0,5,green
380,9,psm,676.206764535,258.26811464,0,0,0,0,0,10,red
380,217,e0,697.929436494,384.92749705,0,0,0,0,0,5,yellow
380,105,food,495.795748104,475.203089849,0,0,0,0,0,5,green
380,201,e0,149.365357476,423.901444481,0,0,0,0,0,5,yellow
380,181,e0,643.559928418,113.742080089,0,0,0,0,0,5,yellow
380,111,food,621.372205847,226.040930063,0,0,0,0,0,5,green
380,113,food,776.421126989,507.683846923,0,0,0,0,0,5,green
380,5,psm,348.419654042,391.529627934,0,0,0,0,0,10,red
380,27,food,784.305111263,105.972922426,0,0,0,0,0,5,green
380,64,food,722.045467422,396.685953172,0,0,0,0,0,5,green
380,25,food,617.345892334,475.756973261,0,0,0,0,0,5,green
380,218,e0,321.528008158,226.721061644,0,0,0,0,0,5,yellow
380,208,e0,564.442776511,400.137603886,0,0,0,0,0,5,yellow
380,186,e0,217.367082108,149.279157095,0,0,0,0,0,5,yellow
380,167,e0,680.179583736,414.777895687,0,0,0,0,0,5,yellow
380,134,e0,774.052192586,208.396442047,0,0,0,0,0,5,yellow
380,192,e0,446.655466439,88.2029457769,0,0,0,0,0,5,yellow
380,96,food,567.041582338,388.80437048,0,0,0,0,0,5,green
390,145,e0,622.740498829,364.873589787,0,0,0,0,0,5,yellow
390,180,e0,332.08315681,88.2491043623,0,0,0,0,0,5,yellow
390,165,e0,634.602504947,359.951594323,0,0,0,0,0,5,yellow
390,211,e0,464.327378137,237.976927146,0,0,0,0,0,5,yellow
390,8,psm,307.701276334,426.02023494,0,0,0,0,0,10,red
390,205,e0,567.59338433,153.57947675,0,0,0,0,0,5,yellow
390,219,e0,130.483047084,54.4947658024,0,0,0,0,0,5,yellow
390,184,e0,288.266132459,264.31166735,0,0,0,0,0,5,yellow
390,92,food,172.063084471,79.338258574,0,0,0,0,0,5,green
390,215,e0,817.291165944,247.475827835,0,0,0,0,0,5,yellow
390,63,food,958.941276175,496.762174707,0,0,0,0,0,5,green
390,49,food,649.177988195,199.861647161,0,0,0,0,0,5,green
390,162,e0,133.429435037,170.098492646,0,0,0,0,0,5,yellow
390,174,e0,288.956464042,151.398960189,0,0,0,0,0,5,yellow
390,188,e0,736.312076853,30.9975624624,0,0,0,0,0,5,yellow
390,190,e0,953.677452999,337.492942996,0,0,0,0,0,5,yellow
390,76,food,930.723919978,334.377824932,0,0,0,0,0,5,green
390,18,psm,590.860956663,366.252641877,0,0,0,0,0,10,red
390,121,e0,894.744052051,462.826062277,0,0,0,0,0,5,yellow
390,132,e0,590.182268178,164.825458705,0,0,0,0,0,5,yellow
390,108,food,32.9634386757,351.82191446,0,0,0,0,0,5,green
390,197,e0,557.582712997,146.523861209,0,0,0,0,0,5,yellow
390,127,e0,278.761444239,354.683377349,0,0,0,0,0,5,yellow
390,170,e0,396.091159893,398.265763397,0,0,0,0,0,5,yellow
390,135,e0,354.375960726,281.742331607,0,0,0,0,0,5,yellow
390,159,e0,717.146788465,205.844269169,0,0,0,0,0,5,yellow
390,85,food,232.297086618,534.039775399,0,0,0,0,0,5,green
390,66,food,280.181065668,327.12046218,0,0,0,0,0,5,green
390,107,food,341.50265678,69.4406609758,0,0,0,0,0,5,green
390,147,e0,706.323199535,328.973783653,0,0,0,0,0,5,yellow
390,158,e0,289.046532867,227.286225534,0,0,0,0,0,5,yellow
390,39,food,262.434691925,394.28501059,0,0,0,0,0,5,green
390,70,food,514.156371621,148.362408182,0,0,0,0,0,5,green
390,34,food,277.117941843,395.426131798,0,0,0,0,0,5,green
390,100,food,826.21347211,380.299089043,0,0,0,0,0,5,green
390,31,food,135.898032469,73.8772398714,0,0,0,0,0,5,green
390,17,psm,564.883997843,215.853521406,0,0,0,0,0,10,red
390,114,food,832.556147443,298.53635314,0,0,0,0,0,5,green
390,46,food,438.250834626,420.822228352,0,0,0,0,0,5,green
390,172,e0,815.713342578,244.881241587,0,0,0,0,0,5,yellow
390,97,food,968.518982117,436.549444815,0,0,0,0,0,5,green
390,126,e0,836.887326841,74.0317688015,0,0,0,0,0,5,yellow
390,55,food,419.02649968,436.116286362,0,0,0,0,0,5,green
390,83,food,288.319287106,68.1038748095,0,0,0,0,0,5,green
390,88,food,615.901459808,115.168946245,0,0,0,0,0,5,green
390,203,e0,234.122093578,274.128316376,0,0,0,0,0,5,yellow
390,10,psm,98.2765643608,294.190464954,0,0,0,0,0,10,red
390,143,e0,374.501079032,463.719651795,0,0,0,0,0,5,yellow
390,198,e0,720.364950982,110.984169727,0,0,0,0,0,5,yellow
390,3,psm,322.227003758,404.736647171,0,0,0,0,0,10,red
390,41,food,361.761061702,257.107382986,0,0,0,0,0,5,green
390,150,e0,156.298845418,507.094249619,0,0,0,0,0,5,yellow
390,0,psm,775.972450635,406.441236492,0,0,0,0,0,10,red
390,141,e0,507.335023293,498.760098139,0,0,0,0,0,5,yellow
390,61,food,666.426253234,187.895936595,0,0,0,0,0,5,green
390,103,food,124.25406216,414.178275177,0,0,0,0,0,5,green
390,69,food,278.747419626,217.49202198,0,0,0,0,0,5,green
390,140,e0,680.407410939,242.480774397,0,0,0,0,0,5,yellow
390,146,e0,716.664590976,382.238441648,0,0,0,0,0,5,yellow
390,1,psm,506.732483872,259.878166911,0,0,0,0,0,10,red
390,153,e0,611.640807878,40.4592670069,0,0,0,0,0,5,yellow
390,194,e0,202.693110707,464.244800671,0,0,0,0,0,5,yellow
390,71,food,542.040825403,111.273676742,0,0,0,0,0,5,green
390,168,e0,307.647990374,138.398627286,0,0,0,0,0,5,yellow
390,26,food,172.897535684,125.744141176,0,0,0,0,0,5,green
390,42,food,555.260756382,13.9002142094,0,0,0,0,0,5,green
390,67,food,320.848829582,440.075592318,0,0,0,0,0,5,green
390,38,food,115.321925134,351.012893991,0,0,0,0,0,5,green
390,129,e0,863.39821037,141.373187719,0,0,0,0,0,5,yellow
390,187,e0,360.926499419,500.068250161,0,0,0,0,0,5,yellow
390,80,food,252.905670305,433.369938832,0,0,0,0,0,5,green
390,124,e0,685.222299851,87.4723500302,0,0,0,0,0,5,yellow
390,130,e0,937.737465986,83.8865779539,0,0,0,0,0,5,yellow
390,138,e0,594.3072641,85.2905566858,0,0,0,0,0,5,yellow
390,75,food,830.166335771,479.663013433,0,0,0,0,0,5,green
390,47,food,333.062176891,146.180031261,0,0,0,0,0,5,green
390,16,psm,567.547964652,278.963708987,0,0,0,0,0,10,red
390,45,food,639.063363877,332.560621871,0,0,0,0,0,5,green
390,171,e0,844.682261276,252.208556322,0,0,0,0,0,5,yellow
390,173,e0,922.966912365,362.905910118,0,0,0,0,0,5,yellow
390,20,food,824.522349197,503.134366837,0,0,0,0,0,5,green
390,77,food,756.234227044,81.6799201123,0,0,0,0,0,5,green
390,82,food,486.2650866,374.362180542,0,0,0,0,0,5,green
390,48,food,810.661752455,351.90811362,0,0,0,0,0,5,green
390,156,e0,533.391562648,352.911348377,0,0,0,0,0,5,yellow
390,160,e0,619.639409674,223.626701006,0,0,0,0,0,5,yellow
390,104,food,790.539890641,61.0236607573,0,0,0,0,0,5,green
390,139,e0,870.885425778,72.2503131035,0,0,0,0,0,5,yellow
390,119,food,818.223994723,435.241476531,0,0,0,0,0,5,green
390,136,e0,65.2256502552,121.675128801,0,0,0,0,0,5,yellow
390,137,e0,527.058208383,428.582895555,0,0,0,0,0,5,yellow
390,169,e0,230.123774251,254.914701549,0,0,0,0,0,5,yellow
390,216,e0,694.462149271,562.009166249,0,0,0,0,0,5,yellow
390,122,e0,777.810511567,423.732951935,0,0,0,0,0,5,yellow
390,142,e0,541.516351778,364.803190305,0,0,0,0,0,5,yellow
390,12,psm,289.916257166,484.714141974,0,0,0,0,0,10,red
390,59,food,408.575612203,120.710563109,0,0,0,0,0,5,green
390,182,e0,955.144115397,248.641532896,0,0,0,0,0,5,yellow
390,115,food,736.229928507,250.177745318,0,0,0,0,0,5,green
390,144,e0,449.439635846,548.680000433,0,0,0,0,0,5,yellow
390,110,food,482.46487446,464.428550317,0,0,0,0,0,5,green
390,72,food,439.75484831,76.1757410023,0,0,0,0,0,5,green
390,73,food,781.265210348,530.762874589,0,0,0,0,0,5,green
390,98,food,536.516515494,320.398876625,0,0,0,0,0,5,green
390,24,food,737.585097249,86.4327652267,0,0,0,0,0,5,green
390,193,e0,800.705344345,96.3474181784,0,0,0,0,0,5,yellow
390,212,e0,223.530332554,373.296952608,0,0,0,0,0,5,yellow
390,86,food,414.250608894,362.733484383,0,0,0,0,0,5,green
390,87,food,848.882255343,206.912680164,0,0,0,0,0,5,green
390,95,food,941.811463906,286.519837126,0,0,0,0,0,5,green
390,2,psm,482.130927549,331.101051316,0,0,0,0,0,10,red
390,40,food,448.338997173,250.171509686,0,0,0,0,0,5,green
390,206,e0,181.576620057,230.827971985,0,0,0,0,0,5,yellow
390,177,e0,354.647580067,258.636660512,0,0,0,0,0,5,yellow
390,60,food,782.301932154,496.324630295,0,0,0,0,0,5,green
390,155,e0,214.878752373,266.948429443,0,0,0,0,0,5,yellow
390,185,e0,102.555491805,254.79269912,0,0,0,0,0,5,yellow
390,50,food,452.167967149,200.85657528,0,0,0,0,0,5,green
390,56,food,703.408685106,28.7887554904,0,0,0,0,0,5,green
390,28,food,101.594331137,321.731976393,0,0,0,0,0,5,green
390,65,food,843.631840336,382.295969085,0,0,0,0,0,5,green
390,195,e0,437.834379837,350.187916274,0,0,0,0,0,5,yellow
390,84,food,167.564366482,166.291175993,0,0,0,0,0,5,green
390,14,psm,185.682031805,319.704252158,0,0,0,0,0,10,red
390,62,food,50.8032841945,58.357017278,0,0,0,0,0,5,green
390,120,e0,304.803171534,108.005151412,0,0,0,0,0,5,yellow
390,11,psm,361.254739135,450.159591207,0,0,0,0,0,10,red
390,22,food,864.640950073,330.435157146,0,0,0,0,0,5,green
390,78,food,510.260480842,291.294614433,0,0,0,0,0,5,green
390,209,e0,778.006107464,446.477765606,0,0,0,0,0,5,yellow
390,15,psm,753.018130324,315.019487685,0,0,0,0,0,10,red
390,196,e0,225.340430499,212.758351055,0,0,0,0,0,5,yellow
390,29,food,652.058625921,50.2626960097,0,0,0,0,0,5,green
390,128,e0,68.4192212212,222.55963273,0,0,0,0,0,5,yellow
390,6,psm,477.097979445,141.023912963,0,0,0,0,0,10,red
390,106,food,171.631665369,540.06988304,0,0,0,0,0,5,green
390,175,e0,608.358360218,136.054827841,0,0,0,0,0,5,yellow
390,200,e0,522.349419574,490.048679167,0,0,0,0,0,5,yellow
390,161,e0,473.186296134,408.608995206,0,0,0,0,0,5,yellow
390,94,food,354.772400204,139.342103265,0,0,0,0,0,5,green
390,117,food,499.070984761,500.408074957,0,0,0,0,0,5,green
390,9,psm,676.221864804,258.102193584,0,0,0,0,0,10,red
390,217,e0,695.950795529,384.921340528,0,0,0,0,0,5,yellow
390,105,food,497.564685517,474.282112467,0,0,0,0,0,5,green
390,201,e0,147.763423333,425.078450937,0,0,0,0,0,5,yellow
390,181,e0,645.385547662,113.006160371,0,0,0,0,0,5,yellow
390,111,food,620.514050884,227.840038905,0,0,0,0,0,5,green
390,113,food,777.909883943,508.964127555,0,0,0,0,0,5,green
390,5,psm,348.50596623,391.387109853,0,0,0,0,0,10,red
390,27,food,783.055366028,107.470919117,0,0,0,0,0,5,green
390,64,food,721.142255026,394.905507629,0,0,0,0,0,5,green
390,25,food,616.897236777,477.68639852,0,0,0,0,0,5,green
390,218,e0,319.850490282,225.676522059,0,0,0,0,0,5,yellow
390,208,e0,565.831077954,401.550128717,0,0,0,0,0,5,yellow
390,186,e0,216.85474568,147.426626716,0,0,0,0,0,5,yellow
390,167,e0,680.974061509,416.605084046,0,0,0,0,0,5,yellow
390,134,e0,774.310493133,210.354512588,0,0,0,0,0,5,yellow
390,192,e0,445.009283592,89.3258525831,0,0,0,0,0,5,yellow
390,96,food,568.034374693,387.124761786,0,0,0,0,0,5,green
390,148,e0,685.106808583,284.231166831,0,0,0,0,0,5,yellow
390,109,food,543.719903138,223.285028637,0,0,0,0,0,5,green
390,207,e0,118.165567902,432.636694396,0,0,0,0,0,5,yellow
400,145,e0,623.199609383,366.815798463,0,0,0,0,0,5,yellow
400,180,e0,333.533024535,89.5781087208,0,0,0,0,0,5,yellow
400,165,e0,632.631656236,360.253178527,0,0,0,0,0,5,yellow
400,211,e0,462.771532059,239.164819111,0,0,0,0,0,5,yellow
400,8,psm,307.86563098,426.047738476,0,0,0,0,0,10,red
400,205,e0,567.721922948,151.590322069,0,0,0,0,0,5,yellow
400,219,e0,131.346977099,52.6998283915,0,0,0,0,0,5,yellow
400,184,e0,289.16081695,262.540884493,0,0,0,0,0,5,yellow
400,92,food,173.898248839,80.1133301283,0,0,0,0,0,5,green
400,215,e0,818.435727366,249.104621361,0,0,0,0,0,5,yellow
400,63,food,960.857445171,497.1700267,0,0,0,0,0,5,green
400,49,food,647.32446547,199.172032692,0,0,0,0,0,5,green
400,162,e0,132.063373901,171.548602474,0,0,0,0,0,5,yellow
400,174,e0,290.941386833,151.41275568,0,0,0,0,0,5,yellow
400,188,e0,736.246831442,29.019301539,0,0,0,0,0,5,yellow
400,190,e0,955.572158028,338.00600641,0,0,0,0,0,5,yellow
400,76,food,928.93523864,335.257968864,0,0,0,0,0,5,green
400,18,psm,591.010764612,366.180223502,0,0,0,0,0,10,red
400,121,e0,896.681821241,463.276855995,0,0,0,0,0,5,yellow
400,132,e0,588.567343838,163.6691826,0,0,0,0,0,5,yellow
400,108,food,34.3067337329,350.350801486,0,0,0,0,0,5,green
400,197,e0,556.28347251,145.063757487,0,0,0,0,0,5,yellow
400,127,e0,278.432552808,352.743435327,0,0,0,0,0,5,yellow
400,170,e0,394.126928136,398.576716925,0,0,0,0,0,5,yellow
400,135,e0,354.89402564,283.661256819,0,0,0,0,0,5,yellow
400,159,e0,719.131595641,205.885798562,0,0,0,0,0,5,yellow
400,85,food,233.794607704,532.751361078,0,0,0,0,0,5,green
400,66,food,280.836817918,325.27041409,0,0,0,0,0,5,green
400,107,food,339.507527947,69.4755179632,0,0,0,0,0,5,green
400,147,e0,705.668803356,327.095249056,0,0,0,0,0,5,yellow
400,158,e0,291.031488787,227.247897391,0,0,0,0,0,5,yellow
400,39,food,264.155987512,395.286854539,0,0,0,0,0,5,green
400,70,food,513.732814734,146.438404375,0,0,0,0,0,5,green
400,34,food,278.883820246,394.518341949,0,0,0,0,0,5,green
400,100,food,828.180172303,380.578750069,0,0,0,0,0,5,green
400,31,food,137.803838317,73.4012906571,0,0,0,0,0,5,green
400,17,psm,564.930771237,215.693568706,0,0,0,0,0,10,red
400,114,food,833.66459096,300.192109518,0,0,0,0,0,5,green
400,46,food,439.474303341,422.369717835,0,0,0,0,0,5,green
400,172,e0,817.41681304,243.865248648,0,0,0,0,0,5,yellow
400,97,food,966.554648271,436.434086093,0,0,0,0,0,5,green
400,126,e0,838.352824196,72.6891578738,0,0,0,0,0,5,yellow
400,55,food,420.300147728,437.650400424,0,0,0,0,0,5,green
400,83,food,290.07782042,69.042855563,0,0,0,0,0,5,green
400,88,food,614.17955686,114.193711276,0,0,0,0,0,5,green
400,203,e0,234.222274685,272.150804203,0,0,0,0,0,5,yellow
400,10,psm,98.1158197136,294.234439664,0,0,0,0,0,10,red
400,143,e0,373.059407854,465.092651608,0,0,0,0,0,5,yellow
400,198,e0,720.547540318,112.960221038,0,0,0,0,0,5,yellow
400,3,psm,322.235725089,404.903060079,0,0,0,0,0,10,red
400,41,food,359.861742511,257.691269166,0,0,0,0,0,5,green
400,150,e0,155.712512525,505.188455796,0,0,0,0,0,5,yellow
400,0,psm,776.134813548,406.478122875,0,0,0,0,0,10,red
400,141,e0,509.310809936,498.731856754,0,0,0,0,0,5,yellow
400,61,food,666.439279965,185.93222694,0,0,0,0,0,5,green
400,103,food,124.864331926,416.068051971,0,0,0,0,0,5,green
400,69,food,276.896513984,216.766697724,0,0,0,0,0,5,green
400,140,e0,678.434884697,242.712378368,0,0,0,0,0,5,yellow
400,146,e0,718.265093228,383.375039647,0,0,0,0,0,5,yellow
400,1,psm,506.593846178,259.970626753,0,0,0,0,0,10,red
400,153,e0,611.215775605,38.5257398726,0,0,0,0,0,5,yellow
400,194,e0,203.841746236,462.616444682,0,0,0,0,0,5,yellow
400,71,food,543.790252338,110.332158542,0,0,0,0,0,5,green
400,168,e0,309.26610782,139.493786253,0,0,0,0,0,5,yellow
400,26,food,174.882811272,125.893345262,0,0,0,0,0,5,green
400,42,food,555.550826927,11.9397133004,0,0,0,0,0,5,green
400,67,food,319.299449951,441.325563169,0,0,0,0,0,5,green
400,38,food,116.205405741,349.239815867,0,0,0,0,0,5,green
400,129,e0,865.391059952,141.279156126,0,0,0,0,0,5,yellow
400,187,e0,362.839170186,500.167300519,0,0,0,0,0,5,yellow
400,80,food,251.651094736,431.832140764,0,0,0,0,0,5,green
400,124,e0,683.35410781,86.7774817392,0,0,0,0,0,5,yellow
400,130,e0,939.365218316,82.7341636576,0,0,0,0,0,5,yellow
400,138,e0,592.469070163,84.5328004112,0,0,0,0,0,5,yellow
400,75,food,828.364113785,478.924509662,0,0,0,0,0,5,green
400,47,food,332.97366517,144.222441413,0,0,0,0,0,5,green
400,16,psm,567.542151789,279.130182838,0,0,0,0,0,10,red
400,45,food,641.041440536,332.720276947,0,0,0,0,0,5,green
400,171,e0,844.210196336,250.271957947,0,0,0,0,0,5,yellow
400,173,e0,923.521206771,364.812716151,0,0,0,0,0,5,yellow
400,20,food,822.825859601,504.162073509,0,0,0,0,0,5,green
400,77,food,758.223428486,81.843553166,0,0,0,0,0,5,green
400,82,food,486.481700725,372.396123603,0,0,0,0,0,5,green
400,48,food,811.151429328,353.84342409,0,0,0,0,0,5,green
400,156,e0,531.665264882,352.183788143,0,0,0,0,0,5,yellow
400,160,e0,617.650236321,223.612706225,0,0,0,0,0,5,yellow
400,104,food,788.549921686,61.1000671743,0,0,0,0,0,5,green
400,139,e0,869.010881148,71.579015467,0,0,0,0,0,5,yellow
400,119,food,817.087673032,436.87644981,0,0,0,0,0,5,green
400,136,e0,65.2943889594,123.659740563,0,0,0,0,0,5,yellow
400,137,e0,527.746840932,426.720666861,0,0,0,0,0,5,yellow
400,169,e0,231.761066771,256.015138486,0,0,0,0,0,5,yellow
400,216,e0,693.936112194,563.931679196,0,0,0,0,0,5,yellow
400,122,e0,779.798532723,423.739747262,0,0,0,0,0,5,yellow
400,142,e0,541.526966158,362.819322092,0,0,0,0,0,5,yellow
400,12,psm,289.755540415,484.671376618,0,0,0,0,0,10,red
400,59,food,408.128481804,122.64652385,0,0,0,0,0,5,green
400,182,e0,956.864909829,249.594323539,0,0,0,0,0,5,yellow
400,115,food,734.269040407,249.853040757,0,0,0,0,0,5,green
400,144,e0,448.694170382,550.524863067,0,0,0,0,0,5,yellow
400,110,food,481.655414957,462.611053327,0,0,0,0,0,5,green
400,72,food,441.326717725,74.9567821663,0,0,0,0,0,5,green
400,73,food,780.761725693,528.843312418,0,0,0,0,0,5,green
400,98,food,537.769391345,318.851574117,0,0,0,0,0,5,green
400,24,food,735.797232881,87.2892762207,0,0,0,0,0,5,green
400,193,e0,799.350199492,97.8057776295,0,0,0,0,0,5,yellow
400,212,e0,221.549555244,373.480291419,0,0,0,0,0,5,yellow
400,86,food,414.097749398,360.747339891,0,0,0,0,0,5,green
400,87,food,846.943503911,206.55284974,0,0,0,0,0,5,green
400,95,food,942.144006423,284.554170093,0,0,0,0,0,5,green
400,2,psm,482.151526265,330.935675004,0,0,0,0,0,10,red
400,40,food,446.621641455,251.101252135,0,0,0,0,0,5,green
400,206,e0,181.299511649,228.909339529,0,0,0,0,0,5,yellow
400,177,e0,352.676360282,258.335089581,0,0,0,0,0,5,yellow
400,60,food,782.434075765,498.311194669,0,0,0,0,0,5,green
400,155,e0,216.861835626,266.847858924,0,0,0,0,0,5,yellow
400,185,e0,104.358053698,255.594848606,0,0,0,0,0,5,yellow
400,50,food,450.538783963,201.966569346,0,0,0,0,0,5,green
400,56,food,705.313216151,28.3948385477,0,0,0,0,0,5,green
400,28,food,100.565849549,320.026868775,0,0,0,0,0,5,green
400,65,food,841.655459444,382.5597276,0,0,0,0,0,5,green
400,195,e0,435.957078595,350.789884172,0,0,0,0,0,5,yellow
400,84,food,166.303183425,167.826743732,0,0,0,0,0,5,green
400,14,psm,185.517160542,319.68078907,0,0,0,0,0,10,red
400,62,food,48.8466965484,58.2617928016,0,0,0,0,0,5,green
400,120,e0,302.829335078,108.13942472,0,0,0,0,0,5,yellow
400,11,psm,361.415007658,450.205244779,0,0,0,0,0,10,red
400,22,food,863.831316473,328.625082329,0,0,0,0,0,5,green
400,78,food,509.369856106,293.072980983,0,0,0,0,0,5,green
400,209,e0,776.970691897,448.174067479,0,0,0,0,0,5,yellow
400,15,psm,753.054183154,314.856862039,0,0,0,0,0,10,red
400,196,e0,226.862506028,214.026680399,0,0,0,0,0,5,yellow
400,29,food,651.656052304,48.3317234632,0,0,0,0,0,5,green
400,128,e0,70.2006237903,221.663657955,0,0,0,0,0,5,yellow
400,6,psm,477.069941596,141.187946684,0,0,0,0,0,10,red
400,106,food,170.472803234,538.451206388,0,0,0,0,0,5,green
400,175,e0,606.431927972,136.542182019,0,0,0,0,0,5,yellow
400,200,e0,523.392011909,491.730691184,0,0,0,0,0,5,yellow
400,161,e0,471.700102269,409.93332072,0,0,0,0,0,5,yellow
400,94,food,356.041747637,140.859335296,0,0,0,0,0,5,green
400,117,food,500.915112906,501.104037547,0,0,0,0,0,5,green
400,9,psm,676.207949691,257.936499803,0,0,0,0,0,10,red
400,217,e0,694.044454678,385.417674394,0,0,0,0,0,5,yellow
400,105,food,499.420402972,473.584524901,0,0,0,0,0,5,green
400,201,e0,146.255766812,426.374764472,0,0,0,0,0,5,yellow
400,181,e0,647.277788543,112.402494838,0,0,0,0,0,5,yellow
400,111,food,619.693026066,229.650332232,0,0,0,0,0,5,green
400,113,food,779.737260098,509.758798008,0,0,0,0,0,5,green
400,5,psm,348.58721328,391.241737705,0,0,0,0,0,10,red
400,27,food,782.096107388,109.200052753,0,0,0,0,0,5,green
400,64,food,720.859683748,392.962823652,0,0,0,0,0,5,green
400,25,food,616.796721737,479.671661539,0,0,0,0,0,5,green
400,218,e0,318.16119519,224.649855553,0,0,0,0,0,5,yellow
400,208,e0,567.170837528,403.002609429,0,0,0,0,0,5,yellow
400,186,e0,216.979613963,145.44375223,0,0,0,0,0,5,yellow
400,167,e0,681.548197988,418.506003104,0,0,0,0,0,5,yellow
400,134,e0,774.635913226,212.320446622,0,0,0,0,0,5,yellow
400,192,e0,443.167187381,90.0514114506,0,0,0,0,0,5,yellow
400,96,food,569.359261548,385.653164449,0,0,0,0,0,5,green
400,148,e0,684.322786104,282.419857779,0,0,0,0,0,5,yellow
400,109,food,542.51201905,224.864858148,0,0,0,0,0,5,green
400,207,e0,118.816436569,430.756917787,0,0,0,0,0,5,yellow
400,90,food,80.7322176141,125.559217295,0,0,0,0,0,5,green
400,157,e0,621.010850973,250.817198581,0,0,0,0,0,5,yellow
400,183,e0,355.296533825,100.732999745,0,0,0,0,0,5,yellow
410,145,e0,623.680314491,368.743350516,0,0,0,0,0,5,yellow
410,180,e0,334.862508964,91.0490596928,0,0,0,0,0,5,yellow
410,165,e0,630.8190114,361.056725514,0,0,0,0,0,5,yellow
410,211,e0,460.827950228,239.533157425,0,0,0,0,0,5,yellow
410,8,psm,308.031552345,426.061088554,0,0,0,0,0,10,red
410,205,e0,568.581074331,149.798203016,0,0,0,0,0,5,yellow
410,219,e0,132.14077738,50.8741381301,0,0,0,0,0,5,yellow
410,184,e0,290.262330247,260.968481612,0,0,0,0,0,5,yellow
410,92,food,175.828483354,80.0160526023,0,0,0,0,0,5,green
410,215,e0,819.381101697,250.860445131,0,0,0,0,0,5,yellow
410,63,food,962.794897929,497.502426971,0,0,0,0,0,5,green
410,49,food,645.677651125,198.069963876,0,0,0,0,0,5,green
410,162,e0,131.294169689,173.37984177,0,0,0,0,0,5,yellow
410,174,e0,292.637069684,150.44618362,0,0,0,0,0,5,yellow
410,188,e0,736.444857231,27.0351259178,0,0,0,0,0,5,yellow
410,190,e0,957.507117887,338.347507953,0,0,0,0,0,5,yellow
410,76,food,927.673857796,336.765918223,0,0,0,0,0,5,green
410,18,psm,591.154060031,366.095140957,0,0,0,0,0,10,red
410,121,e0,898.654438645,463.575244436,0,0,0,0,0,5,yellow
410,132,e0,587.392513813,162.120573788,0,0,0,0,0,5,yellow
410,108,food,35.2563783356,348.601786898,0,0,0,0,0,5,green
410,197,e0,555.261043125,143.369164428,0,0,0,0,0,5,yellow
410,127,e0,278.592225949,350.757461587,0,0,0,0,0,5,yellow
410,170,e0,392.264111222,399.255554546,0,0,0,0,0,5,yellow
410,135,e0,355.056790347,285.63883494,0,0,0,0,0,5,yellow
410,159,e0,721.100768234,205.626419398,0,0,0,0,0,5,yellow
410,85,food,235.236780676,531.373239625,0,0,0,0,0,5,green
410,66,food,280.698062893,323.284620194,0,0,0,0,0,5,green
410,107,food,337.55736774,69.3169395066,0,0,0,0,0,5,green
410,147,e0,704.435199952,325.527576894,0,0,0,0,0,5,yellow
410,158,e0,293.019196246,227.411171714,0,0,0,0,0,5,yellow
410,39,food,266.088639269,395.65693335,0,0,0,0,0,5,green
410,70,food,512.914997441,144.634506899,0,0,0,0,0,5,green
410,34,food,280.851056995,394.798601572,0,0,0,0,0,5,green
410,100,food,830.172444471,380.725059188,0,0,0,0,0,5,green
410,31,food,139.390299242,72.1971624416,0,0,0,0,0,5,green
410,17,psm,564.970239412,215.531663833,0,0,0,0,0,10,red
410,114,food,834.207736176,302.096677595,0,0,0,0,0,5,green
410,46,food,440.224389317,424.216874225,0,0,0,0,0,5,green
410,172,e0,818.738419484,242.435625241,0,0,0,0,0,5,yellow
410,97,food,964.876026099,435.369520885,0,0,0,0,0,5,green
410,126,e0,839.908703714,71.4426811417,0,0,0,0,0,5,yellow
410,55,food,422.071533121,438.528759933,0,0,0,0,0,5,green
410,83,food,291.651745817,70.2635284783,0,0,0,0,0,5,green
410,88,food,612.278954067,113.642309014,0,0,0,0,0,5,green
410,203,e0,234.402623119,270.17254952,0,0,0,0,0,5,yellow
410,10,psm,97.9598138785,294.292769133,0,0,0,0,0,10,red
410,143,e0,371.768023333,466.604818183,0,0,0,0,0,5,yellow
410,198,e0,720.301183591,114.937358526,0,0,0,0,0,5,yellow
410,3,psm,322.248215202,405.06918147,0,0,0,0,0,10,red
410,41,food,357.894149917,257.733829856,0,0,0,0,0,5,green
410,150,e0,155.00464702,503.324994403,0,0,0,0,0,5,yellow
410,0,psm,776.300674289,406.492631675,0,0,0,0,0,10,red
410,141,e0,511.221288815,498.162413468,0,0,0,0,0,5,yellow
410,61,food,665.663348332,184.095047255,0,0,0,0,0,5,green
410,103,food,125.234604318,418.026604965,0,0,0,0,0,5,green
410,69,food,275.217372932,215.705243809,0,0,0,0,0,5,green
410,140,e0,676.448799634,242.587418252,0,0,0,0,0,5,yellow
410,146,e0,720.248402417,383.347719825,0,0,0,0,0,5,yellow
410,1,psm,506.457120255,260.065653201,0,0,0,0,0,10,red
410,153,e0,610.4862186,36.6836022661,0,0,0,0,0,5,yellow
410,194,e0,204.997328286,461.012765901,0,0,0,0,0,5,yellow
410,71,food,545.154411306,108.909113689,0,0,0,0,0,5,green
410,168,e0,311.201869259,139.849641845,0,0,0,0,0,5,yellow
410,26,food,176.829616023,126.282672885,0,0,0,0,0,5,green
410,42,food,555.992967905,10.009277761,0,0,0,0,0,5,green
410,67,food,318.214357936,442.989718968,0,0,0,0,0,5,green
410,38,food,116.548143741,347.29588087,0,0,0,0,0,5,green
410,129,e0,867.010831444,140.206051017,0,0,0,0,0,5,yellow
410,187,e0,364.158918726,501.632234394,0,0,0,0,0,5,yellow
410,80,food,250.168713662,430.511201372,0,0,0,0,0,5,green
410,124,e0,681.508088251,86.0538256282,0,0,0,0,0,5,yellow
410,130,e0,940.88456273,81.4411658938,0,0,0,0,0,5,yellow
410,138,e0,590.613759487,83.8202730139,0,0,0,0,0,5,yellow
410,75,food,826.406227756,479.199307722,0,0,0,0,0,5,green
410,47,food,332.293725482,142.344188464,0,0,0,0,0,5,green
410,16,psm,567.54331484,279.296788589,0,0,0,0,0,10,red
410,45,food,643.038274868,332.706262964,0,0,0,0,0,5,green
410,171,e0,843.54203205,248.406083508,0,0,0,0,0,5,yellow
410,173,e0,922.902656982,366.683237504,0,0,0,0,0,5,yellow
410,20,food,821.805619518,505.873586218,0,0,0,0,0,5,green
410,77,food,760.166690157,81.5191587707,0,0,0,0,0,5,green
410,82,food,485.866745498,370.51520949,0,0,0,0,0,5,green
410,48,food,812.009036047,355.641646017,0,0,0,0,0,5,green
410,156,e0,529.769030749,352.755844445,0,0,0,0,0,5,yellow
410,160,e0,615.841754878,222.788587445,0,0,0,0,0,5,yellow
410,104,food,786.559741195,61.1800456801,0,0,0,0,0,5,green
410,139,e0,867.213770198,70.7103225727,0,0,0,0,0,5,yellow
410,119,food,816.637591496,438.81095925,0,0,0,0,0,5,green
410,136,e0,65.7063939056,125.614823951,0,0,0,0,0,5,yellow
410,137,e0,528.287042082,424.798925827,0,0,0,0,0,5,yellow
410,169,e0,233.20392833,257.374650179,0,0,0,0,0,5,yellow
410,216,e0,693.379501214,565.84728918,0,0,0,0,0,5,yellow
410,122,e0,781.762462111,423.428821256,0,0,0,0,0,5,yellow
410,142,e0,541.150380689,360.863486781,0,0,0,0,0,5,yellow
410,12,psm,289.590112656,484.652529575,0,0,0,0,0,10,red
410,59,food,406.816737673,124.116655464,0,0,0,0,0,5,green
410,182,e0,958.39722378,250.857666014,0,0,0,0,0,5,yellow
410,115,food,732.301379048,250.076945926,0,0,0,0,0,5,green
410,144,e0,447.630444856,552.195232326,0,0,0,0,0,5,yellow
410,110,food,480.943769642,460.747707369,0,0,0,0,0,5,green
410,72,food,443.050897157,73.9771852837,0,0,0,0,0,5,green
410,73,food,780.877361398,526.879086755,0,0,0,0,0,5,green
410,98,food,538.851878764,317.184755775,0,0,0,0,0,5,green
410,24,food,734.206987645,88.4194913528,0,0,0,0,0,5,green
410,193,e0,798.304845943,99.4919719492,0,0,0,0,0,5,yellow
410,212,e0,219.555247567,373.497771449,0,0,0,0,0,5,yellow
410,86,food,413.923869564,358.760286084,0,0,0,0,0,5,green
410,87,food,844.954298317,206.723378865,0,0,0,0,0,5,green
410,95,food,941.821592527,282.630566678,0,0,0,0,0,5,green
410,2,psm,482.167477747,330.770019457,0,0,0,0,0,10,red
410,40,food,445.205870431,252.49731565,0,0,0,0,0,5,green
410,206,e0,182.161177271,227.127176257,0,0,0,0,0,5,yellow
410,177,e0,350.87719888,257.522775147,0,0,0,0,0,5,yellow
410,60,food,781.534015781,500.067902588,0,0,0,0,0,5,green
410,155,e0,218.823212924,266.576344253,0,0,0,0,0,5,yellow
410,185,e0,106.202253377,256.351127257,0,0,0,0,0,5,yellow
410,50,food,448.765816116,202.877820615,0,0,0,0,0,5,green
410,56,food,707.292081997,28.5992327685,0,0,0,0,0,5,green
410,28,food,99.8692646932,318.164053785,0,0,0,0,0,5,green
410,65,food,839.957926872,383.42457511,0,0,0,0,0,5,green
410,195,e0,434.223335949,351.754356267,0,0,0,0,0,5,yellow
410,84,food,164.908845075,169.250594687,0,0,0,0,0,5,green
410,14,psm,185.350892152,319.670619482,0,0,0,0,0,10,red
410,62,food,46.9093098771,58.1803443342,0,0,0,0,0,5,green
410,120,e0,300.837875248,108.240218744,0,0,0,0,0,5,yellow
410,11,psm,361.577498908,450.24216179,0,0,0,0,0,10,red
410,22,food,862.922366936,326.855907939,0,0,0,0,0,5,green
410,78,food,508.285005348,294.736710782,0,0,0,0,0,5,green
410,209,e0,776.493174892,450.104172039,0,0,0,0,0,5,yellow
410,15,psm,753.077934088,314.692054293,0,0,0,0,0,10,red
410,196,e0,228.416704021,215.271758662,0,0,0,0,0,5,yellow
410,29,food,650.993686689,46.4611646723,0,0,0,0,0,5,green
410,128,e0,71.9468682548,220.69973946,0,0,0,0,0,5,yellow
410,6,psm,477.081548733,141.353867938,0,0,0,0,0,10,red
410,106,food,168.987003083,537.132480385,0,0,0,0,0,5,green
410,175,e0,604.461110516,136.770068332,0,0,0,0,0,5,yellow
410,200,e0,524.481529694,493.376885903,0,0,0,0,0,5,yellow
410,161,e0,470.093387636,411.101010093,0,0,0,0,0,5,yellow
410,94,food,357.788300983,141.708375662,0,0,0,0,0,5,green
410,117,food,502.733984212,501.913833808,0,0,0,0,0,5,green
410,9,psm,676.170178427,257.774187538,0,0,0,0,0,10,red
410,217,e0,692.966557904,387.006307032,0,0,0,0,0,5,yellow
410,105,food,501.405582433,473.403922952,0,0,0,0,0,5,green
410,201,e0,145.237275325,428.090059643,0,0,0,0,0,5,yellow
410,181,e0,648.974602276,111.354655782,0,0,0,0,0,5,yellow
410,111,food,618.267551615,230.9858525,0,0,0,0,0,5,green
410,113,food,781.160616964,511.108289122,0,0,0,0,0,5,green
410,5,psm,348.646913985,391.086212052,0,0,0,0,0,10,red
410,27,food,781.484895388,111.067582982,0,0,0,0,0,5,green
410,64,food,721.374716104,391.041286452,0,0,0,0,0,5,green
410,25,food,616.520673129,481.636809651,0,0,0,0,0,5,green
410,218,e0,316.683949261,223.32383011,0,0,0,0,0,5,yellow
410,208,e0,568.763339709,404.193203029,0,0,0,0,0,5,yellow
410,186,e0,218.027575385,143.803411168,0,0,0,0,0,5,yellow
410,167,e0,682.11512651,420.419889912,0,0,0,0,0,5,yellow
410,134,e0,774.904126676,214.275612912,0,0,0,0,0,5,yellow
410,192,e0,441.255524438,90.5997516924,0,0,0,0,0,5,yellow
410,96,food,570.250696178,383.893041845,0,0,0,0,0,5,green
410,148,e0,683.49925352,280.60443998,0,0,0,0,0,5,yellow
410,109,food,541.792872568,226.708547409,0,0,0,0,0,5,green
410,207,e0,119.30066568,428.840818667,0,0,0,0,0,5,yellow
410,90,food,79.9440064211,127.380074772,0,0,0,0,0,5,green
410,157,e0,620.529339795,248.88548939,0,0,0,0,0,5,yellow
410,183,e0,356.135488224,98.9253361515,0,0,0,0,0,5,yellow
410,91,food,807.947717164,340.803804634,0,0,0,0,0,5,green
410,52,food,494.038855428,206.275603771,0,0,0,0,0,5,green
410,102,food,898.416365765,201.803541812,0,0,0,0,0,5,green
410,189,e0,465.983984242,413.020666522,0,0,0,0,0,5,yellow
410,204,e0,616.764369679,193.632208449,0,0,0,0,0,5,yellow
410,89,food,356.148628965,531.866173879,0,0,0,0,0,5,green
420,145,e0,624.352047784,370.610557667,0,0,0,0,0,5,yellow
420,180,e0,336.539182427,92.0830982435,0,0,0,0,0,5,yellow
420,165,e0,629.162980949,362.161120629,0,0,0,0,0,5,yellow
420,211,e0,458.833764136,239.550499325,0,0,0,0,0,5,yellow
420,8,psm,308.198031257,426.055275426,0,0,0,0,0,10,red
420,205,e0,569.587181196,148.076318074,0,0,0,0,0,5,yellow
420,219,e0,132.267733944,48.922032951,0,0,0,0,0,5,yellow
420,184,e0,291.928860924,259.957812019,0,0,0,0,0,5,yellow
420,92,food,177.73210502,79.4193983332,0,0,0,0,0,5,green
420,215,e0,820.109630461,252.700771688,0,0,0,0,0,5,yellow
420,63,food,964.566196756,498.412805174,0,0,0,0,0,5,green
420,49,food,643.918306107,197.138455547,0,0,0,0,0,5,green
420,162,e0,130.514923564,175.206635285,0,0,0,0,0,5,yellow
420,174,e0,293.720365375,148.778431957,0,0,0,0,0,5,yellow
420,188,e0,736.980859422,25.1153764064,0,0,0,0,0,5,yellow
420,190,e0,959.423454686,337.823065435,0,0,0,0,0,5,yellow
420,76,food,926.007643779,337.805143987,0,0,0,0,0,5,green
420,18,psm,591.292199241,366.001964776,0,0,0,0,0,10,red
420,121,e0,900.438180999,464.464622962,0,0,0,0,0,5,yellow
420,132,e0,586.787345795,160.223842167,0,0,0,0,0,5,yellow
420,108,food,36.7746443509,347.338117301,0,0,0,0,0,5,green
420,197,e0,554.42168581,141.569370166,0,0,0,0,0,5,yellow
420,127,e0,277.792221548,348.960180954,0,0,0,0,0,5,yellow
420,170,e0,390.322050909,399.668480039,0,0,0,0,0,5,yellow
420,135,e0,355.504123506,287.575444604,0,0,0,0,0,5,yellow
420,159,e0,723.071092335,205.415708169,0,0,0,0,0,5,yellow
420,85,food,236.578229455,529.899035332,0,0,0,0,0,5,green
420,66,food,280.885392739,321.306661633,0,0,0,0,0,5,green
420,107,food,335.841450186,68.4076418984,0,0,0,0,0,5,green
420,147,e0,702.627922474,324.841547357,0,0,0,0,0,5,yellow
420,158,e0,294.984967002,227.152442137,0,0,0,0,0,5,yellow
420,39,food,268.009277295,395.138409807,0,0,0,0,0,5,green
420,70,food,512.928801683,142.674933884,0,0,0,0,0,5,green
420,34,food,282.798218787,395.187962096,0,0,0,0,0,5,green
420,100,food,832.158411329,380.842967321,0,0,0,0,0,5,green
420,31,food,141.204211094,71.3666564097,0,0,0,0,0,5,green
420,17,psm,564.998881713,215.367551217,0,0,0,0,0,10,red
420,114,food,835.50833533,303.598432802,0,0,0,0,0,5,green
420,46,food,441.193963979,425.958590425,0,0,0,0,0,5,green
420,172,e0,820.062205898,240.950400438,0,0,0,0,0,5,yellow
420,97,food,963.96267645,433.647638166,0,0,0,0,0,5,green
420,126,e0,841.450164886,70.1906274542,0,0,0,0,0,5,yellow
420,55,food,423.423434978,439.993718921,0,0,0,0,0,5,green
420,83,food,292.702191593,71.9513377767,0,0,0,0,0,5,green
420,88,food,610.378757315,113.110887123,0,0,0,0,0,5,green
420,203,e0,234.534076477,268.198984457,0,0,0,0,0,5,yellow
420,10,psm,97.8093812732,294.363877884,0,0,0,0,0,10,red
420,143,e0,370.598325756,468.197910702,0,0,0,0,0,5,yellow
420,198,e0,719.43786671,116.730903445,0,0,0,0,0,5,yellow
420,3,psm,322.275995056,405.233428121,0,0,0,0,0,10,red
420,41,food,356.048167905,256.980427378,0,0,0,0,0,5,green
420,150,e0,154.522668931,501.391714714,0,0,0,0,0,5,yellow
420,0,psm,776.467198843,406.497865005,0,0,0,0,0,10,red
420,141,e0,513.104919331,497.543451583,0,0,0,0,0,5,yellow
420,61,food,664.48375646,182.501386423,0,0,0,0,0,5,green
420,103,food,125.212359208,419.980633918,0,0,0,0,0,5,green
420,69,food,273.326887327,215.170767737,0,0,0,0,0,5,green
420,140,e0,674.454885549,242.524779766,0,0,0,0,0,5,yellow
420,146,e0,722.207874792,382.995079165,0,0,0,0,0,5,yellow
420,1,psm,506.331944385,260.17562351,0,0,0,0,0,10,red
420,153,e0,610.866460614,34.7500742823,0,0,0,0,0,5,yellow
420,194,e0,206.747242189,460.058796879,0,0,0,0,0,5,yellow
420,71,food,545.849274837,107.041238574,0,0,0,0,0,5,green
420,168,e0,313.099335129,139.359121121,0,0,0,0,0,5,yellow
420,26,food,178.511682187,127.337836623,0,0,0,0,0,5,green
420,42,food,555.785062139,8.03465275204,0,0,0,0,0,5,green
420,67,food,317.221871449,444.709332598,0,0,0,0,0,5,green
420,38,food,116.140505047,345.344377377,0,0,0,0,0,5,green
420,129,e0,868.243275792,138.634267119,0,0,0,0,0,5,yellow
420,187,e0,364.915854545,503.444335597,0,0,0,0,0,5,yellow
420,80,food,249.105514695,428.843710591,0,0,0,0,0,5,green
420,124,e0,679.675052941,85.3094076027,0,0,0,0,0,5,yellow
420,130,e0,942.191695447,80.0022143985,0,0,0,0,0,5,yellow
420,138,e0,588.664507017,84.2310526726,0,0,0,0,0,5,yellow
420,75,food,824.915578322,480.490330528,0,0,0,0,0,5,green
420,47,food,331.670021958,140.458200399,0,0,0,0,0,5,green
420,16,psm,567.558699879,279.462636334,0,0,0,0,0,10,red
420,45,food,644.983811756,332.91521427,0,0,0,0,0,5,green
420,171,e0,843.118366556,246.462988376,0,0,0,0,0,5,yellow
420,173,e0,922.220384698,368.538144115,0,0,0,0,0,5,yellow
420,20,food,820.744663308,507.55175276,0,0,0,0,0,5,green
420,77,food,761.767240032,80.3390858632,0,0,0,0,0,5,green
420,82,food,485.372202299,368.589005308,0,0,0,0,0,5,green
420,48,food,812.537486935,357.560402796,0,0,0,0,0,5,green
420,156,e0,528.074233427,353.697813325,0,0,0,0,0,5,yellow
420,160,e0,614.308254752,221.529378666,0,0,0,0,0,5,yellow
420,104,food,784.608885044,61.5595127677,0,0,0,0,0,5,green
420,139,e0,865.34629846,70.0121397679,0,0,0,0,0,5,yellow
420,119,food,815.830091977,440.617558644,0,0,0,0,0,5,green
420,136,e0,66.4924546181,127.440512894,0,0,0,0,0,5,yellow
420,137,e0,528.999510016,422.943152649,0,0,0,0,0,5,yellow
420,169,e0,234.876153129,258.464823288,0,0,0,0,0,5,yellow
420,216,e0,693.299818254,567.834989318,0,0,0,0,0,5,yellow
420,122,e0,783.585639631,422.676608381,0,0,0,0,0,5,yellow
420,142,e0,540.945746022,358.883125429,0,0,0,0,0,5,yellow
420,12,psm,289.423562732,484.648458853,0,0,0,0,0,10,red
420,59,food,405.182388724,125.196233236,0,0,0,0,0,5,green
420,182,e0,960.055086072,251.963367058,0,0,0,0,0,5,yellow
420,115,food,730.319413587,250.285257787,0,0,0,0,0,5,green
420,144,e0,446.526198389,553.851292908,0,0,0,0,0,5,yellow
420,110,food,480.014277644,458.984642797,0,0,0,0,0,5,green
420,72,food,444.944442272,73.38405911,0,0,0,0,0,5,green
420,73,food,781.198936127,524.940431556,0,0,0,0,0,5,green
420,98,food,540.088550173,315.646173624,0,0,0,0,0,5,green
420,24,food,733.232628129,90.1265002566,0,0,0,0,0,5,green
420,193,e0,797.495160199,101.301898101,0,0,0,0,0,5,yellow
420,212,e0,217.577564868,373.265293732,0,0,0,0,0,5,yellow
420,86,food,414.63401898,356.953213655,0,0,0,0,0,5,green
420,87,food,842.984675351,206.979441753,0,0,0,0,0,5,green
420,95,food,941.046332645,280.813150284,0,0,0,0,0,5,green
420,2,psm,482.166026037,330.603527879,0,0,0,0,0,10,red
420,40,food,444.132544491,254.175587604,0,0,0,0,0,5,green
420,206,e0,181.733093956,225.233252168,0,0,0,0,0,5,yellow
420,177,e0,349.288610246,256.36872469,0,0,0,0,0,5,yellow
420,60,food,780.165191601,501.515460968,0,0,0,0,0,5,green
420,155,e0,220.734664014,266.017230804,0,0,0,0,0,5,yellow
420,185,e0,108.034039935,255.819850495,0,0,0,0,0,5,yellow
420,50,food,446.959871927,203.712320866,0,0,0,0,0,5,green
420,56,food,709.282655636,28.550724925,0,0,0,0,0,5,green
420,28,food,99.2634912552,316.266176785,0,0,0,0,0,5,green
420,65,food,838.897700256,385.089562488,0,0,0,0,0,5,green
420,195,e0,432.271062478,351.921745744,0,0,0,0,0,5,yellow
420,84,food,163.648739077,170.795633542,0,0,0,0,0,5,green
420,14,psm,185.184707433,319.682240249,0,0,0,0,0,10,red
420,62,food,44.927565661,58.1810160915,0,0,0,0,0,5,green
420,120,e0,298.879485536,107.971222366,0,0,0,0,0,5,yellow
420,11,psm,361.741020529,450.274243491,0,0,0,0,0,10,red
420,22,food,861.619238337,325.346174645,0,0,0,0,0,5,green
420,78,food,507.28059797,296.421566648,0,0,0,0,0,5,green
420,209,e0,775.972437234,452.018663189,0,0,0,0,0,5,yellow
420,15,psm,753.082587,314.525484074,0,0,0,0,0,10,red
420,196,e0,230.338631095,215.808327856,0,0,0,0,0,5,yellow
420,29,food,650.952115732,44.4995835553,0,0,0,0,0,5,green
420,128,e0,73.4351267253,219.373804792,0,0,0,0,0,5,yellow
420,6,psm,477.106757281,141.518606633,0,0,0,0,0,10,red
420,106,food,168.148966303,535.327007945,0,0,0,0,0,5,green
420,175,e0,602.478701937,136.551171139,0,0,0,0,0,5,yellow
420,200,e0,525.396825519,495.142408177,0,0,0,0,0,5,yellow
420,161,e0,468.535355324,412.284935616,0,0,0,0,0,5,yellow
420,94,food,359.756693948,141.442169033,0,0,0,0,0,5,green
420,117,food,504.686099837,502.303836332,0,0,0,0,0,5,green
420,9,psm,676.121200417,257.614983164,0,0,0,0,0,10,red
420,217,e0,692.617059295,388.968458019,0,0,0,0,0,5,yellow
420,105,food,503.345950866,473.822872379,0,0,0,0,0,5,green
420,201,e0,144.703029051,430.003993097,0,0,0,0,0,5,yellow
420,181,e0,650.686187107,110.362861298,0,0,0,0,0,5,yellow
420,111,food,616.57457991,232.006725232,0,0,0,0,0,5,green
420,113,food,782.170020683,512.822170447,0,0,0,0,0,5,green
420,5,psm,348.691986643,390.925861435,0,0,0,0,0,10,red
420,27,food,781.436352282,113.054208861,0,0,0,0,0,5,green
420,64,food,722.438119022,389.352657641,0,0,0,0,0,5,green
420,25,food,616.711351812,483.611642619,0,0,0,0,0,5,green
420,218,e0,315.439229356,221.764452203,0,0,0,0,0,5,yellow
420,208,e0,570.222396386,405.558569476,0,0,0,0,0,5,yellow
420,186,e0,218.36590551,141.88415952,0,0,0,0,0,5,yellow
420,167,e0,682.308152187,422.394145913,0,0,0,0,0,5,yellow
420,134,e0,775.229183125,216.240071336,0,0,0,0,0,5,yellow
420,192,e0,439.313236689,90.8107051352,0,0,0,0,0,5,yellow
420,96,food,570.886012261,382.004921745,0,0,0,0,0,5,green
420,148,e0,682.556874582,278.84685097,0,0,0,0,0,5,yellow
420,109,food,541.940861714,228.677446578,0,0,0,0,0,5,green
420,207,e0,119.518959326,426.865856633,0,0,0,0,0,5,yellow
420,90,food,79.012971439,129.138637928,0,0,0,0,0,5,green
420,157,e0,620.356164826,246.902087932,0,0,0,0,0,5,yellow
420,183,e0,356.542517429,96.9777352352,0,0,0,0,0,5,yellow
420,91,food,807.432435532,338.891456395,0,0,0,0,0,5,green
420,52,food,492.215439839,207.091267322,0,0,0,0,0,5,green
420,102,food,897.710310631,203.659933021,0,0,0,0,0,5,green
420,189,e0,467.971544779,412.884950905,0,0,0,0,0,5,yellow
420,204,e0,618.676861407,194.162202427,0,0,0,0,0,5,yellow
420,89,food,357.406754793,530.323593843,0,0,0,0,0,5,green
420,118,food,566.57755837,159.197185158,0,0,0,0,0,5,green
420,214,e0,283.175214942,350.234281333,0,0,0,0,0,5,yellow
420,202,e0,682.941201551,380.792324706,0,0,0,0,0,5,yellow
420,210,e0,616.460168381,501.381570619,0,0,0,0,0,5,yellow
0,0,0,0,0,0,0,0,0,0,0,0
