time,id,type,x,y,z,roll,pitch,yaw,resource,size,color
70,145,e0,627.146039774,305.298968362,0,0,0,0,0,5,yellow
70,180,e0,291.167129594,83.5719233766,0,0,0,0,0,5,yellow
70,165,e0,664.182546948,408.42269768,0,0,0,0,0,5,yellow
70,211,e0,512.012067526,231.210853206,0,0,0,0,0,5,yellow
70,8,psm,306.993005594,422.167759338,0,0,0,0,0,10,red
70,205,e0,543.943794267,203.997788411,0,0,0,0,0,5,yellow
70,219,e0,174.971803501,58.9341362818,0,0,0,0,0,5,yellow
70,184,e0,332.516777205,285.94934301,0,0,0,0,0,5,yellow
70,92,food,115.212505031,84.1224442261,0,0,0,0,0,5,green
70,215,e0,765.170783786,247.826036085,0,0,0,0,0,5,yellow
70,63,food,911.053606161,516.696540265,0,0,0,0,0,5,green
70,49,food,676.957536125,251.244767667,0,0,0,0,0,5,green
70,162,e0,110.259468478,195.299496925,0,0,0,0,0,5,yellow
70,174,e0,264.584982285,98.6297967499,0,0,0,0,0,5,yellow
70,188,e0,697.032111866,69.1947917978,0,0,0,0,0,5,yellow
70,190,e0,932.834398493,285.513821336,0,0,0,0,0,5,yellow
70,76,food,933.516044386,369.898795871,0,0,0,0,0,5,green
70,18,psm,589.594345937,363.090967262,0,0,0,0,0,10,red
70,121,e0,877.432220129,516.949451367,0,0,0,0,0,5,yellow
70,132,e0,625.544322078,143.144209732,0,0,0,0,0,5,yellow
70,151,e0,520.890494112,343.148193642,0,0,0,0,0,5,yellow
70,108,food,75.7882944837,357.606150093,0,0,0,0,0,5,green
70,197,e0,533.689538584,182.0453971,0,0,0,0,0,5,yellow
70,127,e0,235.499367374,386.009696111,0,0,0,0,0,5,yellow
70,170,e0,451.831498504,404.780055555,0,0,0,0,0,5,yellow
70,135,e0,312.744454064,260.27838358,0,0,0,0,0,5,yellow
70,159,e0,677.817290908,240.918652671,0,0,0,0,0,5,yellow
80,145,e0,627.952607779,307.096535012,0,0,0,0,0,5,yellow
80,180,e0,292.651355643,84.8365601627,0,0,0,0,0,5,yellow
80,165,e0,662.75263549,407.06582148,0,0,0,0,0,5,yellow
80,211,e0,510.32822927,230.154514694,0,0,0,0,0,5,yellow
80,8,psm,306.8419681,422.238189278,0,0,0,0,0,10,red
80,205,e0,544.663888366,202.14090878,0,0,0,0,0,5,yellow
80,219,e0,173.133247669,59.665687448,0,0,0,0,0,5,yellow
80,184,e0,331.02752974,287.238058156,0,0,0,0,0,5,yellow
80,92,food,116.5765223,82.6750113757,0,0,0,0,0,5,green
80,215,e0,766.885431923,248.835922728,0,0,0,0,0,5,yellow
80,63,food,913.038989904,516.679080605,0,0,0,0,0,5,green
80,49,food,675.620731885,249.765474324,0,0,0,0,0,5,green
80,162,e0,112.221886161,195.009701944,0,0,0,0,0,5,yellow
80,174,e0,264.805503724,100.595100128,0,0,0,0,0,5,yellow
80,188,e0,699.017530534,69.2601483229,0,0,0,0,0,5,yellow
80,190,e0,933.462718529,287.393621659,0,0,0,0,0,5,yellow
80,76,food,935.12397267,368.752145787,0,0,0,0,0,5,green
80,18,psm,589.435010358,363.139681037,0,0,0,0,0,10,red
80,121,e0,877.372990581,514.989592618,0,0,0,0,0,5,yellow
80,132,e0,627.333825684,143.937058855,0,0,0,0,0,5,yellow
80,151,e0,519.297777232,344.323315499,0,0,0,0,0,5,yellow
80,108,food,73.7972071217,357.539924495,0,0,0,0,0,5,green
80,197,e0,535.076129912,183.465548369,0,0,0,0,0,5,yellow
80,127,e0,237.184176617,384.96494717,0,0,0,0,0,5,yellow
80,170,e0,449.895905231,404.47337715,0,0,0,0,0,5,yellow
80,135,e0,314.721456607,260.510410027,0,0,0,0,0,5,yellow
80,159,e0,676.52524729,239.484500903,0,0,0,0,0,5,yellow
80,85,food,187.193008187,544.965297873,0,0,0,0,0,5,green
80,66,food,237.973818624,344.196255823,0,0,0,0,0,5,green
80,107,food,397.006719275,73.1008979231,0,0,0,0,0,5,green
80,147,e0,741.606221608,364.934104096,0,0,0,0,0,5,yellow
80,158,e0,312.733366255,235.703873226,0,0,0,0,0,5,yellow
90,145,e0,629.160271886,308.681738536,0,0,0,0,0,5,yellow
90,180,e0,294.163650877,86.1006599201,0,0,0,0,0,5,yellow
90,165,e0,661.676915721,405.403299575,0,0,0,0,0,5,yellow
90,211,e0,508.408277005,229.603992715,0,0,0,0,0,5,yellow
90,8,psm,306.693346268,422.313589429,0,0,0,0,0,10,red
90,205,e0,545.053485766,200.190199183,0,0,0,0,0,5,yellow
90,219,e0,171.315900577,60.4712453041,0,0,0,0,0,5,yellow
90,184,e0,329.512606418,288.532125662,0,0,0,0,0,5,yellow
90,92,food,118.378272262,81.8195697739,0,0,0,0,0,5,green
90,215,e0,768.44331417,250.075097271,0,0,0,0,0,5,yellow
90,63,food,915.024343404,516.887720833,0,0,0,0,0,5,green
90,49,food,674.121658965,248.462586275,0,0,0,0,0,5,green
90,162,e0,114.211030027,195.013135151,0,0,0,0,0,5,yellow
90,174,e0,265.01383407,102.576082818,0,0,0,0,0,5,yellow
90,188,e0,700.842051403,68.5224488985,0,0,0,0,0,5,yellow
90,190,e0,934.537488339,289.061906639,0,0,0,0,0,5,yellow
90,76,food,936.122647912,367.072330143,0,0,0,0,0,5,green
90,18,psm,589.283238242,363.207569152,0,0,0,0,0,10,red
90,121,e0,878.091571728,513.12734687,0,0,0,0,0,5,yellow
90,132,e0,628.340367005,145.632923555,0,0,0,0,0,5,yellow
90,151,e0,517.699945033,345.480958572,0,0,0,0,0,5,yellow
90,108,food,71.8218414595,357.789557828,0,0,0,0,0,5,green
90,197,e0,536.550636359,184.793288071,0,0,0,0,0,5,yellow
90,127,e0,238.981389364,384.186907402,0,0,0,0,0,5,yellow
90,170,e0,447.972009076,403.997296274,0,0,0,0,0,5,yellow
90,135,e0,316.697216882,260.596573504,0,0,0,0,0,5,yellow
90,159,e0,676.275637915,237.509625911,0,0,0,0,0,5,yellow
90,85,food,189.109601586,544.478801003,0,0,0,0,0,5,green
90,66,food,239.596535998,345.3536278,0,0,0,0,0,5,green
90,107,food,395.039836753,73.2518776989,0,0,0,0,0,5,green
90,147,e0,739.614336144,365.01402754,0,0,0,0,0,5,yellow
90,158,e0,311.193330303,234.439029469,0,0,0,0,0,5,yellow
90,39,food,274.485196814,348.30529004,0,0,0,0,0,5,green
90,70,food,480.184100971,170.078146226,0,0,0,0,0,5,green
100,145,e0,630.074203802,310.413957182,0,0,0,0,0,5,yellow
100,180,e0,295.131398822,87.8247391295,0,0,0,0,0,5,yellow
100,165,e0,661.285996911,403.447153659,0,0,0,0,0,5,yellow
100,211,e0,506.43670827,229.333895156,0,0,0,0,0,5,yellow
100,8,psm,306.550924658,422.399845407,0,0,0,0,0,10,red
100,205,e0,545.223061965,198.210477178,0,0,0,0,0,5,yellow
100,219,e0,169.867908336,61.8405856844,0,0,0,0,0,5,yellow
100,184,e0,327.749827651,289.453889328,0,0,0,0,0,5,yellow
100,92,food,120.232064588,81.0893193222,0,0,0,0,0,5,green
100,215,e0,769.984423041,251.340925748,0,0,0,0,0,5,yellow
100,63,food,916.952475018,516.526981373,0,0,0,0,0,5,green
100,49,food,672.373253303,247.501379341,0,0,0,0,0,5,green
100,162,e0,116.110195822,195.590195023,0,0,0,0,0,5,yellow
100,174,e0,265.660254991,104.452879562,0,0,0,0,0,5,yellow
100,188,e0,702.65473552,67.6965691915,0,0,0,0,0,5,yellow
100,190,e0,935.331546482,290.888285729,0,0,0,0,0,5,yellow
100,76,food,936.643677194,365.152955835,0,0,0,0,0,5,green
100,18,psm,589.145153537,363.30070814,0,0,0,0,0,10,red
100,121,e0,879.006639016,511.362112087,0,0,0,0,0,5,yellow
100,132,e0,629.080790555,147.483820081,0,0,0,0,0,5,yellow
100,151,e0,517.422981865,347.381301063,0,0,0,0,0,5,yellow
100,108,food,69.9359127778,358.391304614,0,0,0,0,0,5,green
100,197,e0,537.355528557,186.601816793,0,0,0,0,0,5,yellow
100,127,e0,240.933271588,383.810987709,0,0,0,0,0,5,yellow
100,170,e0,446.00918843,404.235735248,0,0,0,0,0,5,yellow
100,135,e0,318.679877955,260.419484841,0,0,0,0,0,5,yellow
100,159,e0,676.971080753,235.639638057,0,0,0,0,0,5,yellow
100,85,food,191.027900791,544.918330128,0,0,0,0,0,5,green
100,66,food,241.460474959,346.04256262,0,0,0,0,0,5,green
100,107,food,393.621011252,74.623395789,0,0,0,0,0,5,green
100,147,e0,737.78154655,365.77711858,0,0,0,0,0,5,yellow
100,158,e0,309.612386271,233.221521934,0,0,0,0,0,5,yellow
100,39,food,272.668244064,349.106727218,0,0,0,0,0,5,green
100,70,food,481.939830829,171.011353029,0,0,0,0,0,5,green
100,34,food,247.153932745,375.789816219,0,0,0,0,0,5,green
100,100,food,770.790875079,378.909542714,0,0,0,0,0,5,green
100,31,food,83.5721023373,59.7545052487,0,0,0,0,0,5,green
100,17,psm,561.043688644,216.108133897,0,0,0,0,0,10,red
100,114,food,780.412351881,308.877054341,0,0,0,0,0,5,green
100,46,food,423.796501922,376.045227526,0,0,0,0,0,5,green
100,172,e0,776.10327543,245.385429152,0,0,0,0,0,5,yellow
110,145,e0,629.910932312,312.399768977,0,0,0,0,0,5,yellow
110,180,e0,295.632311182,89.7481056112,0,0,0,0,0,5,yellow
110,165,e0,661.465262699,401.476774133,0,0,0,0,0,5,yellow
110,211,e0,504.452169824,229.149759097,0,0,0,0,0,5,yellow
110,8,psm,306.414457736,422.495401008,0,0,0,0,0,10,red
110,205,e0,544.791611153,196.264438855,0,0,0,0,0,5,yellow
110,219,e0,168.400353399,63.1629939699,0,0,0,0,0,5,yellow
110,184,e0,325.85902265,290.075264976,0,0,0,0,0,5,yellow
110,92,food,121.98451035,80.137851533,0,0,0,0,0,5,green
110,215,e0,771.668701182,252.409799279,0,0,0,0,0,5,yellow
110,63,food,918.828128535,515.840610837,0,0,0,0,0,5,green
110,49,food,670.984252266,246.101737407,0,0,0,0,0,5,green
110,162,e0,117.915588986,196.432061299,0,0,0,0,0,5,yellow
110,174,e0,266.987078372,105.931753893,0,0,0,0,0,5,yellow
110,188,e0,704.578641735,67.1739614664,0,0,0,0,0,5,yellow
110,190,e0,936.078425389,292.736643626,0,0,0,0,0,5,yellow
110,76,food,937.722114656,363.473112603,0,0,0,0,0,5,green
110,18,psm,589.020696273,363.411207309,0,0,0,0,0,10,red
110,121,e0,880.199919623,509.766786881,0,0,0,0,0,5,yellow
110,132,e0,630.246335547,149.087509203,0,0,0,0,0,5,yellow
110,151,e0,516.827361963,349.260766179,0,0,0,0,0,5,yellow
110,108,food,68.1079372989,359.17453455,0,0,0,0,0,5,green
110,197,e0,538.916305452,187.771952834,0,0,0,0,0,5,yellow
110,127,e0,242.792636072,383.089729447,0,0,0,0,0,5,yellow
110,170,e0,444.263884822,405.15506771,0,0,0,0,0,5,yellow
110,135,e0,320.664770154,260.551102317,0,0,0,0,0,5,yellow
110,159,e0,678.273301438,234.167567528,0,0,0,0,0,5,yellow
110,85,food,192.902326885,545.58216323,0,0,0,0,0,5,green
110,66,food,243.302556036,346.797776245,0,0,0,0,0,5,green
110,107,food,391.853696891,75.5242358235,0,0,0,0,0,5,green
110,147,e0,736.172322868,366.955087511,0,0,0,0,0,5,yellow
110,158,e0,308.099727696,231.938167861,0,0,0,0,0,5,yellow
110,39,food,271.411176114,350.648134077,0,0,0,0,0,5,green
110,70,food,483.611869699,172.097289026,0,0,0,0,0,5,green
110,34,food,246.29828706,377.591803005,0,0,0,0,0,5,green
110,100,food,772.787709634,378.832846704,0,0,0,0,0,5,green
110,31,food,85.5582892048,59.7992976623,0,0,0,0,0,5,green
110,17,psm,561.115646431,216.258324566,0,0,0,0,0,10,red
110,114,food,781.731239881,307.39204261,0,0,0,0,0,5,green
110,46,food,425.661797717,376.742628519,0,0,0,0,0,5,green
110,172,e0,776.713683832,247.254278479,0,0,0,0,0,5,yellow
110,97,food,943.280189175,423.441480824,0,0,0,0,0,5,green
110,126,e0,787.925762695,84.2414327284,0,0,0,0,0,5,yellow
110,55,food,411.833885899,389.781505403,0,0,0,0,0,5,green
110,179,e0,572.851624052,294.419285164,0,0,0,0,0,5,yellow
110,83,food,236.368145862,70.8437313527,0,0,0,0,0,5,green
110,88,food,652.826794919,150.9,0,0,0,0,0,5,green
120,145,e0,629.171306024,314.238790671,0,0,0,0,0,5,yellow
120,180,e0,295.562619569,91.7375838524,0,0,0,0,0,5,yellow
120,165,e0,660.393013846,399.869288525,0,0,0,0,0,5,yellow
120,211,e0,502.480968779,228.872762401,0,0,0,0,0,5,yellow
120,8,psm,306.291030822,422.606926986,0,0,0,0,0,10,red
120,205,e0,544.507207153,194.292492087,0,0,0,0,0,5,yellow
120,219,e0,166.547317401,63.8930110088,0,0,0,0,0,5,yellow
120,184,e0,323.950382917,290.633190689,0,0,0,0,0,5,yellow
120,92,food,123.920750007,79.6658508703,0,0,0,0,0,5,green
120,215,e0,772.954724169,253.909603802,0,0,0,0,0,5,yellow
120,63,food,920.738967261,515.317890421,0,0,0,0,0,5,green
120,49,food,669.989692178,244.386428519,0,0,0,0,0,5,green
120,162,e0,119.516087616,197.616201863,0,0,0,0,0,5,yellow
120,174,e0,267.654630136,107.806271093,0,0,0,0,0,5,yellow
120,188,e0,706.561108521,67.0601847679,0,0,0,0,0,5,yellow
120,190,e0,937.028061898,294.492921803,0,0,0,0,0,5,yellow
120,76,food,938.859722526,361.847694396,0,0,0,0,0,5,green
120,18,psm,588.895901774,363.521616332,0,0,0,0,0,10,red
120,121,e0,881.733523927,508.498253294,0,0,0,0,0,5,yellow
120,132,e0,631.178651164,150.841298895,0,0,0,0,0,5,yellow
120,151,e0,515.933598699,351.031558853,0,0,0,0,0,5,yellow
120,108,food,66.8137426452,360.65851722,0,0,0,0,0,5,green
120,197,e0,540.723218751,188.602869911,0,0,0,0,0,5,yellow
120,127,e0,244.749445062,382.790561977,0,0,0,0,0,5,yellow
120,170,e0,442.445802049,405.968074793,0,0,0,0,0,5,yellow
120,135,e0,322.611311775,260.836891952,0,0,0,0,0,5,yellow
120,159,e0,679.770239956,232.856843828,0,0,0,0,0,5,yellow
120,85,food,194.714131703,546.400145506,0,0,0,0,0,5,green
120,66,food,244.90753387,347.972595973,0,0,0,0,0,5,green
120,107,food,389.895364514,75.8659982918,0,0,0,0,0,5,green
120,147,e0,734.497833863,368.042496917,0,0,0,0,0,5,yellow
120,158,e0,306.118850048,231.810392434,0,0,0,0,0,5,yellow
120,39,food,270.277275026,352.20600839,0,0,0,0,0,5,green
120,70,food,485.255350981,173.222522607,0,0,0,0,0,5,green
120,34,food,245.009113983,379.111857682,0,0,0,0,0,5,green
120,100,food,774.715882472,379.313466223,0,0,0,0,0,5,green
120,31,food,87.389997464,60.5694256849,0,0,0,0,0,5,green
120,17,psm,561.200204634,216.401875823,0,0,0,0,0,10,red
120,114,food,783.336146098,306.212829421,0,0,0,0,0,5,green
120,46,food,427.364664475,377.77802919,0,0,0,0,0,5,green
120,172,e0,777.151557774,249.197209145,0,0,0,0,0,5,yellow
120,97,food,945.029083604,422.480028464,0,0,0,0,0,5,green
120,126,e0,789.367014494,82.8640192933,0,0,0,0,0,5,yellow
120,55,food,411.443794624,391.733972952,0,0,0,0,0,5,green
120,179,e0,571.760721475,292.764798764,0,0,0,0,0,5,yellow
120,83,food,238.31676411,70.4961388722,0,0,0,0,0,5,green
120,88,food,651.110190033,149.897469804,0,0,0,0,0,5,green
120,203,e0,265.691102654,308.485908485,0,0,0,0,0,5,yellow
0,0,0,0,0,0,0,0,0,0,0,0
