time,id,type,x,y,z,roll,pitch,yaw,resource,size,color
310,145,e0,621.329373527,349.467852505,0,0,0,0,0,5,yellow
310,180,e0,320.634979997,95.6781651993,0,0,0,0,0,5,yellow
310,165,e0,641.973536347,370.912252129,0,0,0,0,0,5,yellow
310,211,e0,472.303086235,224.878928531,0,0,0,0,0,5,yellow
310,8,psm,306.535394098,425.405711008,0,0,0,0,0,10,red
310,205,e0,557.151338007,162.533504193,0,0,0,0,0,5,yellow
310,219,e0,131.406259549,67.892912301,0,0,0,0,0,5,yellow
310,184,e0,289.600781871,280.013996636,0,0,0,0,0,5,yellow
310,92,food,157.399260012,75.153104244,0,0,0,0,0,5,green
310,215,e0,803.123974581,245.710847241,0,0,0,0,0,5,yellow
310,63,food,949.363319959,506.87241946,0,0,0,0,0,5,green
310,49,food,658.748619144,210.312774401,0,0,0,0,0,5,green
310,162,e0,142.060527909,180.490851213,0,0,0,0,0,5,yellow
310,174,e0,280.903596795,140.10788368,0,0,0,0,0,5,yellow
310,188,e0,729.027894508,43.9815479373,0,0,0,0,0,5,yellow
310,190,e0,949.942978276,322.755399373,0,0,0,0,0,5,yellow
310,76,food,946.135965814,334.198613049,0,0,0,0,0,5,green
310,18,psm,589.56455865,366.132682941,0,0,0,0,0,10,red
310,121,e0,883.212005568,472.158047499,0,0,0,0,0,5,yellow
310,132,e0,605.123931766,169.684295957,0,0,0,0,0,5,yellow
310,151,e0,493.074714498,345.34616656,0,0,0,0,0,5,yellow
310,108,food,38.1871320283,365.111493393,0,0,0,0,0,5,green
310,197,e0,561.769449792,160.902713474,0,0,0,0,0,5,yellow
310,127,e0,275.549174553,370.086146696,0,0,0,0,0,5,yellow
310,170,e0,409.845483567,395.512192344,0,0,0,0,0,5,yellow
310,135,e0,354.026723748,266.144875021,0,0,0,0,0,5,yellow
310,159,e0,709.97864758,215.824128882,0,0,0,0,0,5,yellow
310,85,food,226.990631399,548.457121195,0,0,0,0,0,5,green
310,66,food,270.449528618,339.035391127,0,0,0,0,0,5,green
310,107,food,356.05234633,64.7651409311,0,0,0,0,0,5,green
310,147,e0,715.200225934,341.351329072,0,0,0,0,0,5,yellow
310,158,e0,275.34279618,226.89321592,0,0,0,0,0,5,yellow
310,39,food,256.14115313,382.901358677,0,0,0,0,0,5,green
310,70,food,508.285241386,162.085395135,0,0,0,0,0,5,green
310,34,food,263.546210715,403.372178313,0,0,0,0,0,5,green
310,100,food,810.714306841,380.438774747,0,0,0,0,0,5,green
310,31,food,120.552045158,73.5886455365,0,0,0,0,0,5,green
310,17,psm,564.067137916,216.855723502,0,0,0,0,0,10,red
310,114,food,818.385855999,297.895231993,0,0,0,0,0,5,green
310,46,food,426.29663616,412.067383168,0,0,0,0,0,5,green
310,172,e0,805.968798142,257.007831403,0,0,0,0,0,5,yellow
310,97,food,978.943141411,427.277207625,0,0,0,0,0,5,green
310,126,e0,822.622529691,80.0011556409,0,0,0,0,0,5,yellow
310,55,food,407.464522486,425.735388184,0,0,0,0,0,5,green
310,83,food,274.029204733,61.5341096473,0,0,0,0,0,5,green
310,88,food,622.59842987,128.679720285,0,0,0,0,0,5,green
310,203,e0,235.356785752,289.765106341,0,0,0,0,0,5,yellow
310,10,psm,99.5702471624,294.305986396,0,0,0,0,0,10,red
310,143,e0,385.021253211,453.124160119,0,0,0,0,0,5,yellow
310,198,e0,724.078674492,95.8159584617,0,0,0,0,0,5,yellow
310,3,psm,322.423866979,403.427636975,0,0,0,0,0,10,red
310,41,food,356.645510598,244.983406721,0,0,0,0,0,5,green
310,150,e0,164.097975866,517.601471354,0,0,0,0,0,5,yellow
310,0,psm,775.022572688,405.581661203,0,0,0,0,0,10,red
310,141,e0,492.980016139,499.055181968,0,0,0,0,0,5,yellow
310,61,food,658.513645859,199.732569592,0,0,0,0,0,5,green
310,103,food,120.245326279,399.176558008,0,0,0,0,0,5,green
310,69,food,283.020891501,231.571579291,0,0,0,0,0,5,green
310,140,e0,694.172368096,238.528954205,0,0,0,0,0,5,yellow
310,146,e0,701.864335021,379.544909721,0,0,0,0,0,5,yellow
310,1,psm,508.00949671,259.766914735,0,0,0,0,0,10,red
310,153,e0,610.247270465,55.1610546625,0,0,0,0,0,5,yellow
310,194,e0,189.127887884,471.602249212,0,0,0,0,0,5,yellow
310,71,food,528.454468849,107.149876071,0,0,0,0,0,5,green
310,168,e0,300.03608082,124.908562269,0,0,0,0,0,5,yellow
310,26,food,159.856423464,133.306837822,0,0,0,0,0,5,green
310,42,food,559.885708779,28.8919525853,0,0,0,0,0,5,green
310,67,food,330.236280538,429.501729411,0,0,0,0,0,5,green
310,38,food,106.40224592,363.36241908,0,0,0,0,0,5,green
310,129,e0,849.675730295,147.156375507,0,0,0,0,0,5,yellow
310,187,e0,346.207665497,495.008799532,0,0,0,0,0,5,yellow
310,80,food,262.563755729,445.640496166,0,0,0,0,0,5,green
310,124,e0,694.279872467,99.2923709682,0,0,0,0,0,5,yellow
310,130,e0,931.585857184,97.8771303896,0,0,0,0,0,5,yellow
310,138,e0,604.485506047,96.4970474497,0,0,0,0,0,5,yellow
310,75,food,839.530737079,491.920104282,0,0,0,0,0,5,green
310,47,food,332.04536371,161.795337854,0,0,0,0,0,5,green
310,16,psm,568.179734149,277.837560381,0,0,0,0,0,10,red
310,45,food,626.193432151,340.305634528,0,0,0,0,0,5,green
310,171,e0,858.722303594,256.781430871,0,0,0,0,0,5,yellow
310,173,e0,911.702210512,358.126040933,0,0,0,0,0,5,yellow
310,20,food,838.548558646,507.614317427,0,0,0,0,0,5,green
310,77,food,742.609277678,74.5165298864,0,0,0,0,0,5,green
310,82,food,472.815142503,381.547949787,0,0,0,0,0,5,green
310,48,food,817.575527878,340.567387795,0,0,0,0,0,5,green
310,156,e0,548.19634197,356.134172191,0,0,0,0,0,5,yellow
310,160,e0,633.139932971,230.22207998,0,0,0,0,0,5,yellow
310,104,food,804.081571918,66.3159984377,0,0,0,0,0,5,green
310,139,e0,884.754952811,79.0751974831,0,0,0,0,0,5,yellow
310,119,food,832.869324922,430.790083692,0,0,0,0,0,5,green
310,136,e0,63.8204036102,106.127329759,0,0,0,0,0,5,yellow
310,137,e0,538.524129477,433.763191898,0,0,0,0,0,5,yellow
310,169,e0,216.147554251,260.089307191,0,0,0,0,0,5,yellow
310,216,e0,696.980219756,546.464762768,0,0,0,0,0,5,yellow
310,122,e0,762.780232352,421.777111491,0,0,0,0,0,5,yellow
310,142,e0,549.663069562,377.510943054,0,0,0,0,0,5,yellow
310,12,psm,290.850954912,485.610565458,0,0,0,0,0,10,red
310,59,food,403.739024104,106.26911332,0,0,0,0,0,5,green
310,182,e0,940.12292706,245.8647511,0,0,0,0,0,5,yellow
310,115,food,746.294094192,260.129433841,0,0,0,0,0,5,green
310,144,e0,454.500467614,533.906968183,0,0,0,0,0,5,yellow
310,110,food,482.930787674,479.607604124,0,0,0,0,0,5,green
310,72,food,430.366248369,86.975233816,0,0,0,0,0,5,green
310,73,food,793.665806173,538.770253365,0,0,0,0,0,5,green
310,98,food,536.437229165,336.136481069,0,0,0,0,0,5,green
310,24,food,753.167846181,84.6632218708,0,0,0,0,0,5,green
310,193,e0,801.371544484,80.8810970027,0,0,0,0,0,5,yellow
310,212,e0,238.760595112,370.033551165,0,0,0,0,0,5,yellow
310,86,food,416.789025805,378.251427478,0,0,0,0,0,5,green
310,87,food,864.159408283,210.399474323,0,0,0,0,0,5,green
310,95,food,932.974943618,299.51418626,0,0,0,0,0,5,green
310,2,psm,481.688821724,332.341304771,0,0,0,0,0,10,red
310,40,food,463.106706762,254.799201979,0,0,0,0,0,5,green
310,206,e0,175.321434285,242.786242138,0,0,0,0,0,5,yellow
310,177,e0,362.813828063,270.18307374,0,0,0,0,0,5,yellow
310,60,food,771.426982926,486.076498222,0,0,0,0,0,5,green
310,155,e0,199.783703678,266.062843835,0,0,0,0,0,5,yellow
310,185,e0,94.5851300978,241.532862059,0,0,0,0,0,5,yellow
310,50,food,455.986973958,186.217513875,0,0,0,0,0,5,green
310,56,food,696.568751885,42.2508235574,0,0,0,0,0,5,green
310,28,food,97.9702844538,334.378200846,0,0,0,0,0,5,green
310,65,food,857.291184613,375.785613494,0,0,0,0,0,5,green
310,195,e0,440.226036535,336.487485543,0,0,0,0,0,5,yellow
310,84,food,178.76767538,155.690334873,0,0,0,0,0,5,green
310,14,psm,186.736272646,320.465361096,0,0,0,0,0,10,red
310,62,food,64.4105245993,64.1821523034,0,0,0,0,0,5,green
310,120,e0,320.181329466,108.396666499,0,0,0,0,0,5,yellow
310,11,psm,360.209917267,449.378105184,0,0,0,0,0,10,red
310,22,food,859.532059096,343.218443127,0,0,0,0,0,5,green
310,78,food,514.773651286,276.175254303,0,0,0,0,0,5,green
310,209,e0,784.194047367,432.635038314,0,0,0,0,0,5,yellow
310,15,psm,752.127478044,315.961329381,0,0,0,0,0,10,red
310,196,e0,229.707776998,198.900631825,0,0,0,0,0,5,yellow
310,29,food,662.050276334,61.976490307,0,0,0,0,0,5,green
310,128,e0,57.3523022842,233.705250304,0,0,0,0,0,5,yellow
310,6,psm,477.939852791,140.0286886,0,0,0,0,0,10,red
310,106,food,185.334021994,544.440775738,0,0,0,0,0,5,green
310,175,e0,623.258081165,135.711538002,0,0,0,0,0,5,yellow
320,145,e0,620.55955629,351.308021394,0,0,0,0,0,5,yellow
320,180,e0,321.299688353,93.8232347745,0,0,0,0,0,5,yellow
320,165,e0,641.467842626,368.999617405,0,0,0,0,0,5,yellow
320,211,e0,471.852315185,226.814774844,0,0,0,0,0,5,yellow
320,8,psm,306.662408681,425.513426867,0,0,0,0,0,10,red
320,205,e0,558.344671007,160.993261371,0,0,0,0,0,5,yellow
320,219,e0,129.982322822,66.5407617239,0,0,0,0,0,5,yellow
320,184,e0,289.030775493,278.102351303,0,0,0,0,0,5,yellow
320,92,food,159.086056511,76.2070491063,0,0,0,0,0,5,green
320,215,e0,804.96453948,244.941027961,0,0,0,0,0,5,yellow
320,63,food,949.727104536,504.909884642,0,0,0,0,0,5,green
320,49,food,658.31918727,208.375989412,0,0,0,0,0,5,green
320,162,e0,142.49940449,178.543407723,0,0,0,0,0,5,yellow
320,174,e0,281.205262947,142.079765666,0,0,0,0,0,5,yellow
320,188,e0,730.021039178,42.3285226198,0,0,0,0,0,5,yellow
320,190,e0,950.321716936,324.700531321,0,0,0,0,0,5,yellow
320,76,food,944.333388251,333.357737825,0,0,0,0,0,5,green
320,18,psm,589.724375133,366.179719594,0,0,0,0,0,10,red
320,121,e0,883.764732711,470.243191623,0,0,0,0,0,5,yellow
320,132,e0,603.416067376,168.670168977,0,0,0,0,0,5,yellow
320,151,e0,493.236899624,343.376849184,0,0,0,0,0,5,yellow
320,108,food,37.0079298676,363.506510735,0,0,0,0,0,5,green
320,197,e0,562.499255406,159.049982386,0,0,0,0,0,5,yellow
320,127,e0,275.514353679,368.089798961,0,0,0,0,0,5,yellow
320,170,e0,408.16359262,394.46127147,0,0,0,0,0,5,yellow
320,135,e0,354.183235777,268.132378081,0,0,0,0,0,5,yellow
320,159,e0,709.4633504,213.912608705,0,0,0,0,0,5,yellow
320,85,food,227.325666613,546.496923366,0,0,0,0,0,5,green
320,66,food,271.276254239,337.229899345,0,0,0,0,0,5,green
320,107,food,354.375306947,65.8335170991,0,0,0,0,0,5,green
320,147,e0,714.050396626,339.779104167,0,0,0,0,0,5,yellow
320,158,e0,276.560441354,225.36345207,0,0,0,0,0,5,yellow
320,39,food,255.440507482,384.756049849,0,0,0,0,0,5,green
320,70,food,508.85314017,160.212828136,0,0,0,0,0,5,green
320,34,food,265.445176135,402.832819362,0,0,0,0,0,5,green
320,100,food,812.695494209,380.521815319,0,0,0,0,0,5,green
320,31,food,122.179490826,74.6812676396,0,0,0,0,0,5,green
320,17,psm,564.209821037,216.769651491,0,0,0,0,0,10,red
320,114,food,820.297984899,297.346964292,0,0,0,0,0,5,green
320,46,food,427.541331618,413.611077752,0,0,0,0,0,5,green
320,172,e0,807.552430842,255.792726871,0,0,0,0,0,5,yellow
320,97,food,979.3343423,429.170136873,0,0,0,0,0,5,green
320,126,e0,824.598970103,80.0774708573,0,0,0,0,0,5,yellow
320,55,food,408.979313016,427.024742082,0,0,0,0,0,5,green
320,83,food,275.65264958,62.6790683698,0,0,0,0,0,5,green
320,88,food,622.511387816,126.692637377,0,0,0,0,0,5,green
320,203,e0,235.208988872,287.795464338,0,0,0,0,0,5,yellow
320,10,psm,99.4254459542,294.224059932,0,0,0,0,0,10,red
320,143,e0,384.896029179,455.112177616,0,0,0,0,0,5,yellow
320,198,e0,722.945188087,97.4525888986,0,0,0,0,0,5,yellow
320,3,psm,322.363368976,403.582804924,0,0,0,0,0,10,red
320,41,food,358.600677978,245.37058276,0,0,0,0,0,5,green
320,150,e0,162.198868279,518.124615867,0,0,0,0,0,5,yellow
320,0,psm,775.083624629,405.736649135,0,0,0,0,0,10,red
320,141,e0,494.615188669,497.93484913,0,0,0,0,0,5,yellow
320,61,food,658.617913441,197.742112789,0,0,0,0,0,5,green
320,103,food,121.424974654,400.770484057,0,0,0,0,0,5,green
320,69,food,282.43468586,229.677065398,0,0,0,0,0,5,green
320,140,e0,692.779636866,239.956005229,0,0,0,0,0,5,yellow
320,146,e0,703.773229516,379.057775632,0,0,0,0,0,5,yellow
320,1,psm,507.849083091,259.722126238,0,0,0,0,0,10,red
320,153,e0,611.508373373,53.6318668232,0,0,0,0,0,5,yellow
320,194,e0,190.984707202,470.904833902,0,0,0,0,0,5,yellow
320,71,food,530.019772907,108.322426319,0,0,0,0,0,5,green
320,168,e0,300.251297231,126.890044136,0,0,0,0,0,5,yellow
320,26,food,161.081820871,131.732865682,0,0,0,0,0,5,green
320,42,food,559.485684258,26.9426793183,0,0,0,0,0,5,green
320,67,food,328.258999024,429.478187185,0,0,0,0,0,5,green
320,38,food,107.820092493,361.990913202,0,0,0,0,0,5,green
320,129,e0,851.628219103,146.776710814,0,0,0,0,0,5,yellow
320,187,e0,348.187695355,495.185254779,0,0,0,0,0,5,yellow
320,80,food,260.888687037,444.580964386,0,0,0,0,0,5,green
320,124,e0,693.906110035,97.332737802,0,0,0,0,0,5,yellow
320,130,e0,931.596216079,95.8871979665,0,0,0,0,0,5,yellow
320,138,e0,602.770468011,95.4829101336,0,0,0,0,0,5,yellow
320,75,food,838.309080506,490.350534418,0,0,0,0,0,5,green
320,47,food,331.906967157,159.814445034,0,0,0,0,0,5,green
320,16,psm,568.05726722,277.950569602,0,0,0,0,0,10,red
320,45,food,628.039788877,339.563300089,0,0,0,0,0,5,green
320,171,e0,856.906499699,255.968982229,0,0,0,0,0,5,yellow
320,173,e0,913.447508127,359.025395394,0,0,0,0,0,5,yellow
320,20,food,837.422236635,505.975418722,0,0,0,0,0,5,green
320,77,food,744.520258136,75.0279340034,0,0,0,0,0,5,green
320,82,food,474.601315135,380.691853987,0,0,0,0,0,5,green
320,48,food,815.753351496,341.340256488,0,0,0,0,0,5,green
320,156,e0,546.482656213,355.116775203,0,0,0,0,0,5,yellow
320,160,e0,631.337485915,229.447027261,0,0,0,0,0,5,yellow
320,104,food,803.146848285,64.5708084623,0,0,0,0,0,5,green
320,139,e0,882.922565718,78.2937255289,0,0,0,0,0,5,yellow
320,119,food,830.890445586,430.866051064,0,0,0,0,0,5,green
320,136,e0,63.9074965996,108.112471093,0,0,0,0,0,5,yellow
320,137,e0,536.543526484,434.009785824,0,0,0,0,0,5,yellow
320,169,e0,218.137185307,260.17643528,0,0,0,0,0,5,yellow
320,216,e0,696.538191696,548.410510162,0,0,0,0,0,5,yellow
320,122,e0,764.75517895,421.642760574,0,0,0,0,0,5,yellow
320,142,e0,548.33224557,376.027825393,0,0,0,0,0,5,yellow
320,12,psm,290.782654668,485.458590875,0,0,0,0,0,10,red
320,59,food,403.815393598,108.25817514,0,0,0,0,0,5,green
320,182,e0,942.116475678,245.864644874,0,0,0,0,0,5,yellow
320,115,food,745.026378518,258.603022954,0,0,0,0,0,5,green
320,144,e0,453.745454272,535.748211448,0,0,0,0,0,5,yellow
320,110,food,481.959768327,477.863003513,0,0,0,0,0,5,green
320,72,food,430.915060129,85.0614924772,0,0,0,0,0,5,green
320,73,food,791.700997464,538.48742995,0,0,0,0,0,5,green
320,98,food,536.374871409,334.154576626,0,0,0,0,0,5,green
320,24,food,751.210830519,85.043459509,0,0,0,0,0,5,green
320,193,e0,801.44449308,82.8678147518,0,0,0,0,0,5,yellow
320,212,e0,236.862301555,370.646693002,0,0,0,0,0,5,yellow
320,86,food,416.726669174,376.270080977,0,0,0,0,0,5,green
320,87,food,862.264375901,209.776383996,0,0,0,0,0,5,green
320,95,food,934.404410492,298.179738098,0,0,0,0,0,5,green
320,2,psm,481.775642872,332.199068815,0,0,0,0,0,10,red
320,40,food,461.185602483,254.255568848,0,0,0,0,0,5,green
320,206,e0,177.002570971,241.724052001,0,0,0,0,0,5,yellow
320,177,e0,362.27101944,268.277795668,0,0,0,0,0,5,yellow
320,60,food,772.744598567,487.560371508,0,0,0,0,0,5,green
320,155,e0,201.620501158,266.823661206,0,0,0,0,0,5,yellow
320,185,e0,95.8402050308,243.057283149,0,0,0,0,0,5,yellow
320,50,food,456.660845817,188.088566227,0,0,0,0,0,5,green
320,56,food,698.05193296,40.9345854936,0,0,0,0,0,5,green
320,28,food,99.4690375398,333.080066379,0,0,0,0,0,5,green
320,65,food,856.027208091,377.329983539,0,0,0,0,0,5,green
320,195,e0,441.386651867,338.102813662,0,0,0,0,0,5,yellow
320,84,food,178.359124946,157.631889725,0,0,0,0,0,5,green
320,14,psm,186.635511649,320.332613391,0,0,0,0,0,10,red
320,62,food,63.4895655281,62.4205371768,0,0,0,0,0,5,green
320,120,e0,318.265826773,108.945951183,0,0,0,0,0,5,yellow
320,11,psm,360.307395984,449.513262705,0,0,0,0,0,10,red
320,22,food,861.233635647,342.19185935,0,0,0,0,0,5,green
320,78,food,514.198593393,278.080460005,0,0,0,0,0,5,green
320,209,e0,783.999197398,434.622086128,0,0,0,0,0,5,yellow
320,15,psm,752.281084604,315.897075149,0,0,0,0,0,10,red
320,196,e0,228.175695658,200.177125156,0,0,0,0,0,5,yellow
320,29,food,660.654070824,60.555753529,0,0,0,0,0,5,green
320,128,e0,58.586398217,232.169579883,0,0,0,0,0,5,yellow
320,6,psm,477.79983869,140.1189218,0,0,0,0,0,10,red
320,106,food,183.533744667,545.227812077,0,0,0,0,0,5,green
320,175,e0,621.342697124,135.169579425,0,0,0,0,0,5,yellow
330,145,e0,620.536417763,353.249062441,0,0,0,0,0,5,yellow
330,180,e0,322.311936153,92.10496628,0,0,0,0,0,5,yellow
330,165,e0,641.58268227,367.007737522,0,0,0,0,0,5,yellow
330,211,e0,471.385383374,228.69361253,0,0,0,0,0,5,yellow
330,8,psm,306.793011486,425.616941456,0,0,0,0,0,10,red
330,205,e0,558.649403325,159.024170691,0,0,0,0,0,5,yellow
330,219,e0,128.609902214,65.1003598179,0,0,0,0,0,5,yellow
330,184,e0,288.555553695,276.168190043,0,0,0,0,0,5,yellow
330,92,food,160.762233434,77.2749513969,0,0,0,0,0,5,green
330,215,e0,806.78665315,244.137459951,0,0,0,0,0,5,yellow
330,63,food,950.010369722,502.941068619,0,0,0,0,0,5,green
330,49,food,657.635837879,206.558644295,0,0,0,0,0,5,green
330,162,e0,141.60947734,176.793634606,0,0,0,0,0,5,yellow
330,174,e0,281.114934769,144.067731976,0,0,0,0,0,5,yellow
330,188,e0,731.668719616,41.2506505616,0,0,0,0,0,5,yellow
330,190,e0,950.546976671,326.677503413,0,0,0,0,0,5,yellow
330,76,food,942.456541587,332.729613567,0,0,0,0,0,5,green
330,18,psm,589.885046925,366.223976008,0,0,0,0,0,10,red
330,121,e0,884.675759492,468.470720393,0,0,0,0,0,5,yellow
330,132,e0,601.482086684,168.209344132,0,0,0,0,0,5,yellow
330,108,food,35.7028478077,362.005400587,0,0,0,0,0,5,green
330,197,e0,562.76866393,157.083346035,0,0,0,0,0,5,yellow
330,127,e0,275.694552662,366.109578824,0,0,0,0,0,5,yellow
330,170,e0,406.403281395,393.544481572,0,0,0,0,0,5,yellow
330,135,e0,354.106734891,270.120705565,0,0,0,0,0,5,yellow
330,159,e0,709.237157601,211.95208191,0,0,0,0,0,5,yellow
330,85,food,228.383691831,544.817314003,0,0,0,0,0,5,green
330,66,food,271.862792955,335.32308748,0,0,0,0,0,5,green
330,107,food,352.775275271,67.0217545493,0,0,0,0,0,5,green
330,147,e0,712.316357364,338.868312629,0,0,0,0,0,5,yellow
330,158,e0,278.280063856,224.362603395,0,0,0,0,0,5,yellow
330,39,food,254.500394823,386.509139652,0,0,0,0,0,5,green
330,70,food,509.940327517,158.545037414,0,0,0,0,0,5,green
330,34,food,267.046399568,401.64782326,0,0,0,0,0,5,green
330,100,food,814.655737454,380.874647883,0,0,0,0,0,5,green
330,31,food,124.12956492,75.0290594816,0,0,0,0,0,5,green
330,17,psm,564.344064107,216.671039354,0,0,0,0,0,10,red
330,114,food,822.070533614,296.458937819,0,0,0,0,0,5,green
330,46,food,428.373039476,415.399248378,0,0,0,0,0,5,green
330,172,e0,809.021763088,254.489881392,0,0,0,0,0,5,yellow
330,97,food,978.757065984,431.071272466,0,0,0,0,0,5,green
330,126,e0,826.543474872,79.6781129722,0,0,0,0,0,5,yellow
330,55,food,410.613316118,428.098693502,0,0,0,0,0,5,green
330,83,food,277.625666469,62.9492997512,0,0,0,0,0,5,green
330,88,food,622.591135287,124.70427236,0,0,0,0,0,5,green
330,203,e0,234.667159333,285.880985045,0,0,0,0,0,5,yellow
330,10,psm,99.2683329172,294.169039517,0,0,0,0,0,10,red
330,143,e0,384.110446348,456.934986622,0,0,0,0,0,5,yellow
330,198,e0,722.486611297,99.3923016382,0,0,0,0,0,5,yellow
330,3,psm,322.319978525,403.743616785,0,0,0,0,0,10,red
330,41,food,360.224039514,246.515760225,0,0,0,0,0,5,green
330,150,e0,160.2949351,517.624414847,0,0,0,0,0,5,yellow
330,0,psm,775.16303696,405.882913558,0,0,0,0,0,10,red
330,141,e0,496.194660127,496.735464961,0,0,0,0,0,5,yellow
330,61,food,658.722133266,195.754210135,0,0,0,0,0,5,green
330,103,food,121.733695707,402.723996056,0,0,0,0,0,5,green
330,69,food,282.697268708,227.742860383,0,0,0,0,0,5,green
330,140,e0,691.2942214,241.28414269,0,0,0,0,0,5,yellow
330,146,e0,705.697698617,379.105988653,0,0,0,0,0,5,yellow
330,1,psm,507.687459693,259.68152913,0,0,0,0,0,10,red
330,153,e0,612.587081327,51.9581735183,0,0,0,0,0,5,yellow
330,194,e0,192.86454465,470.261202872,0,0,0,0,0,5,yellow
330,71,food,531.354586834,109.799747098,0,0,0,0,0,5,green
330,168,e0,300.62273178,128.837022661,0,0,0,0,0,5,yellow
330,26,food,162.353775773,130.200502053,0,0,0,0,0,5,green
330,42,food,559.05176639,25.0009810966,0,0,0,0,0,5,green
330,67,food,326.293477044,429.799847053,0,0,0,0,0,5,green
330,38,food,109.187347071,360.564944557,0,0,0,0,0,5,green
330,129,e0,853.519739958,146.202244224,0,0,0,0,0,5,yellow
330,187,e0,350.004455893,495.966942059,0,0,0,0,0,5,yellow
330,80,food,259.555341408,443.120040385,0,0,0,0,0,5,green
330,124,e0,693.491965523,95.3841114603,0,0,0,0,0,5,yellow
330,130,e0,931.901576826,93.9335756651,0,0,0,0,0,5,yellow
330,138,e0,600.929058274,94.7164088391,0,0,0,0,0,5,yellow
330,75,food,837.331369059,488.636890361,0,0,0,0,0,5,green
330,47,food,331.622603955,157.840714402,0,0,0,0,0,5,green
330,16,psm,567.936791228,278.065698954,0,0,0,0,0,10,red
330,45,food,629.256109154,337.98932477,0,0,0,0,0,5,green
330,171,e0,854.988934219,255.462759997,0,0,0,0,0,5,yellow
330,173,e0,915.314537114,358.627977712,0,0,0,0,0,5,yellow
330,20,food,836.092442388,504.509021407,0,0,0,0,0,5,green
330,77,food,745.95985347,76.4034793603,0,0,0,0,0,5,green
330,82,food,476.26983631,379.633576407,0,0,0,0,0,5,green
330,48,food,814.324696287,342.719906035,0,0,0,0,0,5,green
330,156,e0,544.578565862,354.548565305,0,0,0,0,0,5,yellow
330,160,e0,629.879844584,228.082909466,0,0,0,0,0,5,yellow
330,104,food,801.537569715,63.3929203122,0,0,0,0,0,5,green
330,139,e0,881.549221272,76.8656352319,0,0,0,0,0,5,yellow
330,119,food,828.934559589,430.496410544,0,0,0,0,0,5,green
330,136,e0,63.6907601773,110.071297432,0,0,0,0,0,5,yellow
330,137,e0,534.704181988,434.779059441,0,0,0,0,0,5,yellow
330,169,e0,219.660420163,258.944051009,0,0,0,0,0,5,yellow
330,216,e0,696.431186442,550.381528617,0,0,0,0,0,5,yellow
330,122,e0,766.711532761,421.248295299,0,0,0,0,0,5,yellow
330,142,e0,547.264794263,374.352226075,0,0,0,0,0,5,yellow
330,12,psm,290.695368851,485.316711104,0,0,0,0,0,10,red
330,59,food,404.289512259,110.17689528,0,0,0,0,0,5,green
330,182,e0,944.105223877,245.760354149,0,0,0,0,0,5,yellow
330,115,food,744.274963293,256.804085886,0,0,0,0,0,5,green
330,144,e0,453.479170774,537.718621647,0,0,0,0,0,5,yellow
330,110,food,481.303298181,476.000192374,0,0,0,0,0,5,green
330,72,food,431.250406928,83.0991906874,0,0,0,0,0,5,green
330,73,food,789.815006021,537.849201221,0,0,0,0,0,5,green
330,98,food,536.232248068,332.165370948,0,0,0,0,0,5,green
330,24,food,749.253421901,85.4168847769,0,0,0,0,0,5,green
330,193,e0,801.489804311,84.854170207,0,0,0,0,0,5,yellow
330,212,e0,235.12704357,371.616213065,0,0,0,0,0,5,yellow
330,86,food,416.481193346,374.301880374,0,0,0,0,0,5,green
330,87,food,860.36335052,209.274192543,0,0,0,0,0,5,green
330,95,food,935.503043179,296.526228479,0,0,0,0,0,5,green
330,2,psm,481.863943918,332.057757603,0,0,0,0,0,10,red
330,40,food,459.483677917,253.264187006,0,0,0,0,0,5,green
330,206,e0,178.549060964,240.467326398,0,0,0,0,0,5,yellow
330,177,e0,362.194699868,266.290618062,0,0,0,0,0,5,yellow
330,60,food,774.389809217,488.661318307,0,0,0,0,0,5,green
330,155,e0,203.496176243,267.469781168,0,0,0,0,0,5,yellow
330,185,e0,96.9804515458,244.691630062,0,0,0,0,0,5,yellow
330,50,food,456.440546536,190.052501048,0,0,0,0,0,5,green
330,56,food,699.288222966,39.3747965226,0,0,0,0,0,5,green
330,28,food,100.977284379,331.786874482,0,0,0,0,0,5,green
330,65,food,854.739365513,378.853970314,0,0,0,0,0,5,green
330,195,e0,442.084023323,339.968710588,0,0,0,0,0,5,yellow
330,84,food,176.988200128,159.007864577,0,0,0,0,0,5,green
330,14,psm,186.534307505,320.200244116,0,0,0,0,0,10,red
330,62,food,61.9718958213,61.2085103568,0,0,0,0,0,5,green
330,120,e0,316.358080078,108.581016664,0,0,0,0,0,5,yellow
330,11,psm,360.410879043,449.643825728,0,0,0,0,0,10,red
330,22,food,862.989397863,341.254516641,0,0,0,0,0,5,green
330,78,food,513.280462381,279.85183857,0,0,0,0,0,5,green
330,209,e0,784.347392228,436.57199727,0,0,0,0,0,5,yellow
330,15,psm,752.421000809,315.806905522,0,0,0,0,0,10,red
330,196,e0,226.584241298,201.29660329,0,0,0,0,0,5,yellow
330,29,food,659.189644213,59.2136793841,0,0,0,0,0,5,green
330,128,e0,59.7812885153,230.572278805,0,0,0,0,0,5,yellow
330,6,psm,477.667276119,140.21990739,0,0,0,0,0,10,red
330,106,food,181.561234327,545.466531996,0,0,0,0,0,5,green
330,175,e0,619.554071803,134.289311591,0,0,0,0,0,5,yellow
330,200,e0,514.76066173,481.17133586,0,0,0,0,0,5,yellow
330,161,e0,478.684336908,398.734733322,0,0,0,0,0,5,yellow
330,94,food,347.256488725,130.305671359,0,0,0,0,0,5,green
340,145,e0,621.363587413,355.064091128,0,0,0,0,0,5,yellow
340,180,e0,323.321525346,90.3842154717,0,0,0,0,0,5,yellow
340,165,e0,641.239316076,365.04036528,0,0,0,0,0,5,yellow
340,211,e0,470.022823939,230.149797607,0,0,0,0,0,5,yellow
340,8,psm,306.928502581,425.71394378,0,0,0,0,0,10,red
340,205,e0,559.171814081,157.138223523,0,0,0,0,0,5,yellow
340,219,e0,127.387256576,63.5572935892,0,0,0,0,0,5,yellow
340,184,e0,288.432242323,274.207974261,0,0,0,0,0,5,yellow
340,92,food,162.50377282,78.2442229804,0,0,0,0,0,5,green
340,215,e0,808.74706219,243.795247143,0,0,0,0,0,5,yellow
340,63,food,950.673347896,501.058420617,0,0,0,0,0,5,green
340,49,food,656.955431171,204.68907145,0,0,0,0,0,5,green
340,162,e0,140.509510619,175.138016265,0,0,0,0,0,5,yellow
340,174,e0,281.346483606,146.038130487,0,0,0,0,0,5,yellow
340,188,e0,733.37039522,40.2248905427,0,0,0,0,0,5,yellow
340,190,e0,950.262480163,328.651457751,0,0,0,0,0,5,yellow
340,76,food,940.480453027,332.867961549,0,0,0,0,0,5,green
340,18,psm,590.043984015,366.27408868,0,0,0,0,0,10,red
340,121,e0,885.795727797,466.816541096,0,0,0,0,0,5,yellow
340,132,e0,599.556545062,167.722596213,0,0,0,0,0,5,yellow
340,108,food,34.4449486532,360.516207119,0,0,0,0,0,5,green
340,197,e0,562.411975007,155.120734635,0,0,0,0,0,5,yellow
340,127,e0,276.354096019,364.226168704,0,0,0,0,0,5,yellow
340,170,e0,404.450353156,393.675243166,0,0,0,0,0,5,yellow
340,135,e0,354.123340086,272.089263304,0,0,0,0,0,5,yellow
340,159,e0,709.450222835,209.988306696,0,0,0,0,0,5,yellow
340,85,food,229.141659144,542.986357659,0,0,0,0,0,5,green
340,66,food,272.567526957,333.466474922,0,0,0,0,0,5,green
340,107,food,351.187160335,68.2184331179,0,0,0,0,0,5,green
340,147,e0,710.6491122,337.793938599,0,0,0,0,0,5,yellow
340,158,e0,280.064351646,223.491999998,0,0,0,0,0,5,yellow
340,39,food,254.779762339,388.432175392,0,0,0,0,0,5,green
340,70,food,511.239270717,157.034916538,0,0,0,0,0,5,green
340,34,food,268.748383874,400.608765598,0,0,0,0,0,5,green
340,100,food,816.565373733,381.422374908,0,0,0,0,0,5,green
340,31,food,126.113068627,74.8626893636,0,0,0,0,0,5,green
340,17,psm,564.470188671,216.562172,0,0,0,0,0,10,red
340,114,food,823.988165869,295.959368674,0,0,0,0,0,5,green
340,46,food,429.382716193,417.089169724,0,0,0,0,0,5,green
340,172,e0,810.215093302,252.913075863,0,0,0,0,0,5,yellow
340,97,food,977.441646185,432.568510972,0,0,0,0,0,5,green
340,126,e0,828.339821393,78.8400474581,0,0,0,0,0,5,yellow
340,55,food,412.405956154,428.946028025,0,0,0,0,0,5,green
340,83,food,279.445283144,63.6764611111,0,0,0,0,0,5,green
340,88,food,622.166837894,122.777202674,0,0,0,0,0,5,green
340,203,e0,234.461580297,283.918944205,0,0,0,0,0,5,yellow
340,10,psm,99.1043298834,294.140418607,0,0,0,0,0,10,red
340,143,e0,382.747415379,458.367099247,0,0,0,0,0,5,yellow
340,198,e0,721.813943903,101.260302227,0,0,0,0,0,5,yellow
340,3,psm,322.28647864,403.90681361,0,0,0,0,0,10,red
340,41,food,361.489114479,248.034483375,0,0,0,0,0,5,green
340,150,e0,158.688895504,516.44041251,0,0,0,0,0,5,yellow
340,0,psm,775.271825218,406.008945513,0,0,0,0,0,10,red
340,141,e0,497.97183474,495.892251324,0,0,0,0,0,5,yellow
340,61,food,659.517250268,193.980963526,0,0,0,0,0,5,green
340,103,food,122.386916674,404.580444069,0,0,0,0,0,5,green
340,69,food,283.032683501,225.781736871,0,0,0,0,0,5,green
340,140,e0,689.882441188,242.690848427,0,0,0,0,0,5,yellow
340,146,e0,707.626920459,379.478500807,0,0,0,0,0,5,yellow
340,1,psm,507.522455932,259.660976782,0,0,0,0,0,10,red
340,153,e0,613.109864245,50.0486064168,0,0,0,0,0,5,yellow
340,194,e0,194.768096847,469.712398289,0,0,0,0,0,5,yellow
340,71,food,532.733706177,111.233015409,0,0,0,0,0,5,green
340,168,e0,301.540639332,130.607829439,0,0,0,0,0,5,yellow
340,26,food,163.706661107,128.750181804,0,0,0,0,0,5,green
340,42,food,558.160681848,23.2213497443,0,0,0,0,0,5,green
340,67,food,324.741757078,431.020495809,0,0,0,0,0,5,green
340,38,food,111.00573044,359.782605918,0,0,0,0,0,5,green
340,129,e0,855.072508239,144.971644373,0,0,0,0,0,5,yellow
340,187,e0,351.917226017,496.383969483,0,0,0,0,0,5,yellow
340,80,food,258.688339684,441.34220535,0,0,0,0,0,5,green
340,124,e0,692.67093112,93.5898046664,0,0,0,0,0,5,yellow
340,130,e0,932.818220491,92.1650554595,0,0,0,0,0,5,yellow
340,138,e0,599.154539821,93.8444685573,0,0,0,0,0,5,yellow
340,75,food,836.794879519,486.715383671,0,0,0,0,0,5,green
340,47,food,332.412188072,156.0178505,0,0,0,0,0,5,green
340,16,psm,567.826694761,278.190580233,0,0,0,0,0,10,red
340,45,food,630.20433813,336.235253023,0,0,0,0,0,5,green
340,171,e0,853.036859594,255.737393761,0,0,0,0,0,5,yellow
340,173,e0,917.123713864,357.795872823,0,0,0,0,0,5,yellow
340,20,food,834.28240953,503.729516674,0,0,0,0,0,5,green
340,77,food,747.78473278,77.2006731199,0,0,0,0,0,5,green
340,82,food,478.152104513,378.985563846,0,0,0,0,0,5,green
340,48,food,812.59737736,343.696942475,0,0,0,0,0,5,green
340,156,e0,542.585198518,354.646072513,0,0,0,0,0,5,yellow
340,160,e0,628.355572462,226.794644461,0,0,0,0,0,5,yellow
340,104,food,799.847720798,62.3613598877,0,0,0,0,0,5,green
340,139,e0,879.80293421,75.9135236839,0,0,0,0,0,5,yellow
340,119,food,826.974990442,430.722927036,0,0,0,0,0,5,green
340,136,e0,64.0984771589,112.022536234,0,0,0,0,0,5,yellow
340,137,e0,532.746576296,434.981430065,0,0,0,0,0,5,yellow
340,169,e0,220.79119147,257.329973985,0,0,0,0,0,5,yellow
340,216,e0,696.573295214,552.362132322,0,0,0,0,0,5,yellow
340,122,e0,768.599420892,420.605586059,0,0,0,0,0,5,yellow
340,142,e0,545.948399792,372.879585687,0,0,0,0,0,5,yellow
340,12,psm,290.590981515,485.186880342,0,0,0,0,0,10,red
340,59,food,405.294264623,111.889565544,0,0,0,0,0,5,green
340,182,e0,946.084439004,245.548843055,0,0,0,0,0,5,yellow
340,115,food,743.99167004,254.838859682,0,0,0,0,0,5,green
340,144,e0,452.914033679,539.625879902,0,0,0,0,0,5,yellow
340,110,food,481.348047095,474.015463859,0,0,0,0,0,5,green
340,72,food,431.856470853,81.2315143264,0,0,0,0,0,5,green
340,73,food,787.931950096,537.189752866,0,0,0,0,0,5,green
340,98,food,536.287824991,330.173400137,0,0,0,0,0,5,green
340,24,food,747.26733155,85.5766331586,0,0,0,0,0,5,green
340,193,e0,801.733407024,86.8013266896,0,0,0,0,0,5,yellow
340,212,e0,233.226280111,372.197291781,0,0,0,0,0,5,yellow
340,86,food,416.515926263,372.31543988,0,0,0,0,0,5,green
340,87,food,858.580495651,208.373631844,0,0,0,0,0,5,green
340,95,food,936.467568235,294.799981703,0,0,0,0,0,5,green
340,2,psm,481.937488433,331.908295661,0,0,0,0,0,10,red
340,40,food,457.803426346,252.197690636,0,0,0,0,0,5,green
340,206,e0,180.134943448,239.272206481,0,0,0,0,0,5,yellow
340,177,e0,361.685099571,264.361967956,0,0,0,0,0,5,yellow
340,60,food,776.215621032,489.447388292,0,0,0,0,0,5,green
340,155,e0,205.36966343,268.0490576,0,0,0,0,0,5,yellow
340,185,e0,98.0081885758,246.395346184,0,0,0,0,0,5,yellow
340,50,food,455.853522274,191.947574534,0,0,0,0,0,5,green
340,56,food,700.343116951,37.7069391524,0,0,0,0,0,5,green
340,28,food,102.72222446,330.843341224,0,0,0,0,0,5,green
340,65,food,853.184482574,380.059286407,0,0,0,0,0,5,green
340,195,e0,442.032375197,341.934898651,0,0,0,0,0,5,yellow
340,84,food,175.271158788,160.02352253,0,0,0,0,0,5,green
340,14,psm,186.418893764,320.080310833,0,0,0,0,0,10,red
340,62,food,59.985166245,61.1288358284,0,0,0,0,0,5,green
340,120,e0,314.433890487,108.051015676,0,0,0,0,0,5,yellow
340,11,psm,360.528181196,449.7619531,0,0,0,0,0,10,red
340,22,food,864.362553637,339.812656458,0,0,0,0,0,5,green
340,78,food,512.601533751,281.71829066,0,0,0,0,0,5,green
340,209,e0,783.721861471,438.36501215,0,0,0,0,0,5,yellow
340,15,psm,752.548049981,315.699159831,0,0,0,0,0,10,red
340,196,e0,226.172138315,203.230393983,0,0,0,0,0,5,yellow
340,29,food,657.518916174,58.1613368769,0,0,0,0,0,5,green
340,128,e0,61.4080708307,229.441830803,0,0,0,0,0,5,yellow
340,6,psm,477.539675928,140.326976664,0,0,0,0,0,10,red
340,106,food,179.57941554,545.296628891,0,0,0,0,0,5,green
340,175,e0,617.716702007,133.535769388,0,0,0,0,0,5,yellow
340,200,e0,516.006687454,482.726641542,0,0,0,0,0,5,yellow
340,161,e0,477.924040767,400.569982592,0,0,0,0,0,5,yellow
340,94,food,348.759311877,131.616610171,0,0,0,0,0,5,green
340,117,food,489.333292744,500.599394133,0,0,0,0,0,5,green
340,9,psm,676.045654763,258.911038187,0,0,0,0,0,10,red
340,217,e0,702.86473233,379.787346007,0,0,0,0,0,5,yellow
340,105,food,492.798161652,481.435248211,0,0,0,0,0,5,green
340,201,e0,155.707503075,419.272757795,0,0,0,0,0,5,yellow
350,145,e0,621.822838415,356.975682689,0,0,0,0,0,5,yellow
350,180,e0,324.433816016,88.7289651503,0,0,0,0,0,5,yellow
350,165,e0,640.693493634,363.124285274,0,0,0,0,0,5,yellow
350,211,e0,468.636367827,231.585569999,0,0,0,0,0,5,yellow
350,8,psm,307.077841433,425.787428161,0,0,0,0,0,10,red
350,205,e0,560.66068332,155.886655122,0,0,0,0,0,5,yellow
350,219,e0,127.076419997,61.5934690895,0,0,0,0,0,5,yellow
350,184,e0,288.453052505,272.216734272,0,0,0,0,0,5,yellow
350,92,food,164.36281932,78.8487987314,0,0,0,0,0,5,green
350,215,e0,810.688211393,243.571865213,0,0,0,0,0,5,yellow
350,63,food,951.679012475,499.344310252,0,0,0,0,0,5,green
350,49,food,656.139485783,202.864981034,0,0,0,0,0,5,green
350,162,e0,139.338479049,173.537794575,0,0,0,0,0,5,yellow
350,174,e0,282.29932882,147.762739869,0,0,0,0,0,5,yellow
350,188,e0,734.640302218,38.7589435723,0,0,0,0,0,5,yellow
350,190,e0,950.103026522,330.633545575,0,0,0,0,0,5,yellow
350,76,food,938.529071295,333.205035167,0,0,0,0,0,5,green
350,18,psm,590.206100206,366.311220535,0,0,0,0,0,10,red
350,121,e0,887.485242963,465.806303313,0,0,0,0,0,5,yellow
350,132,e0,597.817170206,166.773307918,0,0,0,0,0,5,yellow
350,108,food,33.0041837961,359.134572483,0,0,0,0,0,5,green
350,197,e0,561.462237924,153.416169742,0,0,0,0,0,5,yellow
350,127,e0,276.566153049,362.274121052,0,0,0,0,0,5,yellow
350,170,e0,402.699761683,394.57410374,0,0,0,0,0,5,yellow
350,135,e0,353.908407196,274.067113813,0,0,0,0,0,5,yellow
350,159,e0,710.107480982,208.110529716,0,0,0,0,0,5,yellow
350,85,food,230.236907208,541.325579433,0,0,0,0,0,5,green
350,66,food,274.016127974,332.096545025,0,0,0,0,0,5,green
350,107,food,349.418629053,68.9238294512,0,0,0,0,0,5,green
350,147,e0,709.243957269,336.378754926,0,0,0,0,0,5,yellow
350,158,e0,281.816336017,224.277004612,0,0,0,0,0,5,yellow
350,39,food,255.983790289,390.024229262,0,0,0,0,0,5,green
350,70,food,512.413350104,155.424860545,0,0,0,0,0,5,green
350,34,food,270.598073358,399.869083897,0,0,0,0,0,5,green
350,100,food,818.517126187,381.773705878,0,0,0,0,0,5,green
350,31,food,128.074034845,74.4921153777,0,0,0,0,0,5,green
350,17,psm,564.581686529,216.438340819,0,0,0,0,0,10,red
350,114,food,825.929610618,295.577830638,0,0,0,0,0,5,green
350,46,food,431.299692832,417.599096881,0,0,0,0,0,5,green
350,172,e0,811.071779575,251.132900455,0,0,0,0,0,5,yellow
350,97,food,975.888599667,433.804012389,0,0,0,0,0,5,green
350,126,e0,830.212273,78.198790899,0,0,0,0,0,5,yellow
350,55,food,413.96170683,430.061315526,0,0,0,0,0,5,green
350,83,food,281.12933671,64.7411672274,0,0,0,0,0,5,green
350,88,food,621.335291805,120.969578109,0,0,0,0,0,5,green
350,203,e0,234.169001437,281.959680395,0,0,0,0,0,5,yellow
350,10,psm,98.9381756849,294.127633727,0,0,0,0,0,10,red
350,143,e0,380.956591388,459.244451965,0,0,0,0,0,5,yellow
350,198,e0,721.314040707,103.179428982,0,0,0,0,0,5,yellow
350,3,psm,322.26041382,404.071378141,0,0,0,0,0,10,red
350,41,food,362.703884117,249.606194933,0,0,0,0,0,5,green
350,150,e0,157.518875667,514.903337014,0,0,0,0,0,5,yellow
350,0,psm,775.390408771,406.125884765,0,0,0,0,0,10,red
350,141,e0,499.954815363,495.992320652,0,0,0,0,0,5,yellow
350,61,food,661.138887178,192.878361731,0,0,0,0,0,5,green
350,103,food,122.977814454,406.457945573,0,0,0,0,0,5,green
350,69,food,283.012767712,223.806417463,0,0,0,0,0,5,green
350,140,e0,688.189905892,243.692431889,0,0,0,0,0,5,yellow
350,146,e0,709.599809016,379.218938897,0,0,0,0,0,5,yellow
350,1,psm,507.356106312,259.665330851,0,0,0,0,0,10,red
350,153,e0,612.712168077,48.110787118,0,0,0,0,0,5,yellow
350,194,e0,196.539969073,468.860852635,0,0,0,0,0,5,yellow
350,71,food,534.61050957,111.777850213,0,0,0,0,0,5,green
350,168,e0,302.516858837,132.326437721,0,0,0,0,0,5,yellow
350,26,food,165.429944111,127.784191624,0,0,0,0,0,5,green
350,42,food,557.1190735,21.5538125502,0,0,0,0,0,5,green
350,67,food,323.741840859,432.73847985,0,0,0,0,0,5,green
350,38,food,112.341916737,358.371810109,0,0,0,0,0,5,green
350,129,e0,856.155156655,143.298089507,0,0,0,0,0,5,yellow
350,187,e0,353.870198187,496.68407635,0,0,0,0,0,5,yellow
350,80,food,257.663755623,439.637338693,0,0,0,0,0,5,green
350,124,e0,691.478891831,91.9963629135,0,0,0,0,0,5,yellow
350,130,e0,933.495866843,90.2930814713,0,0,0,0,0,5,yellow
350,138,e0,598.32004544,92.0385167668,0,0,0,0,0,5,yellow
350,75,food,835.944265155,484.932728604,0,0,0,0,0,5,green
350,47,food,332.827412217,154.100721006,0,0,0,0,0,5,green
350,16,psm,567.733810053,278.328808909,0,0,0,0,0,10,red
350,45,food,631.771534886,335.00192936,0,0,0,0,0,5,green
350,171,e0,851.084273584,256.134521321,0,0,0,0,0,5,yellow
350,173,e0,919.021169893,357.19037459,0,0,0,0,0,5,yellow
350,20,food,832.313715407,503.968045653,0,0,0,0,0,5,green
350,77,food,749.368600101,78.3982192811,0,0,0,0,0,5,green
350,82,food,480.088105951,378.502934524,0,0,0,0,0,5,green
350,48,food,811.385454699,345.255769655,0,0,0,0,0,5,green
350,156,e0,540.647454291,355.082452262,0,0,0,0,0,5,yellow
350,160,e0,626.828319099,225.513060195,0,0,0,0,0,5,yellow
350,104,food,797.913133395,61.8861332926,0,0,0,0,0,5,green
350,139,e0,878.439759458,74.4819227878,0,0,0,0,0,5,yellow
350,119,food,825.262491841,431.735874038,0,0,0,0,0,5,green
350,136,e0,64.8747592863,113.851681842,0,0,0,0,0,5,yellow
350,137,e0,530.796427526,434.700948674,0,0,0,0,0,5,yellow
350,169,e0,222.559052589,256.458140352,0,0,0,0,0,5,yellow
350,216,e0,696.291973176,554.313263821,0,0,0,0,0,5,yellow
350,122,e0,770.542147572,420.806023226,0,0,0,0,0,5,yellow
350,142,e0,544.343681755,371.700955012,0,0,0,0,0,5,yellow
350,12,psm,290.470763431,485.071597165,0,0,0,0,0,10,red
350,59,food,406.059994674,113.687401012,0,0,0,0,0,5,green
350,182,e0,948.042296616,245.641026975,0,0,0,0,0,5,yellow
350,115,food,743.138030489,253.06858005,0,0,0,0,0,5,green
350,144,e0,451.954504011,541.35107544,0,0,0,0,0,5,yellow
350,110,food,481.397025644,472.035507355,0,0,0,0,0,5,green
350,72,food,432.749840253,79.4554050602,0,0,0,0,0,5,green
350,73,food,786.117640111,536.378155084,0,0,0,0,0,5,green
350,98,food,536.346963593,328.185462207,0,0,0,0,0,5,green
350,24,food,745.270558798,85.6114933354,0,0,0,0,0,5,green
350,193,e0,801.907149706,88.7284627114,0,0,0,0,0,5,yellow
350,212,e0,231.306603904,372.689721667,0,0,0,0,0,5,yellow
350,86,food,416.333577612,370.346701423,0,0,0,0,0,5,green
350,87,food,856.699656276,207.754547649,0,0,0,0,0,5,green
350,95,food,937.621553265,293.188419805,0,0,0,0,0,5,green
350,2,psm,481.999633534,331.753705608,0,0,0,0,0,10,red
350,40,food,456.041491999,251.272744327,0,0,0,0,0,5,green
350,206,e0,181.561090739,237.90999077,0,0,0,0,0,5,yellow
350,177,e0,361.138652107,262.443473314,0,0,0,0,0,5,yellow
350,60,food,778.033054665,490.260366398,0,0,0,0,0,5,green
350,155,e0,207.22679129,268.713974007,0,0,0,0,0,5,yellow
350,185,e0,99.1882240945,247.996239276,0,0,0,0,0,5,yellow
350,50,food,455.78080122,193.933331961,0,0,0,0,0,5,green
350,56,food,700.619404088,35.7432813986,0,0,0,0,0,5,green
350,28,food,103.743167749,329.248673268,0,0,0,0,0,5,green
350,65,food,851.250627361,380.506180197,0,0,0,0,0,5,green
350,195,e0,441.690162325,343.895681193,0,0,0,0,0,5,yellow
350,84,food,173.588479404,161.08711001,0,0,0,0,0,5,green
350,14,psm,186.28651638,319.979100578,0,0,0,0,0,10,red
350,62,food,57.9971930149,61.1772148696,0,0,0,0,0,5,green
350,120,e0,312.469295263,107.701008446,0,0,0,0,0,5,yellow
350,11,psm,360.658227309,449.865768079,0,0,0,0,0,10,red
350,22,food,865.432895882,338.138751313,0,0,0,0,0,5,green
350,78,food,512.050499292,283.628590036,0,0,0,0,0,5,green
350,209,e0,782.485452784,439.930532934,0,0,0,0,0,5,yellow
350,15,psm,752.662293724,315.577927401,0,0,0,0,0,10,red
350,196,e0,225.896594722,205.192183267,0,0,0,0,0,5,yellow
350,29,food,655.778738683,57.1926237101,0,0,0,0,0,5,green
350,128,e0,63.0070568608,228.258517904,0,0,0,0,0,5,yellow
350,6,psm,477.427388268,140.449946459,0,0,0,0,0,10,red
350,106,food,177.634029158,545.001642573,0,0,0,0,0,5,green
350,175,e0,615.740286023,133.268566934,0,0,0,0,0,5,yellow
350,200,e0,516.983886595,484.452754744,0,0,0,0,0,5,yellow
350,161,e0,477.760878398,402.556908955,0,0,0,0,0,5,yellow
350,94,food,350.386334788,132.772869339,0,0,0,0,0,5,green
350,117,food,491.303021912,500.287434722,0,0,0,0,0,5,green
350,9,psm,676.111019167,258.7577926,0,0,0,0,0,10,red
350,217,e0,702.417633126,381.725513413,0,0,0,0,0,5,yellow
350,105,food,492.618824476,479.466256769,0,0,0,0,0,5,green
350,201,e0,154.239984376,420.622227593,0,0,0,0,0,5,yellow
350,181,e0,639.616793954,118.113038899,0,0,0,0,0,5,yellow
350,111,food,620.200898435,220.323586855,0,0,0,0,0,5,green
350,113,food,771.245320565,507.710277015,0,0,0,0,0,5,green
350,5,psm,348.098987551,391.910870494,0,0,0,0,0,10,red
350,27,food,785.1,100.173205081,0,0,0,0,0,5,green
360,145,e0,622.1688983,358.936936188,0,0,0,0,0,5,yellow
360,180,e0,326.198260878,87.9406939857,0,0,0,0,0,5,yellow
360,165,e0,640.015635558,361.298620807,0,0,0,0,0,5,yellow
360,211,e0,467.237279486,232.994120508,0,0,0,0,0,5,yellow
360,8,psm,307.230994252,425.853069567,0,0,0,0,0,10,red
360,205,e0,562.59866696,155.547977013,0,0,0,0,0,5,yellow
360,219,e0,127.56721127,59.6831026757,0,0,0,0,0,5,yellow
360,184,e0,288.453075857,270.221420049,0,0,0,0,0,5,yellow
360,92,food,166.315811392,78.4801714008,0,0,0,0,0,5,green
360,215,e0,812.666095411,243.790263478,0,0,0,0,0,5,yellow
360,63,food,953.281170573,498.180453068,0,0,0,0,0,5,green
360,49,food,654.809292951,201.428268019,0,0,0,0,0,5,green
360,162,e0,138.531053189,171.715837792,0,0,0,0,0,5,yellow
360,174,e0,283.649395645,149.225752776,0,0,0,0,0,5,yellow
360,188,e0,734.91774106,36.8057409674,0,0,0,0,0,5,yellow
360,190,e0,950.668565065,332.494307066,0,0,0,0,0,5,yellow
360,76,food,936.542173358,333.145836254,0,0,0,0,0,5,green
360,18,psm,590.371747583,366.329215995,0,0,0,0,0,10,red
360,121,e0,889.222058136,464.831778055,0,0,0,0,0,5,yellow
360,132,e0,595.849286261,166.461739602,0,0,0,0,0,5,yellow
360,108,food,32.0674537336,357.380678276,0,0,0,0,0,5,green
360,197,e0,560.274675092,151.822736607,0,0,0,0,0,5,yellow
360,127,e0,276.86045643,360.304026348,0,0,0,0,0,5,yellow
360,170,e0,401.187586723,395.860815948,0,0,0,0,0,5,yellow
360,135,e0,353.768350991,276.033919542,0,0,0,0,0,5,yellow
360,159,e0,711.339559809,206.644928239,0,0,0,0,0,5,yellow
360,85,food,231.509367608,539.825283036,0,0,0,0,0,5,green
360,66,food,275.512493974,330.777298096,0,0,0,0,0,5,green
360,107,food,347.436802838,68.8165761336,0,0,0,0,0,5,green
360,147,e0,708.484762008,334.53648717,0,0,0,0,0,5,yellow
360,158,e0,283.433974416,225.443694214,0,0,0,0,0,5,yellow
360,39,food,257.228061408,391.577675072,0,0,0,0,0,5,green
360,70,food,513.94393424,154.145298446,0,0,0,0,0,5,green
360,34,food,272.16431263,398.64547774,0,0,0,0,0,5,green
360,100,food,820.388579736,381.099878563,0,0,0,0,0,5,green
360,31,food,129.958475961,73.8683164182,0,0,0,0,0,5,green
360,17,psm,564.689673328,216.311457514,0,0,0,0,0,10,red
360,114,food,827.919219139,295.535904807,0,0,0,0,0,5,green
360,46,food,433.271833246,417.837877901,0,0,0,0,0,5,green
360,172,e0,811.882397318,249.319668325,0,0,0,0,0,5,yellow
360,97,food,974.2439366,434.925820075,0,0,0,0,0,5,green
360,126,e0,832.011153864,77.3484916665,0,0,0,0,0,5,yellow
360,55,food,414.931341715,431.803280716,0,0,0,0,0,5,green
360,83,food,282.821286598,65.7742162399,0,0,0,0,0,5,green
360,88,food,620.046714113,119.460671077,0,0,0,0,0,5,green
360,203,e0,233.746006709,280.019043341,0,0,0,0,0,5,yellow
360,10,psm,98.7716257652,294.127052512,0,0,0,0,0,10,red
360,143,e0,379.279532416,460.2971232,0,0,0,0,0,5,yellow
360,198,e0,720.646386496,105.03559426,0,0,0,0,0,5,yellow
360,3,psm,322.243284608,404.237134427,0,0,0,0,0,10,red
360,41,food,363.121725719,251.556125614,0,0,0,0,0,5,green
360,150,e0,156.946458193,512.996019545,0,0,0,0,0,5,yellow
360,0,psm,775.524052881,406.225135752,0,0,0,0,0,10,red
360,141,e0,501.679876042,496.984166168,0,0,0,0,0,5,yellow
360,61,food,662.972552589,192.14480064,0,0,0,0,0,5,green
360,103,food,123.116503635,408.440154258,0,0,0,0,0,5,green
360,69,food,282.486496403,221.882644764,0,0,0,0,0,5,green
360,140,e0,686.217348561,243.858204114,0,0,0,0,0,5,yellow
360,146,e0,711.586119192,379.249735438,0,0,0,0,0,5,yellow
360,1,psm,507.191139767,259.688808761,0,0,0,0,0,10,red
360,153,e0,611.859958348,46.3078342545,0,0,0,0,0,5,yellow
360,194,e0,198.097424429,467.617719606,0,0,0,0,0,5,yellow
360,71,food,536.564360664,112.129224409,0,0,0,0,0,5,green
360,168,e0,303.817573424,133.823141054,0,0,0,0,0,5,yellow
360,26,food,167.165170768,126.802408592,0,0,0,0,0,5,green
360,42,food,556.291695697,19.7382093105,0,0,0,0,0,5,green
360,67,food,322.655837863,434.410834359,0,0,0,0,0,5,green
360,38,food,113.251052485,356.60321337,0,0,0,0,0,5,green
360,129,e0,857.600528196,141.931287188,0,0,0,0,0,5,yellow
360,187,e0,355.591028435,497.63494053,0,0,0,0,0,5,yellow
360,80,food,256.158536339,438.328924983,0,0,0,0,0,5,green
360,124,e0,689.923596641,90.7598703139,0,0,0,0,0,5,yellow
360,130,e0,934.233947813,88.4470029331,0,0,0,0,0,5,yellow
360,138,e0,597.343445624,90.3055943516,0,0,0,0,0,5,yellow
360,75,food,834.853992521,483.273463784,0,0,0,0,0,5,green
360,47,food,332.889405627,152.133785431,0,0,0,0,0,5,green
360,16,psm,567.66036775,278.478061084,0,0,0,0,0,10,red
360,45,food,633.283166662,333.719594929,0,0,0,0,0,5,green
360,171,e0,849.111058989,255.898587343,0,0,0,0,0,5,yellow
360,173,e0,920.875646864,357.547704342,0,0,0,0,0,5,yellow
360,20,food,830.35699089,503.636852146,0,0,0,0,0,5,green
360,77,food,750.669099964,79.9000731508,0,0,0,0,0,5,green
360,82,food,482.061600417,378.271250002,0,0,0,0,0,5,green
360,48,food,809.918496217,346.571655203,0,0,0,0,0,5,green
360,156,e0,538.655331555,354.995483347,0,0,0,0,0,5,yellow
360,160,e0,625.535337808,224.009087456,0,0,0,0,0,5,yellow
360,104,food,796.282019217,60.7438801293,0,0,0,0,0,5,green
360,139,e0,876.591899254,73.8109603779,0,0,0,0,0,5,yellow
360,119,food,823.505694714,432.646257012,0,0,0,0,0,5,green
360,136,e0,65.340586465,115.792091725,0,0,0,0,0,5,yellow
360,137,e0,529.172347713,433.542449007,0,0,0,0,0,5,yellow
360,169,e0,224.204355295,255.335884792,0,0,0,0,0,5,yellow
360,216,e0,695.744107393,556.203068687,0,0,0,0,0,5,yellow
360,122,e0,772.364090422,421.572135354,0,0,0,0,0,5,yellow
360,142,e0,542.800372863,370.498630486,0,0,0,0,0,5,yellow
360,12,psm,290.349338554,484.957570955,0,0,0,0,0,10,red
360,59,food,407.248151627,115.242644182,0,0,0,0,0,5,green
360,182,e0,949.946755564,246.182762181,0,0,0,0,0,5,yellow
360,115,food,741.874336505,251.529879839,0,0,0,0,0,5,green
360,144,e0,450.756803806,542.934726772,0,0,0,0,0,5,yellow
360,110,food,481.220878181,470.075741143,0,0,0,0,0,5,green
360,72,food,434.120061283,78.0320087901,0,0,0,0,0,5,green
360,73,food,784.21264809,535.788479507,0,0,0,0,0,5,green
360,98,food,535.864472655,326.250612474,0,0,0,0,0,5,green
360,24,food,743.340159493,85.1656372114,0,0,0,0,0,5,green
360,193,e0,802.077152936,90.7099191717,0,0,0,0,0,5,yellow
360,212,e0,229.400165782,373.093088967,0,0,0,0,0,5,yellow
360,86,food,415.531940153,368.529762811,0,0,0,0,0,5,green
360,87,food,854.72145538,207.782401548,0,0,0,0,0,5,green
360,95,food,938.630296213,291.469283195,0,0,0,0,0,5,green
360,2,psm,482.043594849,331.593009924,0,0,0,0,0,10,red
360,40,food,454.263373467,250.370588893,0,0,0,0,0,5,green
360,206,e0,182.820786139,236.417143951,0,0,0,0,0,5,yellow
360,177,e0,360.179506936,260.698653612,0,0,0,0,0,5,yellow
360,60,food,779.838400079,491.113773784,0,0,0,0,0,5,green
360,155,e0,209.180874257,268.628620233,0,0,0,0,0,5,yellow
360,185,e0,99.6152316616,249.919239431,0,0,0,0,0,5,yellow
360,50,food,454.957562471,195.737783932,0,0,0,0,0,5,green
360,56,food,700.88574553,33.8034734971,0,0,0,0,0,5,green
360,28,food,103.257035857,327.326502986,0,0,0,0,0,5,green
360,65,food,849.25957223,380.387774745,0,0,0,0,0,5,green
360,195,e0,441.443564725,345.875669044,0,0,0,0,0,5,yellow
360,84,food,172.010328954,162.306857699,0,0,0,0,0,5,green
360,14,psm,186.143581947,319.893555215,0,0,0,0,0,10,red
360,62,food,56.137495297,60.4558070766,0,0,0,0,0,5,green
360,120,e0,310.524191828,107.269835628,0,0,0,0,0,5,yellow
360,11,psm,360.800029045,449.953006387,0,0,0,0,0,10,red
360,22,food,865.924741099,336.226508899,0,0,0,0,0,5,green
360,78,food,511.55145384,285.544678647,0,0,0,0,0,5,green
360,209,e0,781.206972375,441.459327746,0,0,0,0,0,5,yellow
360,15,psm,752.770739082,315.451402369,0,0,0,0,0,10,red
360,196,e0,225.46467028,207.140419415,0,0,0,0,0,5,yellow
360,29,food,654.475219391,55.6880977554,0,0,0,0,0,5,green
360,128,e0,64.2648378306,226.710928612,0,0,0,0,0,5,yellow
360,6,psm,477.322979128,140.579805274,0,0,0,0,0,10,red
360,106,food,175.813383981,544.202322667,0,0,0,0,0,5,green
360,175,e0,613.803721385,133.698127466,0,0,0,0,0,5,yellow
360,200,e0,517.756659816,486.271813233,0,0,0,0,0,5,yellow
360,161,e0,477.377776747,404.507220285,0,0,0,0,0,5,yellow
360,94,food,351.580645165,134.363658859,0,0,0,0,0,5,green
360,117,food,493.219990463,499.78115012,0,0,0,0,0,5,green
360,9,psm,676.154054039,258.597197953,0,0,0,0,0,10,red
360,217,e0,701.51169052,383.482125105,0,0,0,0,0,5,yellow
360,105,food,492.825848118,477.499113323,0,0,0,0,0,5,green
360,201,e0,152.851086233,422.040788253,0,0,0,0,0,5,yellow
360,181,e0,640.62772904,116.424073058,0,0,0,0,0,5,yellow
360,111,food,621.079480036,222.109178767,0,0,0,0,0,5,green
360,113,food,772.933961051,506.650847551,0,0,0,0,0,5,green
360,5,psm,348.217815026,391.794099804,0,0,0,0,0,10,red
360,27,food,785.074538107,102.142130828,0,0,0,0,0,5,green
360,64,food,723.630393286,400.297458593,0,0,0,0,0,5,green
0,0,0,0,0,0,0,0,0,0,0,0
